18:21:59.244 priority="6" "Thread-2" [INFO ] SerialPort 850386504 sc setByte:0
18:21:59.247 priority="6" "Thread-2" [INFO ] SerialPort 850386504 sb setByte:128
18:21:59.247 priority="6" "Thread-2" [INFO ] SerialPort 850386504 sc setByte:128
18:21:59.273 priority="6" "Thread-4" [INFO ] SerialPort 656618167 sc setByte:0
18:21:59.274 priority="6" "Thread-4" [INFO ] SerialPort 656618167 sb setByte:128
18:21:59.274 priority="6" "Thread-4" [INFO ] SerialPort 656618167 sc setByte:128
18:21:59.324 priority="6" "Thread-2" [INFO ] SerialPort 850386504 sc getByte:128
18:21:59.332 priority="6" "Thread-4" [INFO ] SerialPort 656618167 sc getByte:128
18:21:59.370 priority="6" "Thread-2" [INFO ] SerialPort 850386504 sc getByte:128
18:21:59.396 priority="6" "Thread-4" [INFO ] SerialPort 656618167 sc getByte:128
18:21:59.416 priority="6" "Thread-2" [INFO ] SerialPort 850386504 sc getByte:128
18:21:59.452 priority="6" "Thread-4" [INFO ] SerialPort 656618167 sc getByte:128
18:21:59.465 priority="6" "Thread-2" [INFO ] SerialPort 850386504 sc getByte:128
18:21:59.499 priority="6" "Thread-4" [INFO ] SerialPort 656618167 sc getByte:128
18:21:59.509 priority="6" "Thread-2" [INFO ] SerialPort 850386504 sc getByte:128
18:21:59.542 priority="6" "Thread-4" [INFO ] SerialPort 656618167 sc getByte:128
18:21:59.561 priority="6" "Thread-2" [INFO ] SerialPort 850386504 sc getByte:128
18:21:59.573 priority="6" "Thread-4" [INFO ] SerialPort 656618167 sc getByte:128
18:21:59.600 priority="6" "Thread-4" [INFO ] SerialPort 656618167 sc getByte:128
18:21:59.600 priority="6" "Thread-2" [INFO ] SerialPort 850386504 sc getByte:128
18:21:59.625 priority="6" "Thread-4" [INFO ] SerialPort 656618167 sc getByte:128
18:21:59.636 priority="6" "Thread-2" [INFO ] SerialPort 850386504 sc getByte:128
18:21:59.654 priority="6" "Thread-4" [INFO ] SerialPort 656618167 sc getByte:128
18:21:59.674 priority="6" "Thread-2" [INFO ] SerialPort 850386504 sc getByte:128
18:21:59.682 priority="6" "Thread-4" [INFO ] SerialPort 656618167 sc getByte:128
18:21:59.703 priority="6" "Thread-2" [INFO ] SerialPort 850386504 sc getByte:128
18:21:59.717 priority="6" "Thread-4" [INFO ] SerialPort 656618167 sc getByte:128
18:21:59.738 priority="6" "Thread-2" [INFO ] SerialPort 850386504 sc getByte:128
18:21:59.756 priority="6" "Thread-4" [INFO ] SerialPort 656618167 sc getByte:128
18:21:59.767 priority="6" "Thread-2" [INFO ] SerialPort 850386504 sc getByte:128
18:21:59.787 priority="6" "Thread-4" [INFO ] SerialPort 656618167 sc getByte:128
18:21:59.796 priority="6" "Thread-2" [INFO ] SerialPort 850386504 sc getByte:128
18:21:59.816 priority="6" "Thread-4" [INFO ] SerialPort 656618167 sc getByte:128
18:21:59.822 priority="6" "Thread-2" [INFO ] SerialPort 850386504 sc getByte:128
18:21:59.852 priority="6" "Thread-4" [INFO ] SerialPort 656618167 sc getByte:128
18:21:59.901 priority="6" "Thread-4" [INFO ] SerialPort 656618167 sc getByte:128
18:21:59.903 priority="6" "Thread-2" [INFO ] SerialPort 850386504 sc getByte:128
18:21:59.948 priority="6" "Thread-4" [INFO ] SerialPort 656618167 sc getByte:128
18:21:59.955 priority="6" "Thread-2" [INFO ] SerialPort 850386504 sc getByte:128
18:21:59.999 priority="6" "Thread-2" [INFO ] SerialPort 850386504 sc getByte:128
18:21:59.999 priority="6" "Thread-4" [INFO ] SerialPort 656618167 sc getByte:128
18:22:00.051 priority="6" "Thread-4" [INFO ] SerialPort 656618167 sc getByte:128
18:22:00.097 priority="6" "Thread-2" [INFO ] SerialPort 850386504 sc getByte:128
18:22:00.105 priority="6" "Thread-4" [INFO ] SerialPort 656618167 sc getByte:128
18:22:00.162 priority="6" "Thread-4" [INFO ] SerialPort 656618167 sc getByte:128
18:22:00.167 priority="6" "Thread-2" [INFO ] SerialPort 850386504 sc getByte:128
18:22:00.204 priority="6" "Thread-2" [INFO ] SerialPort 850386504 sc getByte:128
18:22:00.217 priority="6" "Thread-4" [INFO ] SerialPort 656618167 sc getByte:128
18:22:00.253 priority="6" "Thread-2" [INFO ] SerialPort 850386504 sc getByte:128
18:22:00.256 priority="6" "Thread-4" [INFO ] SerialPort 656618167 sc getByte:128
18:22:00.303 priority="6" "Thread-2" [INFO ] SerialPort 850386504 sc getByte:128
18:22:00.311 priority="6" "Thread-4" [INFO ] SerialPort 656618167 sc getByte:128
18:22:00.338 priority="6" "Thread-2" [INFO ] SerialPort 850386504 sc getByte:128
18:22:00.341 priority="6" "Thread-4" [INFO ] SerialPort 656618167 sc getByte:128
18:22:00.358 priority="6" "Thread-2" [INFO ] SerialPort 850386504 sc getByte:128
18:22:00.368 priority="6" "Thread-4" [INFO ] SerialPort 656618167 sc getByte:128
18:22:00.380 priority="6" "Thread-2" [INFO ] SerialPort 850386504 sc getByte:128
18:22:00.386 priority="6" "Thread-4" [INFO ] SerialPort 656618167 sc getByte:128
18:22:00.404 priority="6" "Thread-4" [INFO ] SerialPort 656618167 sc getByte:128
18:22:00.406 priority="6" "Thread-2" [INFO ] SerialPort 850386504 sc getByte:128
18:22:00.427 priority="6" "Thread-4" [INFO ] SerialPort 656618167 sc getByte:128
18:22:00.429 priority="6" "Thread-2" [INFO ] SerialPort 850386504 sc getByte:128
18:22:00.444 priority="6" "Thread-4" [INFO ] SerialPort 656618167 sc getByte:128
18:22:00.451 priority="6" "Thread-2" [INFO ] SerialPort 850386504 sc getByte:128
18:22:00.469 priority="6" "Thread-2" [INFO ] SerialPort 850386504 sc getByte:128
18:22:00.481 priority="6" "Thread-4" [INFO ] SerialPort 656618167 sc getByte:128
18:22:00.488 priority="6" "Thread-2" [INFO ] SerialPort 850386504 sc getByte:128
18:22:00.507 priority="6" "Thread-2" [INFO ] SerialPort 850386504 sc getByte:128
18:22:00.514 priority="6" "Thread-4" [INFO ] SerialPort 656618167 sc getByte:128
18:22:00.526 priority="6" "Thread-2" [INFO ] SerialPort 850386504 sc getByte:128
18:22:00.538 priority="6" "Thread-4" [INFO ] SerialPort 656618167 sc getByte:128
18:22:00.601 priority="6" "Thread-2" [INFO ] SerialPort 850386504 sc getByte:128
18:22:00.625 priority="6" "Thread-2" [INFO ] SerialPort 850386504 sc getByte:128
18:22:00.628 priority="6" "Thread-4" [INFO ] SerialPort 656618167 sc getByte:128
18:22:00.644 priority="6" "Thread-2" [INFO ] SerialPort 850386504 sc getByte:128
18:22:00.658 priority="6" "Thread-4" [INFO ] SerialPort 656618167 sc getByte:128
18:22:00.664 priority="6" "Thread-2" [INFO ] SerialPort 850386504 sc getByte:128
18:22:00.685 priority="6" "Thread-2" [INFO ] SerialPort 850386504 sc getByte:128
18:22:00.693 priority="6" "Thread-4" [INFO ] SerialPort 656618167 sc getByte:128
18:22:00.704 priority="6" "Thread-2" [INFO ] SerialPort 850386504 sc getByte:128
18:22:00.714 priority="6" "Thread-4" [INFO ] SerialPort 656618167 sc getByte:128
18:22:00.722 priority="6" "Thread-2" [INFO ] SerialPort 850386504 sc getByte:128
18:22:00.730 priority="6" "Thread-4" [INFO ] SerialPort 656618167 sc getByte:128
18:22:00.740 priority="6" "Thread-2" [INFO ] SerialPort 850386504 sc getByte:128
18:22:00.746 priority="6" "Thread-4" [INFO ] SerialPort 656618167 sc getByte:128
18:22:00.758 priority="6" "Thread-2" [INFO ] SerialPort 850386504 sc getByte:128
18:22:00.759 priority="6" "Thread-4" [INFO ] SerialPort 656618167 sc getByte:128
18:22:00.774 priority="6" "Thread-4" [INFO ] SerialPort 656618167 sc getByte:128
18:22:00.777 priority="6" "Thread-2" [INFO ] SerialPort 850386504 sc getByte:128
18:22:00.788 priority="6" "Thread-4" [INFO ] SerialPort 656618167 sc getByte:128
18:22:00.794 priority="6" "Thread-2" [INFO ] SerialPort 850386504 sc getByte:128
18:22:00.803 priority="6" "Thread-4" [INFO ] SerialPort 656618167 sc getByte:128
18:22:00.811 priority="6" "Thread-2" [INFO ] SerialPort 850386504 sc getByte:128
18:22:00.821 priority="6" "Thread-4" [INFO ] SerialPort 656618167 sc getByte:128
18:22:00.830 priority="6" "Thread-2" [INFO ] SerialPort 850386504 sc getByte:128
18:22:00.839 priority="6" "Thread-4" [INFO ] SerialPort 656618167 sc getByte:128
18:22:00.847 priority="6" "Thread-2" [INFO ] SerialPort 850386504 sc getByte:128
18:22:00.862 priority="6" "Thread-4" [INFO ] SerialPort 656618167 sc getByte:128
18:22:00.866 priority="6" "Thread-2" [INFO ] SerialPort 850386504 sc getByte:128
18:22:00.881 priority="6" "Thread-4" [INFO ] SerialPort 656618167 sc getByte:128
18:22:00.882 priority="6" "Thread-2" [INFO ] SerialPort 850386504 sc getByte:128
18:22:00.897 priority="6" "Thread-2" [INFO ] SerialPort 850386504 sc getByte:128
18:22:00.899 priority="6" "Thread-4" [INFO ] SerialPort 656618167 sc getByte:128
18:22:00.909 priority="6" "Thread-2" [INFO ] SerialPort 850386504 sc getByte:128
18:22:00.916 priority="6" "Thread-4" [INFO ] SerialPort 656618167 sc getByte:128
18:22:00.922 priority="6" "Thread-2" [INFO ] SerialPort 850386504 sc getByte:128
18:22:00.934 priority="6" "Thread-4" [INFO ] SerialPort 656618167 sc getByte:128
18:22:00.934 priority="6" "Thread-2" [INFO ] SerialPort 850386504 sc getByte:128
18:22:00.945 priority="6" "Thread-2" [INFO ] SerialPort 850386504 sc getByte:128
18:22:00.951 priority="6" "Thread-4" [INFO ] SerialPort 656618167 sc getByte:128
18:22:00.957 priority="6" "Thread-2" [INFO ] SerialPort 850386504 sc getByte:128
18:22:00.969 priority="6" "Thread-4" [INFO ] SerialPort 656618167 sc getByte:128
18:22:00.970 priority="6" "Thread-2" [INFO ] SerialPort 850386504 sc getByte:128
18:22:00.980 priority="6" "Thread-2" [INFO ] SerialPort 850386504 sc getByte:128
18:22:00.986 priority="6" "Thread-4" [INFO ] SerialPort 656618167 sc getByte:128
18:22:00.991 priority="6" "Thread-2" [INFO ] SerialPort 850386504 sc getByte:128
18:22:01.003 priority="6" "Thread-2" [INFO ] SerialPort 850386504 sc getByte:128
18:22:01.004 priority="6" "Thread-4" [INFO ] SerialPort 656618167 sc getByte:128
18:22:01.020 priority="6" "Thread-2" [INFO ] SerialPort 850386504 sc getByte:128
18:22:01.021 priority="6" "Thread-4" [INFO ] SerialPort 656618167 sc getByte:128
18:22:01.038 priority="6" "Thread-4" [INFO ] SerialPort 656618167 sc getByte:128
18:22:01.040 priority="6" "Thread-2" [INFO ] SerialPort 850386504 sc getByte:128
18:22:01.055 priority="6" "Thread-2" [INFO ] SerialPort 850386504 sc getByte:128
18:22:01.055 priority="6" "Thread-4" [INFO ] SerialPort 656618167 sc getByte:128
18:22:01.065 priority="6" "Thread-2" [INFO ] SerialPort 850386504 sc getByte:128
18:22:01.073 priority="6" "Thread-4" [INFO ] SerialPort 656618167 sc getByte:128
18:22:01.077 priority="6" "Thread-2" [INFO ] SerialPort 850386504 sc getByte:128
18:22:01.088 priority="6" "Thread-2" [INFO ] SerialPort 850386504 sc getByte:128
18:22:01.090 priority="6" "Thread-4" [INFO ] SerialPort 656618167 sc getByte:128
18:22:01.104 priority="6" "Thread-2" [INFO ] SerialPort 850386504 sc getByte:128
18:22:01.111 priority="6" "Thread-4" [INFO ] SerialPort 656618167 sc getByte:128
18:22:01.119 priority="6" "Thread-2" [INFO ] SerialPort 850386504 sc getByte:128
18:22:01.129 priority="6" "Thread-4" [INFO ] SerialPort 656618167 sc getByte:128
18:22:01.131 priority="6" "Thread-2" [INFO ] SerialPort 850386504 sc getByte:128
18:22:01.142 priority="6" "Thread-2" [INFO ] SerialPort 850386504 sc getByte:128
18:22:01.147 priority="6" "Thread-4" [INFO ] SerialPort 656618167 sc getByte:128
18:22:01.153 priority="6" "Thread-2" [INFO ] SerialPort 850386504 sc getByte:128
18:22:01.163 priority="6" "Thread-2" [INFO ] SerialPort 850386504 sc getByte:128
18:22:01.165 priority="6" "Thread-4" [INFO ] SerialPort 656618167 sc getByte:128
18:22:01.173 priority="6" "Thread-2" [INFO ] SerialPort 850386504 sc getByte:128
18:22:01.182 priority="6" "Thread-4" [INFO ] SerialPort 656618167 sc getByte:128
18:22:01.184 priority="6" "Thread-2" [INFO ] SerialPort 850386504 sc getByte:128
18:22:01.195 priority="6" "Thread-2" [INFO ] SerialPort 850386504 sc getByte:128
18:22:01.198 priority="6" "Thread-4" [INFO ] SerialPort 656618167 sc getByte:128
18:22:01.207 priority="6" "Thread-2" [INFO ] SerialPort 850386504 sc getByte:128
18:22:01.216 priority="6" "Thread-4" [INFO ] SerialPort 656618167 sc getByte:128
18:22:01.218 priority="6" "Thread-2" [INFO ] SerialPort 850386504 sc getByte:128
18:22:01.230 priority="6" "Thread-2" [INFO ] SerialPort 850386504 sc getByte:128
18:22:01.234 priority="6" "Thread-4" [INFO ] SerialPort 656618167 sc getByte:128
18:22:01.244 priority="6" "Thread-2" [INFO ] SerialPort 850386504 sc getByte:128
18:22:01.249 priority="6" "Thread-4" [INFO ] SerialPort 656618167 sc getByte:128
18:22:01.257 priority="6" "Thread-2" [INFO ] SerialPort 850386504 sc getByte:128
18:22:01.263 priority="6" "Thread-4" [INFO ] SerialPort 656618167 sc getByte:128
18:22:01.284 priority="6" "Thread-2" [INFO ] SerialPort 850386504 sc getByte:128
18:22:01.295 priority="6" "Thread-4" [INFO ] SerialPort 656618167 sc getByte:128
18:22:01.298 priority="6" "Thread-2" [INFO ] SerialPort 850386504 sc getByte:128
18:22:01.311 priority="6" "Thread-4" [INFO ] SerialPort 656618167 sc getByte:128
18:22:01.315 priority="6" "Thread-2" [INFO ] SerialPort 850386504 sc getByte:128
18:22:01.328 priority="6" "Thread-4" [INFO ] SerialPort 656618167 sc getByte:128
18:22:01.334 priority="6" "Thread-2" [INFO ] SerialPort 850386504 sc getByte:128
18:22:01.345 priority="6" "Thread-4" [INFO ] SerialPort 656618167 sc getByte:128
18:22:01.352 priority="6" "Thread-2" [INFO ] SerialPort 850386504 sc getByte:128
18:22:01.362 priority="6" "Thread-4" [INFO ] SerialPort 656618167 sc getByte:128
18:22:01.370 priority="6" "Thread-2" [INFO ] SerialPort 850386504 sc getByte:128
18:22:01.374 priority="6" "Thread-4" [INFO ] SerialPort 656618167 sc getByte:128
18:22:01.384 priority="6" "Thread-4" [INFO ] SerialPort 656618167 sc getByte:128
18:22:01.389 priority="6" "Thread-2" [INFO ] SerialPort 850386504 sc getByte:128
18:22:01.394 priority="6" "Thread-4" [INFO ] SerialPort 656618167 sc getByte:128
18:22:01.404 priority="6" "Thread-4" [INFO ] SerialPort 656618167 sc getByte:128
18:22:01.407 priority="6" "Thread-2" [INFO ] SerialPort 850386504 sc getByte:128
18:22:01.421 priority="6" "Thread-4" [INFO ] SerialPort 656618167 sc getByte:128
18:22:01.424 priority="6" "Thread-2" [INFO ] SerialPort 850386504 sc getByte:128
18:22:01.431 priority="6" "Thread-4" [INFO ] SerialPort 656618167 sc getByte:128
18:22:01.441 priority="6" "Thread-4" [INFO ] SerialPort 656618167 sc getByte:128
18:22:01.442 priority="6" "Thread-2" [INFO ] SerialPort 850386504 sc getByte:128
18:22:01.459 priority="6" "Thread-4" [INFO ] SerialPort 656618167 sc getByte:128
18:22:01.459 priority="6" "Thread-2" [INFO ] SerialPort 850386504 sc getByte:128
18:22:01.470 priority="6" "Thread-4" [INFO ] SerialPort 656618167 sc getByte:128
18:22:01.477 priority="6" "Thread-2" [INFO ] SerialPort 850386504 sc getByte:128
18:22:01.481 priority="6" "Thread-4" [INFO ] SerialPort 656618167 sc getByte:128
18:22:01.491 priority="6" "Thread-4" [INFO ] SerialPort 656618167 sc getByte:128
18:22:01.494 priority="6" "Thread-2" [INFO ] SerialPort 850386504 sc getByte:128
18:22:01.508 priority="6" "Thread-4" [INFO ] SerialPort 656618167 sc getByte:128
18:22:01.519 priority="6" "Thread-2" [INFO ] SerialPort 850386504 sc getByte:128
18:22:01.524 priority="6" "Thread-4" [INFO ] SerialPort 656618167 sc getByte:128
18:22:01.533 priority="6" "Thread-2" [INFO ] SerialPort 850386504 sc getByte:128
18:22:01.534 priority="6" "Thread-4" [INFO ] SerialPort 656618167 sc getByte:128
18:22:01.546 priority="6" "Thread-4" [INFO ] SerialPort 656618167 sc getByte:128
18:22:01.551 priority="6" "Thread-2" [INFO ] SerialPort 850386504 sc getByte:128
18:22:01.557 priority="6" "Thread-4" [INFO ] SerialPort 656618167 sc getByte:128
18:22:01.568 priority="6" "Thread-2" [INFO ] SerialPort 850386504 sc getByte:128
18:22:01.568 priority="6" "Thread-4" [INFO ] SerialPort 656618167 sc getByte:128
18:22:01.586 priority="6" "Thread-4" [INFO ] SerialPort 656618167 sc getByte:128
18:22:01.592 priority="6" "Thread-2" [INFO ] SerialPort 850386504 sc getByte:128
18:22:01.603 priority="6" "Thread-4" [INFO ] SerialPort 656618167 sc getByte:128
18:22:01.609 priority="6" "Thread-2" [INFO ] SerialPort 850386504 sc getByte:128
18:22:01.621 priority="6" "Thread-4" [INFO ] SerialPort 656618167 sc getByte:128
18:22:01.628 priority="6" "Thread-2" [INFO ] SerialPort 850386504 sc getByte:128
18:22:01.640 priority="6" "Thread-4" [INFO ] SerialPort 656618167 sc getByte:128
18:22:01.647 priority="6" "Thread-2" [INFO ] SerialPort 850386504 sc getByte:128
18:22:01.658 priority="6" "Thread-4" [INFO ] SerialPort 656618167 sc getByte:128
18:22:01.666 priority="6" "Thread-2" [INFO ] SerialPort 850386504 sc getByte:128
18:22:01.677 priority="6" "Thread-4" [INFO ] SerialPort 656618167 sc getByte:128
18:22:01.685 priority="6" "Thread-2" [INFO ] SerialPort 850386504 sc getByte:128
18:22:01.696 priority="6" "Thread-4" [INFO ] SerialPort 656618167 sc getByte:128
18:22:01.704 priority="6" "Thread-2" [INFO ] SerialPort 850386504 sc getByte:128
18:22:01.715 priority="6" "Thread-4" [INFO ] SerialPort 656618167 sc getByte:128
18:22:01.724 priority="6" "Thread-2" [INFO ] SerialPort 850386504 sc getByte:128
18:22:01.735 priority="6" "Thread-4" [INFO ] SerialPort 656618167 sc getByte:128
18:22:01.743 priority="6" "Thread-2" [INFO ] SerialPort 850386504 sc getByte:128
18:22:01.756 priority="6" "Thread-4" [INFO ] SerialPort 656618167 sc getByte:128
18:22:01.762 priority="6" "Thread-2" [INFO ] SerialPort 850386504 sc getByte:128
18:22:01.775 priority="6" "Thread-4" [INFO ] SerialPort 656618167 sc getByte:128
18:22:01.781 priority="6" "Thread-2" [INFO ] SerialPort 850386504 sc getByte:128
18:22:01.794 priority="6" "Thread-4" [INFO ] SerialPort 656618167 sc getByte:128
18:22:01.800 priority="6" "Thread-2" [INFO ] SerialPort 850386504 sc getByte:128
18:22:01.813 priority="6" "Thread-4" [INFO ] SerialPort 656618167 sc getByte:128
18:22:01.820 priority="6" "Thread-2" [INFO ] SerialPort 850386504 sc getByte:128
18:22:01.832 priority="6" "Thread-4" [INFO ] SerialPort 656618167 sc getByte:128
18:22:01.839 priority="6" "Thread-2" [INFO ] SerialPort 850386504 sc getByte:128
18:22:01.851 priority="6" "Thread-4" [INFO ] SerialPort 656618167 sc getByte:128
18:22:01.859 priority="6" "Thread-2" [INFO ] SerialPort 850386504 sc getByte:128
18:22:01.870 priority="6" "Thread-4" [INFO ] SerialPort 656618167 sc getByte:128
18:22:01.877 priority="6" "Thread-2" [INFO ] SerialPort 850386504 sc getByte:128
18:22:01.889 priority="6" "Thread-4" [INFO ] SerialPort 656618167 sc getByte:128
18:22:01.896 priority="6" "Thread-2" [INFO ] SerialPort 850386504 sc getByte:128
18:22:01.909 priority="6" "Thread-4" [INFO ] SerialPort 656618167 sc getByte:128
18:22:01.915 priority="6" "Thread-2" [INFO ] SerialPort 850386504 sc getByte:128
18:22:01.927 priority="6" "Thread-4" [INFO ] SerialPort 656618167 sc getByte:128
18:22:01.933 priority="6" "Thread-2" [INFO ] SerialPort 850386504 sc getByte:128
18:22:01.945 priority="6" "Thread-4" [INFO ] SerialPort 656618167 sc getByte:128
18:22:01.950 priority="6" "Thread-2" [INFO ] SerialPort 850386504 sc getByte:128
18:22:01.963 priority="6" "Thread-4" [INFO ] SerialPort 656618167 sc getByte:128
18:22:01.968 priority="6" "Thread-2" [INFO ] SerialPort 850386504 sc getByte:128
18:22:01.981 priority="6" "Thread-4" [INFO ] SerialPort 656618167 sc getByte:128
18:22:01.995 priority="6" "Thread-2" [INFO ] SerialPort 850386504 sc getByte:128
18:22:02.007 priority="6" "Thread-4" [INFO ] SerialPort 656618167 sc getByte:128
18:22:02.013 priority="6" "Thread-2" [INFO ] SerialPort 850386504 sc getByte:128
18:22:02.026 priority="6" "Thread-4" [INFO ] SerialPort 656618167 sc getByte:128
18:22:02.031 priority="6" "Thread-2" [INFO ] SerialPort 850386504 sc getByte:128
18:22:02.044 priority="6" "Thread-4" [INFO ] SerialPort 656618167 sc getByte:128
18:22:02.050 priority="6" "Thread-2" [INFO ] SerialPort 850386504 sc getByte:128
18:22:02.062 priority="6" "Thread-4" [INFO ] SerialPort 656618167 sc getByte:128
18:22:02.068 priority="6" "Thread-2" [INFO ] SerialPort 850386504 sc getByte:128
18:22:02.080 priority="6" "Thread-4" [INFO ] SerialPort 656618167 sc getByte:128
18:22:02.088 priority="6" "Thread-2" [INFO ] SerialPort 850386504 sc getByte:128
18:22:02.098 priority="6" "Thread-4" [INFO ] SerialPort 656618167 sc getByte:128
18:22:02.108 priority="6" "Thread-2" [INFO ] SerialPort 850386504 sc getByte:128
18:22:02.116 priority="6" "Thread-4" [INFO ] SerialPort 656618167 sc getByte:128
18:22:02.126 priority="6" "Thread-2" [INFO ] SerialPort 850386504 sc getByte:128
18:22:02.134 priority="6" "Thread-4" [INFO ] SerialPort 656618167 sc getByte:128
18:22:02.145 priority="6" "Thread-2" [INFO ] SerialPort 850386504 sc getByte:128
18:22:02.153 priority="6" "Thread-4" [INFO ] SerialPort 656618167 sc getByte:128
18:22:02.164 priority="6" "Thread-2" [INFO ] SerialPort 850386504 sc getByte:128
18:22:02.171 priority="6" "Thread-4" [INFO ] SerialPort 656618167 sc getByte:128
18:22:02.183 priority="6" "Thread-2" [INFO ] SerialPort 850386504 sc getByte:128
18:22:02.190 priority="6" "Thread-4" [INFO ] SerialPort 656618167 sc getByte:128
18:22:02.201 priority="6" "Thread-2" [INFO ] SerialPort 850386504 sc getByte:128
18:22:02.208 priority="6" "Thread-4" [INFO ] SerialPort 656618167 sc getByte:128
18:22:02.217 priority="6" "Thread-2" [INFO ] SerialPort 850386504 sc getByte:128
18:22:02.222 priority="6" "Thread-4" [INFO ] SerialPort 656618167 sc getByte:128
18:22:02.228 priority="6" "Thread-2" [INFO ] SerialPort 850386504 sc getByte:128
18:22:02.233 priority="6" "Thread-4" [INFO ] SerialPort 656618167 sc getByte:128
18:22:02.240 priority="6" "Thread-2" [INFO ] SerialPort 850386504 sc getByte:128
18:22:02.244 priority="6" "Thread-4" [INFO ] SerialPort 656618167 sc getByte:128
18:22:02.253 priority="6" "Thread-2" [INFO ] SerialPort 850386504 sc getByte:128
18:22:02.255 priority="6" "Thread-4" [INFO ] SerialPort 656618167 sc getByte:128
18:22:02.263 priority="6" "Thread-2" [INFO ] SerialPort 850386504 sc getByte:128
18:22:02.266 priority="6" "Thread-4" [INFO ] SerialPort 656618167 sc getByte:128
18:22:02.276 priority="6" "Thread-2" [INFO ] SerialPort 850386504 sc getByte:128
18:22:02.277 priority="6" "Thread-4" [INFO ] SerialPort 656618167 sc getByte:128
18:22:02.288 priority="6" "Thread-2" [INFO ] SerialPort 850386504 sc getByte:128
18:22:02.288 priority="6" "Thread-4" [INFO ] SerialPort 656618167 sc getByte:128
18:22:02.298 priority="6" "Thread-2" [INFO ] SerialPort 850386504 sc getByte:128
18:22:02.299 priority="6" "Thread-4" [INFO ] SerialPort 656618167 sc getByte:128
18:22:02.310 priority="6" "Thread-4" [INFO ] SerialPort 656618167 sc getByte:128
18:22:02.311 priority="6" "Thread-2" [INFO ] SerialPort 850386504 sc getByte:128
18:22:02.320 priority="6" "Thread-4" [INFO ] SerialPort 656618167 sc getByte:128
18:22:02.326 priority="6" "Thread-2" [INFO ] SerialPort 850386504 sc getByte:128
18:22:02.330 priority="6" "Thread-4" [INFO ] SerialPort 656618167 sc getByte:128
18:22:02.336 priority="6" "Thread-2" [INFO ] SerialPort 850386504 sc getByte:128
18:22:02.342 priority="6" "Thread-4" [INFO ] SerialPort 656618167 sc getByte:128
18:22:02.347 priority="6" "Thread-2" [INFO ] SerialPort 850386504 sc getByte:128
18:22:02.353 priority="6" "Thread-4" [INFO ] SerialPort 656618167 sc getByte:128
18:22:02.357 priority="6" "Thread-2" [INFO ] SerialPort 850386504 sc getByte:128
18:22:02.364 priority="6" "Thread-4" [INFO ] SerialPort 656618167 sc getByte:128
18:22:02.368 priority="6" "Thread-2" [INFO ] SerialPort 850386504 sc getByte:128
18:22:02.376 priority="6" "Thread-4" [INFO ] SerialPort 656618167 sc getByte:128
18:22:02.379 priority="6" "Thread-2" [INFO ] SerialPort 850386504 sc getByte:128
18:22:02.389 priority="6" "Thread-4" [INFO ] SerialPort 656618167 sc getByte:128
18:22:02.389 priority="6" "Thread-2" [INFO ] SerialPort 850386504 sc getByte:128
18:22:02.399 priority="6" "Thread-4" [INFO ] SerialPort 656618167 sc getByte:128
18:22:02.399 priority="6" "Thread-2" [INFO ] SerialPort 850386504 sc getByte:128
18:22:02.409 priority="6" "Thread-4" [INFO ] SerialPort 656618167 sc getByte:128
18:22:02.411 priority="6" "Thread-2" [INFO ] SerialPort 850386504 sc getByte:128
18:22:02.419 priority="6" "Thread-4" [INFO ] SerialPort 656618167 sc getByte:128
18:22:02.423 priority="6" "Thread-2" [INFO ] SerialPort 850386504 sc getByte:128
18:22:02.429 priority="6" "Thread-4" [INFO ] SerialPort 656618167 sc getByte:128
18:22:02.435 priority="6" "Thread-2" [INFO ] SerialPort 850386504 sc getByte:128
18:22:02.440 priority="6" "Thread-4" [INFO ] SerialPort 656618167 sc getByte:128
18:22:02.446 priority="6" "Thread-2" [INFO ] SerialPort 850386504 sc getByte:128
18:22:02.450 priority="6" "Thread-4" [INFO ] SerialPort 656618167 sc getByte:128
18:22:02.459 priority="6" "Thread-2" [INFO ] SerialPort 850386504 sc getByte:128
18:22:02.462 priority="6" "Thread-4" [INFO ] SerialPort 656618167 sc getByte:128
18:22:02.470 priority="6" "Thread-2" [INFO ] SerialPort 850386504 sc getByte:128
18:22:02.472 priority="6" "Thread-4" [INFO ] SerialPort 656618167 sc getByte:128
18:22:02.480 priority="6" "Thread-2" [INFO ] SerialPort 850386504 sc getByte:128
18:22:02.483 priority="6" "Thread-4" [INFO ] SerialPort 656618167 sc getByte:128
18:22:02.491 priority="6" "Thread-2" [INFO ] SerialPort 850386504 sc getByte:128
18:22:02.493 priority="6" "Thread-4" [INFO ] SerialPort 656618167 sc getByte:128
18:22:02.503 priority="6" "Thread-4" [INFO ] SerialPort 656618167 sc getByte:128
18:22:02.503 priority="6" "Thread-2" [INFO ] SerialPort 850386504 sc getByte:128
18:22:02.513 priority="6" "Thread-4" [INFO ] SerialPort 656618167 sc getByte:128
18:22:02.515 priority="6" "Thread-2" [INFO ] SerialPort 850386504 sc getByte:128
18:22:02.524 priority="6" "Thread-4" [INFO ] SerialPort 656618167 sc getByte:128
18:22:02.526 priority="6" "Thread-2" [INFO ] SerialPort 850386504 sc getByte:128
18:22:02.534 priority="6" "Thread-4" [INFO ] SerialPort 656618167 sc getByte:128
18:22:02.537 priority="6" "Thread-2" [INFO ] SerialPort 850386504 sc getByte:128
18:22:02.553 priority="6" "Thread-4" [INFO ] SerialPort 656618167 sc getByte:128
18:22:02.555 priority="6" "Thread-2" [INFO ] SerialPort 850386504 sc getByte:128
18:22:02.564 priority="6" "Thread-4" [INFO ] SerialPort 656618167 sc getByte:128
18:22:02.565 priority="6" "Thread-2" [INFO ] SerialPort 850386504 sc getByte:128
18:22:02.575 priority="6" "Thread-2" [INFO ] SerialPort 850386504 sc getByte:128
18:22:02.576 priority="6" "Thread-4" [INFO ] SerialPort 656618167 sc getByte:128
18:22:02.585 priority="6" "Thread-2" [INFO ] SerialPort 850386504 sc getByte:128
18:22:02.590 priority="6" "Thread-4" [INFO ] SerialPort 656618167 sc getByte:128
18:22:02.597 priority="6" "Thread-2" [INFO ] SerialPort 850386504 sc getByte:128
18:22:02.599 priority="6" "Thread-4" [INFO ] SerialPort 656618167 sc getByte:128
18:22:02.608 priority="6" "Thread-2" [INFO ] SerialPort 850386504 sc getByte:128
18:22:02.608 priority="6" "Thread-4" [INFO ] SerialPort 656618167 sc getByte:128
18:22:02.618 priority="6" "Thread-4" [INFO ] SerialPort 656618167 sc getByte:128
18:22:02.618 priority="6" "Thread-2" [INFO ] SerialPort 850386504 sc getByte:128
18:22:02.627 priority="6" "Thread-4" [INFO ] SerialPort 656618167 sc getByte:128
18:22:02.628 priority="6" "Thread-2" [INFO ] SerialPort 850386504 sc getByte:128
18:22:02.637 priority="6" "Thread-4" [INFO ] SerialPort 656618167 sc getByte:128
18:22:02.639 priority="6" "Thread-2" [INFO ] SerialPort 850386504 sc getByte:128
18:22:02.646 priority="6" "Thread-4" [INFO ] SerialPort 656618167 sc getByte:128
18:22:02.648 priority="6" "Thread-2" [INFO ] SerialPort 850386504 sc getByte:128
18:22:02.655 priority="6" "Thread-4" [INFO ] SerialPort 656618167 sc getByte:128
18:22:02.659 priority="6" "Thread-2" [INFO ] SerialPort 850386504 sc getByte:128
18:22:02.664 priority="6" "Thread-4" [INFO ] SerialPort 656618167 sc getByte:128
18:22:02.669 priority="6" "Thread-2" [INFO ] SerialPort 850386504 sc getByte:128
18:22:02.674 priority="6" "Thread-4" [INFO ] SerialPort 656618167 sc getByte:128
18:22:02.680 priority="6" "Thread-2" [INFO ] SerialPort 850386504 sc getByte:128
18:22:02.684 priority="6" "Thread-4" [INFO ] SerialPort 656618167 sc getByte:128
18:22:02.696 priority="6" "Thread-4" [INFO ] SerialPort 656618167 sc getByte:128
18:22:02.696 priority="6" "Thread-2" [INFO ] SerialPort 850386504 sc getByte:128
18:22:02.706 priority="6" "Thread-2" [INFO ] SerialPort 850386504 sc getByte:128
18:22:02.709 priority="6" "Thread-4" [INFO ] SerialPort 656618167 sc getByte:128
18:22:02.717 priority="6" "Thread-2" [INFO ] SerialPort 850386504 sc getByte:128
18:22:02.724 priority="6" "Thread-4" [INFO ] SerialPort 656618167 sc getByte:128
18:22:02.727 priority="6" "Thread-2" [INFO ] SerialPort 850386504 sc getByte:128
18:22:02.734 priority="6" "Thread-4" [INFO ] SerialPort 656618167 sc getByte:128
18:22:02.737 priority="6" "Thread-2" [INFO ] SerialPort 850386504 sc getByte:128
18:22:02.744 priority="6" "Thread-4" [INFO ] SerialPort 656618167 sc getByte:128
18:22:02.747 priority="6" "Thread-2" [INFO ] SerialPort 850386504 sc getByte:128
18:22:02.753 priority="6" "Thread-4" [INFO ] SerialPort 656618167 sc getByte:128
18:22:02.757 priority="6" "Thread-2" [INFO ] SerialPort 850386504 sc getByte:128
18:22:02.763 priority="6" "Thread-4" [INFO ] SerialPort 656618167 sc getByte:128
18:22:02.767 priority="6" "Thread-2" [INFO ] SerialPort 850386504 sc getByte:128
18:22:02.773 priority="6" "Thread-4" [INFO ] SerialPort 656618167 sc getByte:128
18:22:02.777 priority="6" "Thread-2" [INFO ] SerialPort 850386504 sc getByte:128
18:22:02.783 priority="6" "Thread-4" [INFO ] SerialPort 656618167 sc getByte:128
18:22:02.787 priority="6" "Thread-2" [INFO ] SerialPort 850386504 sc getByte:128
18:22:02.792 priority="6" "Thread-4" [INFO ] SerialPort 656618167 sc getByte:128
18:22:02.798 priority="6" "Thread-2" [INFO ] SerialPort 850386504 sc getByte:128
18:22:02.809 priority="6" "Thread-4" [INFO ] SerialPort 656618167 sc getByte:128
18:22:02.812 priority="6" "Thread-2" [INFO ] SerialPort 850386504 sc getByte:128
18:22:02.823 priority="6" "Thread-4" [INFO ] SerialPort 656618167 sc getByte:128
18:22:02.823 priority="6" "Thread-2" [INFO ] SerialPort 850386504 sc getByte:128
18:22:02.832 priority="6" "Thread-4" [INFO ] SerialPort 656618167 sc getByte:128
18:22:02.833 priority="6" "Thread-2" [INFO ] SerialPort 850386504 sc getByte:128
18:22:02.841 priority="6" "Thread-4" [INFO ] SerialPort 656618167 sc getByte:128
18:22:02.843 priority="6" "Thread-2" [INFO ] SerialPort 850386504 sc getByte:128
18:22:02.854 priority="6" "Thread-2" [INFO ] SerialPort 850386504 sc getByte:128
18:22:02.856 priority="6" "Thread-4" [INFO ] SerialPort 656618167 sc getByte:128
18:22:02.865 priority="6" "Thread-2" [INFO ] SerialPort 850386504 sc getByte:128
18:22:02.870 priority="6" "Thread-4" [INFO ] SerialPort 656618167 sc getByte:128
18:22:02.875 priority="6" "Thread-2" [INFO ] SerialPort 850386504 sc getByte:128
18:22:02.880 priority="6" "Thread-4" [INFO ] SerialPort 656618167 sc getByte:128
18:22:02.887 priority="6" "Thread-2" [INFO ] SerialPort 850386504 sc getByte:128
18:22:02.890 priority="6" "Thread-4" [INFO ] SerialPort 656618167 sc getByte:128
18:22:02.898 priority="6" "Thread-2" [INFO ] SerialPort 850386504 sc getByte:128
18:22:02.899 priority="6" "Thread-4" [INFO ] SerialPort 656618167 sc getByte:128
18:22:02.909 priority="6" "Thread-4" [INFO ] SerialPort 656618167 sc getByte:128
18:22:02.911 priority="6" "Thread-2" [INFO ] SerialPort 850386504 sc getByte:128
18:22:02.919 priority="6" "Thread-4" [INFO ] SerialPort 656618167 sc getByte:128
18:22:02.928 priority="6" "Thread-2" [INFO ] SerialPort 850386504 sc getByte:128
18:22:02.929 priority="6" "Thread-4" [INFO ] SerialPort 656618167 sc getByte:128
18:22:02.938 priority="6" "Thread-4" [INFO ] SerialPort 656618167 sc getByte:128
18:22:02.944 priority="6" "Thread-2" [INFO ] SerialPort 850386504 sc getByte:128
18:22:02.947 priority="6" "Thread-4" [INFO ] SerialPort 656618167 sc getByte:128
18:22:02.957 priority="6" "Thread-4" [INFO ] SerialPort 656618167 sc getByte:128
18:22:02.957 priority="6" "Thread-2" [INFO ] SerialPort 850386504 sc getByte:128
18:22:02.966 priority="6" "Thread-4" [INFO ] SerialPort 656618167 sc getByte:128
18:22:02.967 priority="6" "Thread-2" [INFO ] SerialPort 850386504 sc getByte:128
18:22:02.976 priority="6" "Thread-4" [INFO ] SerialPort 656618167 sc getByte:128
18:22:02.977 priority="6" "Thread-2" [INFO ] SerialPort 850386504 sc getByte:128
18:22:02.986 priority="6" "Thread-4" [INFO ] SerialPort 656618167 sc getByte:128
18:22:02.988 priority="6" "Thread-2" [INFO ] SerialPort 850386504 sc getByte:128
18:22:02.996 priority="6" "Thread-4" [INFO ] SerialPort 656618167 sc getByte:128
18:22:03.008 priority="6" "Thread-2" [INFO ] SerialPort 850386504 sc getByte:128
18:22:03.015 priority="6" "Thread-4" [INFO ] SerialPort 656618167 sc getByte:128
18:22:03.018 priority="6" "Thread-2" [INFO ] SerialPort 850386504 sc getByte:128
18:22:03.025 priority="6" "Thread-4" [INFO ] SerialPort 656618167 sc getByte:128
18:22:03.029 priority="6" "Thread-2" [INFO ] SerialPort 850386504 sc getByte:128
18:22:03.036 priority="6" "Thread-4" [INFO ] SerialPort 656618167 sc getByte:128
18:22:03.040 priority="6" "Thread-2" [INFO ] SerialPort 850386504 sc getByte:128
18:22:03.047 priority="6" "Thread-4" [INFO ] SerialPort 656618167 sc getByte:128
18:22:03.050 priority="6" "Thread-2" [INFO ] SerialPort 850386504 sc getByte:128
18:22:03.062 priority="6" "Thread-4" [INFO ] SerialPort 656618167 sc getByte:128
18:22:03.068 priority="6" "Thread-2" [INFO ] SerialPort 850386504 sc getByte:128
18:22:03.080 priority="6" "Thread-4" [INFO ] SerialPort 656618167 sc getByte:128
18:22:03.086 priority="6" "Thread-2" [INFO ] SerialPort 850386504 sc getByte:128
18:22:03.099 priority="6" "Thread-4" [INFO ] SerialPort 656618167 sc getByte:128
18:22:03.105 priority="6" "Thread-2" [INFO ] SerialPort 850386504 sc getByte:128
18:22:03.114 priority="6" "Thread-4" [INFO ] SerialPort 656618167 sc getByte:128
18:22:03.118 priority="6" "Thread-2" [INFO ] SerialPort 850386504 sc getByte:128
18:22:03.124 priority="6" "Thread-4" [INFO ] SerialPort 656618167 sc getByte:128
18:22:03.129 priority="6" "Thread-2" [INFO ] SerialPort 850386504 sc getByte:128
18:22:03.134 priority="6" "Thread-4" [INFO ] SerialPort 656618167 sc getByte:128
18:22:03.140 priority="6" "Thread-2" [INFO ] SerialPort 850386504 sc getByte:128
18:22:03.145 priority="6" "Thread-4" [INFO ] SerialPort 656618167 sc getByte:128
18:22:03.151 priority="6" "Thread-2" [INFO ] SerialPort 850386504 sc getByte:128
18:22:03.156 priority="6" "Thread-4" [INFO ] SerialPort 656618167 sc getByte:128
18:22:03.162 priority="6" "Thread-2" [INFO ] SerialPort 850386504 sc getByte:128
18:22:03.166 priority="6" "Thread-4" [INFO ] SerialPort 656618167 sc getByte:128
18:22:03.176 priority="6" "Thread-2" [INFO ] SerialPort 850386504 sc getByte:128
18:22:03.177 priority="6" "Thread-4" [INFO ] SerialPort 656618167 sc getByte:128
18:22:03.187 priority="6" "Thread-4" [INFO ] SerialPort 656618167 sc getByte:128
18:22:03.195 priority="6" "Thread-2" [INFO ] SerialPort 850386504 sc getByte:128
18:22:03.199 priority="6" "Thread-4" [INFO ] SerialPort 656618167 sc getByte:128
18:22:03.208 priority="6" "Thread-2" [INFO ] SerialPort 850386504 sc getByte:128
18:22:03.209 priority="6" "Thread-4" [INFO ] SerialPort 656618167 sc getByte:128
18:22:03.219 priority="6" "Thread-2" [INFO ] SerialPort 850386504 sc getByte:128
18:22:03.220 priority="6" "Thread-4" [INFO ] SerialPort 656618167 sc getByte:128
18:22:03.229 priority="6" "Thread-2" [INFO ] SerialPort 850386504 sc getByte:128
18:22:03.230 priority="6" "Thread-4" [INFO ] SerialPort 656618167 sc getByte:128
18:22:03.240 priority="6" "Thread-2" [INFO ] SerialPort 850386504 sc getByte:128
18:22:03.241 priority="6" "Thread-4" [INFO ] SerialPort 656618167 sc getByte:128
18:22:03.251 priority="6" "Thread-2" [INFO ] SerialPort 850386504 sc getByte:128
18:22:03.251 priority="6" "Thread-4" [INFO ] SerialPort 656618167 sc getByte:128
18:22:03.262 priority="6" "Thread-2" [INFO ] SerialPort 850386504 sc getByte:128
18:22:03.262 priority="6" "Thread-4" [INFO ] SerialPort 656618167 sc getByte:128
18:22:03.273 priority="6" "Thread-4" [INFO ] SerialPort 656618167 sc getByte:128
18:22:03.275 priority="6" "Thread-2" [INFO ] SerialPort 850386504 sc getByte:128
18:22:03.283 priority="6" "Thread-4" [INFO ] SerialPort 656618167 sc getByte:128
18:22:03.286 priority="6" "Thread-2" [INFO ] SerialPort 850386504 sc getByte:128
18:22:03.293 priority="6" "Thread-4" [INFO ] SerialPort 656618167 sc getByte:128
18:22:03.298 priority="6" "Thread-2" [INFO ] SerialPort 850386504 sc getByte:128
18:22:03.304 priority="6" "Thread-4" [INFO ] SerialPort 656618167 sc getByte:128
18:22:03.311 priority="6" "Thread-2" [INFO ] SerialPort 850386504 sc getByte:128
18:22:03.314 priority="6" "Thread-4" [INFO ] SerialPort 656618167 sc getByte:128
18:22:03.324 priority="6" "Thread-4" [INFO ] SerialPort 656618167 sc getByte:128
18:22:03.327 priority="6" "Thread-2" [INFO ] SerialPort 850386504 sc getByte:128
18:22:03.334 priority="6" "Thread-4" [INFO ] SerialPort 656618167 sc getByte:128
18:22:03.344 priority="6" "Thread-4" [INFO ] SerialPort 656618167 sc getByte:128
18:22:03.346 priority="6" "Thread-2" [INFO ] SerialPort 850386504 sc getByte:128
18:22:03.354 priority="6" "Thread-4" [INFO ] SerialPort 656618167 sc getByte:128
18:22:03.360 priority="6" "Thread-2" [INFO ] SerialPort 850386504 sc getByte:128
18:22:03.363 priority="6" "Thread-4" [INFO ] SerialPort 656618167 sc getByte:128
18:22:03.371 priority="6" "Thread-2" [INFO ] SerialPort 850386504 sc getByte:128
18:22:03.381 priority="6" "Thread-2" [INFO ] SerialPort 850386504 sc getByte:128
18:22:03.381 priority="6" "Thread-4" [INFO ] SerialPort 656618167 sc getByte:128
18:22:03.391 priority="6" "Thread-2" [INFO ] SerialPort 850386504 sc getByte:128
18:22:03.401 priority="6" "Thread-4" [INFO ] SerialPort 656618167 sc getByte:128
18:22:03.402 priority="6" "Thread-2" [INFO ] SerialPort 850386504 sc getByte:128
18:22:03.412 priority="6" "Thread-2" [INFO ] SerialPort 850386504 sc getByte:128
18:22:03.420 priority="6" "Thread-4" [INFO ] SerialPort 656618167 sc getByte:128
18:22:03.422 priority="6" "Thread-2" [INFO ] SerialPort 850386504 sc getByte:128
18:22:03.432 priority="6" "Thread-2" [INFO ] SerialPort 850386504 sc getByte:128
18:22:03.435 priority="6" "Thread-4" [INFO ] SerialPort 656618167 sc getByte:128
18:22:03.442 priority="6" "Thread-2" [INFO ] SerialPort 850386504 sc getByte:128
18:22:03.446 priority="6" "Thread-4" [INFO ] SerialPort 656618167 sc getByte:128
18:22:03.453 priority="6" "Thread-2" [INFO ] SerialPort 850386504 sc getByte:128
18:22:03.456 priority="6" "Thread-4" [INFO ] SerialPort 656618167 sc getByte:128
18:22:03.464 priority="6" "Thread-2" [INFO ] SerialPort 850386504 sc getByte:128
18:22:03.467 priority="6" "Thread-4" [INFO ] SerialPort 656618167 sc getByte:128
18:22:03.475 priority="6" "Thread-2" [INFO ] SerialPort 850386504 sc getByte:128
18:22:03.477 priority="6" "Thread-4" [INFO ] SerialPort 656618167 sc getByte:128
18:22:03.485 priority="6" "Thread-2" [INFO ] SerialPort 850386504 sc getByte:128
18:22:03.487 priority="6" "Thread-4" [INFO ] SerialPort 656618167 sc getByte:128
18:22:03.496 priority="6" "Thread-2" [INFO ] SerialPort 850386504 sc getByte:128
18:22:03.502 priority="6" "Thread-4" [INFO ] SerialPort 656618167 sc getByte:128
18:22:03.513 priority="6" "Thread-2" [INFO ] SerialPort 850386504 sc getByte:128
18:22:03.523 priority="6" "Thread-2" [INFO ] SerialPort 850386504 sc getByte:128
18:22:03.527 priority="6" "Thread-4" [INFO ] SerialPort 656618167 sc getByte:128
18:22:03.528 priority="6" "AWT-EventQueue-0" [INFO ] pressed DOWN
18:22:03.535 priority="6" "Thread-2" [INFO ] SerialPort 850386504 sc getByte:128
18:22:03.540 priority="6" "Thread-4" [INFO ] SerialPort 656618167 sc getByte:128
18:22:03.541 priority="6" "Thread-2" [INFO ] Joypad DOWN
18:22:03.541 priority="6" "Thread-2" [INFO ] Joypad DOWN
18:22:03.553 priority="6" "Thread-2" [INFO ] SerialPort 850386504 sc getByte:128
18:22:03.558 priority="6" "Thread-4" [INFO ] SerialPort 656618167 sc getByte:128
18:22:03.559 priority="6" "Thread-2" [INFO ] Joypad DOWN
18:22:03.559 priority="6" "Thread-2" [INFO ] Joypad DOWN
18:22:03.568 priority="6" "Thread-2" [INFO ] SerialPort 850386504 sc getByte:128
18:22:03.570 priority="6" "Thread-4" [INFO ] SerialPort 656618167 sc getByte:128
18:22:03.571 priority="6" "Thread-2" [INFO ] Joypad DOWN
18:22:03.571 priority="6" "Thread-2" [INFO ] Joypad DOWN
18:22:03.578 priority="6" "Thread-2" [INFO ] SerialPort 850386504 sc getByte:128
18:22:03.581 priority="6" "Thread-2" [INFO ] Joypad DOWN
18:22:03.582 priority="6" "Thread-2" [INFO ] Joypad DOWN
18:22:03.582 priority="6" "Thread-4" [INFO ] SerialPort 656618167 sc getByte:128
18:22:03.590 priority="6" "Thread-2" [INFO ] SerialPort 850386504 sc getByte:128
18:22:03.593 priority="6" "Thread-4" [INFO ] SerialPort 656618167 sc getByte:128
18:22:03.600 priority="6" "Thread-2" [INFO ] SerialPort 850386504 sc getByte:128
18:22:03.603 priority="6" "Thread-4" [INFO ] SerialPort 656618167 sc getByte:128
18:22:03.611 priority="6" "Thread-2" [INFO ] SerialPort 850386504 sc getByte:128
18:22:03.613 priority="6" "Thread-4" [INFO ] SerialPort 656618167 sc getByte:128
18:22:03.622 priority="6" "Thread-2" [INFO ] SerialPort 850386504 sc getByte:128
18:22:03.624 priority="6" "Thread-4" [INFO ] SerialPort 656618167 sc getByte:128
18:22:03.634 priority="6" "Thread-4" [INFO ] SerialPort 656618167 sc getByte:128
18:22:03.639 priority="6" "Thread-2" [INFO ] SerialPort 850386504 sc getByte:128
18:22:03.651 priority="6" "Thread-2" [INFO ] SerialPort 850386504 sc getByte:128
18:22:03.652 priority="6" "Thread-4" [INFO ] SerialPort 656618167 sc getByte:128
18:22:03.662 priority="6" "Thread-2" [INFO ] SerialPort 850386504 sc getByte:128
18:22:03.671 priority="6" "Thread-4" [INFO ] SerialPort 656618167 sc getByte:128
18:22:03.673 priority="6" "Thread-2" [INFO ] SerialPort 850386504 sc getByte:128
18:22:03.685 priority="6" "Thread-2" [INFO ] SerialPort 850386504 sc getByte:128
18:22:03.691 priority="6" "Thread-4" [INFO ] SerialPort 656618167 sc getByte:128
18:22:03.698 priority="6" "Thread-2" [INFO ] SerialPort 850386504 sc getByte:128
18:22:03.702 priority="6" "Thread-4" [INFO ] SerialPort 656618167 sc getByte:128
18:22:03.708 priority="6" "Thread-2" [INFO ] SerialPort 850386504 sc getByte:128
18:22:03.713 priority="6" "Thread-4" [INFO ] SerialPort 656618167 sc getByte:128
18:22:03.722 priority="6" "Thread-2" [INFO ] SerialPort 850386504 sc getByte:128
18:22:03.725 priority="6" "Thread-4" [INFO ] SerialPort 656618167 sc getByte:128
18:22:03.733 priority="6" "Thread-2" [INFO ] SerialPort 850386504 sc getByte:128
18:22:03.736 priority="6" "Thread-4" [INFO ] SerialPort 656618167 sc getByte:128
18:22:03.744 priority="6" "Thread-2" [INFO ] SerialPort 850386504 sc getByte:128
18:22:03.749 priority="6" "Thread-4" [INFO ] SerialPort 656618167 sc getByte:128
18:22:03.755 priority="6" "Thread-2" [INFO ] SerialPort 850386504 sc getByte:128
18:22:03.766 priority="6" "Thread-2" [INFO ] SerialPort 850386504 sc getByte:128
18:22:03.767 priority="6" "Thread-4" [INFO ] SerialPort 656618167 sc getByte:128
18:22:03.776 priority="6" "Thread-2" [INFO ] SerialPort 850386504 sc getByte:128
18:22:03.786 priority="6" "Thread-2" [INFO ] SerialPort 850386504 sc getByte:128
18:22:03.787 priority="6" "Thread-4" [INFO ] SerialPort 656618167 sc getByte:128
18:22:03.803 priority="6" "Thread-2" [INFO ] SerialPort 850386504 sc getByte:128
18:22:03.806 priority="6" "Thread-4" [INFO ] SerialPort 656618167 sc getByte:128
18:22:03.814 priority="6" "Thread-2" [INFO ] SerialPort 850386504 sc getByte:128
18:22:03.819 priority="6" "Thread-4" [INFO ] SerialPort 656618167 sc getByte:128
18:22:03.825 priority="6" "Thread-2" [INFO ] SerialPort 850386504 sc getByte:128
18:22:03.829 priority="6" "Thread-4" [INFO ] SerialPort 656618167 sc getByte:128
18:22:03.836 priority="6" "Thread-2" [INFO ] SerialPort 850386504 sc getByte:128
18:22:03.840 priority="6" "Thread-4" [INFO ] SerialPort 656618167 sc getByte:128
18:22:03.847 priority="6" "Thread-2" [INFO ] SerialPort 850386504 sc getByte:128
18:22:03.850 priority="6" "Thread-4" [INFO ] SerialPort 656618167 sc getByte:128
18:22:03.858 priority="6" "Thread-2" [INFO ] SerialPort 850386504 sc getByte:128
18:22:03.861 priority="6" "Thread-4" [INFO ] SerialPort 656618167 sc getByte:128
18:22:03.869 priority="6" "Thread-2" [INFO ] SerialPort 850386504 sc getByte:128
18:22:03.872 priority="6" "Thread-4" [INFO ] SerialPort 656618167 sc getByte:128
18:22:03.880 priority="6" "Thread-2" [INFO ] SerialPort 850386504 sc getByte:128
18:22:03.882 priority="6" "Thread-4" [INFO ] SerialPort 656618167 sc getByte:128
18:22:03.891 priority="6" "Thread-2" [INFO ] SerialPort 850386504 sc getByte:128
18:22:03.893 priority="6" "Thread-4" [INFO ] SerialPort 656618167 sc getByte:128
18:22:03.901 priority="6" "Thread-2" [INFO ] SerialPort 850386504 sc getByte:128
18:22:03.903 priority="6" "Thread-4" [INFO ] SerialPort 656618167 sc getByte:128
18:22:03.912 priority="6" "Thread-2" [INFO ] SerialPort 850386504 sc getByte:128
18:22:03.918 priority="6" "Thread-4" [INFO ] SerialPort 656618167 sc getByte:128
18:22:03.922 priority="6" "Thread-2" [INFO ] SerialPort 850386504 sc getByte:128
18:22:03.933 priority="6" "Thread-2" [INFO ] SerialPort 850386504 sc getByte:128
18:22:03.939 priority="6" "Thread-4" [INFO ] SerialPort 656618167 sc getByte:128
18:22:03.943 priority="6" "Thread-2" [INFO ] SerialPort 850386504 sc getByte:128
18:22:03.952 priority="6" "Thread-4" [INFO ] SerialPort 656618167 sc getByte:128
18:22:03.953 priority="6" "Thread-2" [INFO ] SerialPort 850386504 sc getByte:128
18:22:03.962 priority="6" "Thread-4" [INFO ] SerialPort 656618167 sc getByte:128
18:22:03.964 priority="6" "Thread-2" [INFO ] SerialPort 850386504 sc getByte:128
18:22:03.973 priority="6" "Thread-4" [INFO ] SerialPort 656618167 sc getByte:128
18:22:03.974 priority="6" "Thread-2" [INFO ] SerialPort 850386504 sc getByte:128
18:22:03.984 priority="6" "Thread-4" [INFO ] SerialPort 656618167 sc getByte:128
18:22:03.985 priority="6" "Thread-2" [INFO ] SerialPort 850386504 sc getByte:128
18:22:03.995 priority="6" "Thread-2" [INFO ] SerialPort 850386504 sc getByte:128
18:22:04.000 priority="6" "Thread-4" [INFO ] SerialPort 656618167 sc getByte:128
18:22:04.007 priority="6" "Thread-2" [INFO ] SerialPort 850386504 sc getByte:128
18:22:04.011 priority="6" "Thread-4" [INFO ] SerialPort 656618167 sc getByte:128
18:22:04.020 priority="6" "Thread-2" [INFO ] SerialPort 850386504 sc getByte:128
18:22:04.029 priority="6" "Thread-4" [INFO ] SerialPort 656618167 sc getByte:128
18:22:04.038 priority="6" "Thread-2" [INFO ] SerialPort 850386504 sc getByte:128
18:22:04.039 priority="6" "Thread-4" [INFO ] SerialPort 656618167 sc getByte:128
18:22:04.049 priority="6" "Thread-2" [INFO ] SerialPort 850386504 sc getByte:128
18:22:04.050 priority="6" "Thread-4" [INFO ] SerialPort 656618167 sc getByte:128
18:22:04.060 priority="6" "Thread-4" [INFO ] SerialPort 656618167 sc getByte:128
18:22:04.061 priority="6" "Thread-2" [INFO ] SerialPort 850386504 sc getByte:128
18:22:04.071 priority="6" "Thread-4" [INFO ] SerialPort 656618167 sc getByte:128
18:22:04.072 priority="6" "Thread-2" [INFO ] SerialPort 850386504 sc getByte:128
18:22:04.082 priority="6" "Thread-4" [INFO ] SerialPort 656618167 sc getByte:128
18:22:04.082 priority="6" "Thread-2" [INFO ] SerialPort 850386504 sc getByte:128
18:22:04.093 priority="6" "Thread-4" [INFO ] SerialPort 656618167 sc getByte:128
18:22:04.093 priority="6" "Thread-2" [INFO ] SerialPort 850386504 sc getByte:128
18:22:04.104 priority="6" "Thread-4" [INFO ] SerialPort 656618167 sc getByte:128
18:22:04.105 priority="6" "Thread-2" [INFO ] SerialPort 850386504 sc getByte:128
18:22:04.110 priority="6" "AWT-EventQueue-0" [INFO ] pressed START
18:22:04.116 priority="6" "Thread-4" [INFO ] SerialPort 656618167 sc getByte:128
18:22:04.116 priority="6" "Thread-2" [INFO ] SerialPort 850386504 sc getByte:128
18:22:04.119 priority="6" "Thread-2" [INFO ] Joypad START
18:22:04.119 priority="6" "Thread-2" [INFO ] Joypad START
18:22:04.119 priority="6" "Thread-2" [INFO ] Joypad START
18:22:04.119 priority="6" "Thread-2" [INFO ] Joypad START
18:22:04.119 priority="6" "Thread-2" [INFO ] Joypad START
18:22:04.120 priority="6" "Thread-2" [INFO ] Joypad START
18:22:04.126 priority="6" "Thread-4" [INFO ] SerialPort 656618167 sc getByte:128
18:22:04.133 priority="6" "Thread-2" [INFO ] SerialPort 850386504 sc getByte:128
18:22:04.134 priority="6" "Thread-2" [INFO ] SerialPort 850386504 sc setByte:1
18:22:04.134 priority="6" "Thread-2" [INFO ] SerialPort 850386504 sb setByte:0
18:22:04.134 priority="6" "Thread-2" [INFO ] SerialPort 850386504 sc setByte:129
18:22:04.135 priority="6" "Thread-2" [INFO ] master transfer start
18:22:06.848 priority="6" "AWT-EventQueue-0" [INFO ] pressed START
18:22:07.086 priority="6" "AWT-EventQueue-0" [INFO ] pressed START
18:22:10.426 priority="6" "AWT-EventQueue-0" [INFO ] pressed START
18:22:10.525 priority="6" "AWT-EventQueue-0" [INFO ] pressed START
