19:08:52.090 priority="6" "Thread-4" [INFO ] SerialPort 1256283230 sc setByte:0
19:08:52.090 priority="6" "Thread-2" [INFO ] SerialPort 1529725798 sc setByte:0
19:08:52.093 priority="6" "Thread-4" [INFO ] SerialPort 1256283230 sb setByte:128
19:08:52.093 priority="6" "Thread-2" [INFO ] SerialPort 1529725798 sb setByte:128
19:08:52.093 priority="6" "Thread-4" [INFO ] SerialPort 1256283230 sc setByte:128
19:08:52.093 priority="6" "Thread-2" [INFO ] SerialPort 1529725798 sc setByte:128
19:08:52.136 priority="6" "Thread-4" [INFO ] SerialPort 1256283230 sc getByte:128
19:08:52.146 priority="6" "Thread-2" [INFO ] SerialPort 1529725798 sc getByte:128
19:08:52.199 priority="6" "Thread-4" [INFO ] SerialPort 1256283230 sc getByte:128
19:08:52.205 priority="6" "Thread-2" [INFO ] SerialPort 1529725798 sc getByte:128
19:08:52.251 priority="6" "Thread-4" [INFO ] SerialPort 1256283230 sc getByte:128
19:08:52.257 priority="6" "Thread-2" [INFO ] SerialPort 1529725798 sc getByte:128
19:08:52.296 priority="6" "Thread-4" [INFO ] SerialPort 1256283230 sc getByte:128
19:08:52.303 priority="6" "Thread-2" [INFO ] SerialPort 1529725798 sc getByte:128
19:08:52.324 priority="6" "Thread-4" [INFO ] SerialPort 1256283230 sc getByte:128
19:08:52.329 priority="6" "Thread-2" [INFO ] SerialPort 1529725798 sc getByte:128
19:08:52.349 priority="6" "Thread-4" [INFO ] SerialPort 1256283230 sc getByte:128
19:08:52.351 priority="6" "Thread-2" [INFO ] SerialPort 1529725798 sc getByte:128
19:08:52.372 priority="6" "Thread-4" [INFO ] SerialPort 1256283230 sc getByte:128
19:08:52.373 priority="6" "Thread-2" [INFO ] SerialPort 1529725798 sc getByte:128
19:08:52.391 priority="6" "Thread-2" [INFO ] SerialPort 1529725798 sc getByte:128
19:08:52.393 priority="6" "Thread-4" [INFO ] SerialPort 1256283230 sc getByte:128
19:08:52.407 priority="6" "Thread-4" [INFO ] SerialPort 1256283230 sc getByte:128
19:08:52.411 priority="6" "Thread-2" [INFO ] SerialPort 1529725798 sc getByte:128
19:08:52.419 priority="6" "Thread-4" [INFO ] SerialPort 1256283230 sc getByte:128
19:08:52.427 priority="6" "Thread-2" [INFO ] SerialPort 1529725798 sc getByte:128
19:08:52.430 priority="6" "Thread-4" [INFO ] SerialPort 1256283230 sc getByte:128
19:08:52.440 priority="6" "Thread-2" [INFO ] SerialPort 1529725798 sc getByte:128
19:08:52.442 priority="6" "Thread-4" [INFO ] SerialPort 1256283230 sc getByte:128
19:08:52.450 priority="6" "Thread-2" [INFO ] SerialPort 1529725798 sc getByte:128
19:08:52.452 priority="6" "Thread-4" [INFO ] SerialPort 1256283230 sc getByte:128
19:08:52.459 priority="6" "Thread-2" [INFO ] SerialPort 1529725798 sc getByte:128
19:08:52.463 priority="6" "Thread-4" [INFO ] SerialPort 1256283230 sc getByte:128
19:08:52.469 priority="6" "Thread-2" [INFO ] SerialPort 1529725798 sc getByte:128
19:08:52.475 priority="6" "Thread-4" [INFO ] SerialPort 1256283230 sc getByte:128
19:08:52.480 priority="6" "Thread-2" [INFO ] SerialPort 1529725798 sc getByte:128
19:08:52.486 priority="6" "Thread-4" [INFO ] SerialPort 1256283230 sc getByte:128
19:08:52.491 priority="6" "Thread-2" [INFO ] SerialPort 1529725798 sc getByte:128
19:08:52.498 priority="6" "Thread-4" [INFO ] SerialPort 1256283230 sc getByte:128
19:08:52.509 priority="6" "Thread-2" [INFO ] SerialPort 1529725798 sc getByte:128
19:08:52.541 priority="6" "Thread-4" [INFO ] SerialPort 1256283230 sc getByte:128
19:08:52.543 priority="6" "Thread-2" [INFO ] SerialPort 1529725798 sc getByte:128
19:08:52.566 priority="6" "Thread-4" [INFO ] SerialPort 1256283230 sc getByte:128
19:08:52.576 priority="6" "Thread-2" [INFO ] SerialPort 1529725798 sc getByte:128
19:08:52.580 priority="6" "Thread-4" [INFO ] SerialPort 1256283230 sc getByte:128
19:08:52.591 priority="6" "Thread-4" [INFO ] SerialPort 1256283230 sc getByte:128
19:08:52.593 priority="6" "Thread-2" [INFO ] SerialPort 1529725798 sc getByte:128
19:08:52.601 priority="6" "Thread-4" [INFO ] SerialPort 1256283230 sc getByte:128
19:08:52.612 priority="6" "Thread-2" [INFO ] SerialPort 1529725798 sc getByte:128
19:08:52.618 priority="6" "Thread-4" [INFO ] SerialPort 1256283230 sc getByte:128
19:08:52.628 priority="6" "Thread-4" [INFO ] SerialPort 1256283230 sc getByte:128
19:08:52.631 priority="6" "Thread-2" [INFO ] SerialPort 1529725798 sc getByte:128
19:08:52.641 priority="6" "Thread-4" [INFO ] SerialPort 1256283230 sc getByte:128
19:08:52.651 priority="6" "Thread-2" [INFO ] SerialPort 1529725798 sc getByte:128
19:08:52.657 priority="6" "Thread-4" [INFO ] SerialPort 1256283230 sc getByte:128
19:08:52.667 priority="6" "Thread-2" [INFO ] SerialPort 1529725798 sc getByte:128
19:08:52.673 priority="6" "Thread-4" [INFO ] SerialPort 1256283230 sc getByte:128
19:08:52.683 priority="6" "Thread-2" [INFO ] SerialPort 1529725798 sc getByte:128
19:08:52.686 priority="6" "Thread-4" [INFO ] SerialPort 1256283230 sc getByte:128
19:08:52.692 priority="6" "Thread-2" [INFO ] SerialPort 1529725798 sc getByte:128
19:08:52.696 priority="6" "Thread-4" [INFO ] SerialPort 1256283230 sc getByte:128
19:08:52.702 priority="6" "Thread-2" [INFO ] SerialPort 1529725798 sc getByte:128
19:08:52.707 priority="6" "Thread-4" [INFO ] SerialPort 1256283230 sc getByte:128
19:08:52.712 priority="6" "Thread-2" [INFO ] SerialPort 1529725798 sc getByte:128
19:08:52.718 priority="6" "Thread-4" [INFO ] SerialPort 1256283230 sc getByte:128
19:08:52.721 priority="6" "Thread-2" [INFO ] SerialPort 1529725798 sc getByte:128
19:08:52.728 priority="6" "Thread-4" [INFO ] SerialPort 1256283230 sc getByte:128
19:08:52.731 priority="6" "Thread-2" [INFO ] SerialPort 1529725798 sc getByte:128
19:08:52.738 priority="6" "Thread-4" [INFO ] SerialPort 1256283230 sc getByte:128
19:08:52.740 priority="6" "Thread-2" [INFO ] SerialPort 1529725798 sc getByte:128
19:08:52.748 priority="6" "Thread-4" [INFO ] SerialPort 1256283230 sc getByte:128
19:08:52.749 priority="6" "Thread-2" [INFO ] SerialPort 1529725798 sc getByte:128
19:08:52.758 priority="6" "Thread-2" [INFO ] SerialPort 1529725798 sc getByte:128
19:08:52.759 priority="6" "Thread-4" [INFO ] SerialPort 1256283230 sc getByte:128
19:08:52.779 priority="6" "Thread-2" [INFO ] SerialPort 1529725798 sc getByte:128
19:08:52.780 priority="6" "Thread-4" [INFO ] SerialPort 1256283230 sc getByte:128
19:08:52.789 priority="6" "Thread-2" [INFO ] SerialPort 1529725798 sc getByte:128
19:08:52.791 priority="6" "Thread-4" [INFO ] SerialPort 1256283230 sc getByte:128
19:08:52.804 priority="6" "Thread-2" [INFO ] SerialPort 1529725798 sc getByte:128
19:08:52.808 priority="6" "Thread-4" [INFO ] SerialPort 1256283230 sc getByte:128
19:08:52.836 priority="6" "Thread-4" [INFO ] SerialPort 1256283230 sc getByte:128
19:08:52.840 priority="6" "Thread-2" [INFO ] SerialPort 1529725798 sc getByte:128
19:08:52.860 priority="6" "Thread-2" [INFO ] SerialPort 1529725798 sc getByte:128
19:08:52.865 priority="6" "Thread-4" [INFO ] SerialPort 1256283230 sc getByte:128
19:08:52.882 priority="6" "Thread-4" [INFO ] SerialPort 1256283230 sc getByte:128
19:08:52.884 priority="6" "Thread-2" [INFO ] SerialPort 1529725798 sc getByte:128
19:08:52.898 priority="6" "Thread-4" [INFO ] SerialPort 1256283230 sc getByte:128
19:08:52.909 priority="6" "Thread-2" [INFO ] SerialPort 1529725798 sc getByte:128
19:08:52.912 priority="6" "Thread-4" [INFO ] SerialPort 1256283230 sc getByte:128
19:08:52.935 priority="6" "Thread-4" [INFO ] SerialPort 1256283230 sc getByte:128
19:08:52.938 priority="6" "Thread-2" [INFO ] SerialPort 1529725798 sc getByte:128
19:08:52.947 priority="6" "Thread-4" [INFO ] SerialPort 1256283230 sc getByte:128
19:08:52.953 priority="6" "Thread-2" [INFO ] SerialPort 1529725798 sc getByte:128
19:08:52.959 priority="6" "Thread-4" [INFO ] SerialPort 1256283230 sc getByte:128
19:08:52.969 priority="6" "Thread-2" [INFO ] SerialPort 1529725798 sc getByte:128
19:08:52.975 priority="6" "Thread-4" [INFO ] SerialPort 1256283230 sc getByte:128
19:08:52.983 priority="6" "Thread-2" [INFO ] SerialPort 1529725798 sc getByte:128
19:08:52.987 priority="6" "Thread-4" [INFO ] SerialPort 1256283230 sc getByte:128
19:08:52.994 priority="6" "Thread-2" [INFO ] SerialPort 1529725798 sc getByte:128
19:08:52.998 priority="6" "Thread-4" [INFO ] SerialPort 1256283230 sc getByte:128
19:08:53.006 priority="6" "Thread-2" [INFO ] SerialPort 1529725798 sc getByte:128
19:08:53.008 priority="6" "Thread-4" [INFO ] SerialPort 1256283230 sc getByte:128
19:08:53.019 priority="6" "Thread-4" [INFO ] SerialPort 1256283230 sc getByte:128
19:08:53.019 priority="6" "Thread-2" [INFO ] SerialPort 1529725798 sc getByte:128
19:08:53.029 priority="6" "Thread-4" [INFO ] SerialPort 1256283230 sc getByte:128
19:08:53.030 priority="6" "Thread-2" [INFO ] SerialPort 1529725798 sc getByte:128
19:08:53.039 priority="6" "Thread-4" [INFO ] SerialPort 1256283230 sc getByte:128
19:08:53.040 priority="6" "Thread-2" [INFO ] SerialPort 1529725798 sc getByte:128
19:08:53.050 priority="6" "Thread-4" [INFO ] SerialPort 1256283230 sc getByte:128
19:08:53.051 priority="6" "Thread-2" [INFO ] SerialPort 1529725798 sc getByte:128
19:08:53.060 priority="6" "Thread-4" [INFO ] SerialPort 1256283230 sc getByte:128
19:08:53.062 priority="6" "Thread-2" [INFO ] SerialPort 1529725798 sc getByte:128
19:08:53.072 priority="6" "Thread-2" [INFO ] SerialPort 1529725798 sc getByte:128
19:08:53.073 priority="6" "Thread-4" [INFO ] SerialPort 1256283230 sc getByte:128
19:08:53.084 priority="6" "Thread-2" [INFO ] SerialPort 1529725798 sc getByte:128
19:08:53.085 priority="6" "Thread-4" [INFO ] SerialPort 1256283230 sc getByte:128
19:08:53.096 priority="6" "Thread-4" [INFO ] SerialPort 1256283230 sc getByte:128
19:08:53.098 priority="6" "Thread-2" [INFO ] SerialPort 1529725798 sc getByte:128
19:08:53.107 priority="6" "Thread-4" [INFO ] SerialPort 1256283230 sc getByte:128
19:08:53.109 priority="6" "Thread-2" [INFO ] SerialPort 1529725798 sc getByte:128
19:08:53.118 priority="6" "Thread-4" [INFO ] SerialPort 1256283230 sc getByte:128
19:08:53.119 priority="6" "Thread-2" [INFO ] SerialPort 1529725798 sc getByte:128
19:08:53.127 priority="6" "Thread-4" [INFO ] SerialPort 1256283230 sc getByte:128
19:08:53.129 priority="6" "Thread-2" [INFO ] SerialPort 1529725798 sc getByte:128
19:08:53.138 priority="6" "Thread-4" [INFO ] SerialPort 1256283230 sc getByte:128
19:08:53.139 priority="6" "Thread-2" [INFO ] SerialPort 1529725798 sc getByte:128
19:08:53.148 priority="6" "Thread-4" [INFO ] SerialPort 1256283230 sc getByte:128
19:08:53.148 priority="6" "Thread-2" [INFO ] SerialPort 1529725798 sc getByte:128
19:08:53.158 priority="6" "Thread-2" [INFO ] SerialPort 1529725798 sc getByte:128
19:08:53.158 priority="6" "Thread-4" [INFO ] SerialPort 1256283230 sc getByte:128
19:08:53.167 priority="6" "Thread-2" [INFO ] SerialPort 1529725798 sc getByte:128
19:08:53.167 priority="6" "Thread-4" [INFO ] SerialPort 1256283230 sc getByte:128
19:08:53.176 priority="6" "Thread-4" [INFO ] SerialPort 1256283230 sc getByte:128
19:08:53.178 priority="6" "Thread-2" [INFO ] SerialPort 1529725798 sc getByte:128
19:08:53.186 priority="6" "Thread-4" [INFO ] SerialPort 1256283230 sc getByte:128
19:08:53.187 priority="6" "Thread-2" [INFO ] SerialPort 1529725798 sc getByte:128
19:08:53.196 priority="6" "Thread-4" [INFO ] SerialPort 1256283230 sc getByte:128
19:08:53.197 priority="6" "Thread-2" [INFO ] SerialPort 1529725798 sc getByte:128
19:08:53.205 priority="6" "Thread-4" [INFO ] SerialPort 1256283230 sc getByte:128
19:08:53.207 priority="6" "Thread-2" [INFO ] SerialPort 1529725798 sc getByte:128
19:08:53.214 priority="6" "Thread-4" [INFO ] SerialPort 1256283230 sc getByte:128
19:08:53.217 priority="6" "Thread-2" [INFO ] SerialPort 1529725798 sc getByte:128
19:08:53.223 priority="6" "Thread-4" [INFO ] SerialPort 1256283230 sc getByte:128
19:08:53.227 priority="6" "Thread-2" [INFO ] SerialPort 1529725798 sc getByte:128
19:08:53.233 priority="6" "Thread-4" [INFO ] SerialPort 1256283230 sc getByte:128
19:08:53.238 priority="6" "Thread-2" [INFO ] SerialPort 1529725798 sc getByte:128
19:08:53.242 priority="6" "Thread-4" [INFO ] SerialPort 1256283230 sc getByte:128
19:08:53.249 priority="6" "Thread-2" [INFO ] SerialPort 1529725798 sc getByte:128
19:08:53.252 priority="6" "Thread-4" [INFO ] SerialPort 1256283230 sc getByte:128
19:08:53.259 priority="6" "Thread-2" [INFO ] SerialPort 1529725798 sc getByte:128
19:08:53.261 priority="6" "Thread-4" [INFO ] SerialPort 1256283230 sc getByte:128
19:08:53.269 priority="6" "Thread-2" [INFO ] SerialPort 1529725798 sc getByte:128
19:08:53.270 priority="6" "Thread-4" [INFO ] SerialPort 1256283230 sc getByte:128
19:08:53.279 priority="6" "Thread-2" [INFO ] SerialPort 1529725798 sc getByte:128
19:08:53.279 priority="6" "Thread-4" [INFO ] SerialPort 1256283230 sc getByte:128
19:08:53.288 priority="6" "Thread-4" [INFO ] SerialPort 1256283230 sc getByte:128
19:08:53.289 priority="6" "Thread-2" [INFO ] SerialPort 1529725798 sc getByte:128
19:08:53.305 priority="6" "Thread-2" [INFO ] SerialPort 1529725798 sc getByte:128
19:08:53.305 priority="6" "Thread-4" [INFO ] SerialPort 1256283230 sc getByte:128
19:08:53.316 priority="6" "Thread-2" [INFO ] SerialPort 1529725798 sc getByte:128
19:08:53.317 priority="6" "Thread-4" [INFO ] SerialPort 1256283230 sc getByte:128
19:08:53.325 priority="6" "Thread-4" [INFO ] SerialPort 1256283230 sc getByte:128
19:08:53.325 priority="6" "Thread-2" [INFO ] SerialPort 1529725798 sc getByte:128
19:08:53.335 priority="6" "Thread-2" [INFO ] SerialPort 1529725798 sc getByte:128
19:08:53.335 priority="6" "Thread-4" [INFO ] SerialPort 1256283230 sc getByte:128
19:08:53.344 priority="6" "Thread-4" [INFO ] SerialPort 1256283230 sc getByte:128
19:08:53.345 priority="6" "Thread-2" [INFO ] SerialPort 1529725798 sc getByte:128
19:08:53.353 priority="6" "Thread-4" [INFO ] SerialPort 1256283230 sc getByte:128
19:08:53.354 priority="6" "Thread-2" [INFO ] SerialPort 1529725798 sc getByte:128
19:08:53.363 priority="6" "Thread-4" [INFO ] SerialPort 1256283230 sc getByte:128
19:08:53.364 priority="6" "Thread-2" [INFO ] SerialPort 1529725798 sc getByte:128
19:08:53.372 priority="6" "Thread-4" [INFO ] SerialPort 1256283230 sc getByte:128
19:08:53.374 priority="6" "Thread-2" [INFO ] SerialPort 1529725798 sc getByte:128
19:08:53.382 priority="6" "Thread-4" [INFO ] SerialPort 1256283230 sc getByte:128
19:08:53.385 priority="6" "Thread-2" [INFO ] SerialPort 1529725798 sc getByte:128
19:08:53.391 priority="6" "Thread-4" [INFO ] SerialPort 1256283230 sc getByte:128
19:08:53.395 priority="6" "Thread-2" [INFO ] SerialPort 1529725798 sc getByte:128
19:08:53.401 priority="6" "Thread-4" [INFO ] SerialPort 1256283230 sc getByte:128
19:08:53.404 priority="6" "Thread-2" [INFO ] SerialPort 1529725798 sc getByte:128
19:08:53.410 priority="6" "Thread-4" [INFO ] SerialPort 1256283230 sc getByte:128
19:08:53.414 priority="6" "Thread-2" [INFO ] SerialPort 1529725798 sc getByte:128
19:08:53.420 priority="6" "Thread-4" [INFO ] SerialPort 1256283230 sc getByte:128
19:08:53.423 priority="6" "Thread-2" [INFO ] SerialPort 1529725798 sc getByte:128
19:08:53.431 priority="6" "Thread-4" [INFO ] SerialPort 1256283230 sc getByte:128
19:08:53.433 priority="6" "Thread-2" [INFO ] SerialPort 1529725798 sc getByte:128
19:08:53.440 priority="6" "Thread-4" [INFO ] SerialPort 1256283230 sc getByte:128
19:08:53.443 priority="6" "Thread-2" [INFO ] SerialPort 1529725798 sc getByte:128
19:08:53.451 priority="6" "Thread-4" [INFO ] SerialPort 1256283230 sc getByte:128
19:08:53.453 priority="6" "Thread-2" [INFO ] SerialPort 1529725798 sc getByte:128
19:08:53.460 priority="6" "Thread-4" [INFO ] SerialPort 1256283230 sc getByte:128
19:08:53.464 priority="6" "Thread-2" [INFO ] SerialPort 1529725798 sc getByte:128
19:08:53.473 priority="6" "Thread-2" [INFO ] SerialPort 1529725798 sc getByte:128
19:08:53.474 priority="6" "Thread-4" [INFO ] SerialPort 1256283230 sc getByte:128
19:08:53.484 priority="6" "Thread-2" [INFO ] SerialPort 1529725798 sc getByte:128
19:08:53.485 priority="6" "Thread-4" [INFO ] SerialPort 1256283230 sc getByte:128
19:08:53.494 priority="6" "Thread-2" [INFO ] SerialPort 1529725798 sc getByte:128
19:08:53.494 priority="6" "Thread-4" [INFO ] SerialPort 1256283230 sc getByte:128
19:08:53.503 priority="6" "Thread-4" [INFO ] SerialPort 1256283230 sc getByte:128
19:08:53.503 priority="6" "Thread-2" [INFO ] SerialPort 1529725798 sc getByte:128
19:08:53.512 priority="6" "Thread-4" [INFO ] SerialPort 1256283230 sc getByte:128
19:08:53.513 priority="6" "Thread-2" [INFO ] SerialPort 1529725798 sc getByte:128
19:08:53.522 priority="6" "Thread-4" [INFO ] SerialPort 1256283230 sc getByte:128
19:08:53.523 priority="6" "Thread-2" [INFO ] SerialPort 1529725798 sc getByte:128
19:08:53.532 priority="6" "Thread-4" [INFO ] SerialPort 1256283230 sc getByte:128
19:08:53.532 priority="6" "Thread-2" [INFO ] SerialPort 1529725798 sc getByte:128
19:08:53.542 priority="6" "Thread-4" [INFO ] SerialPort 1256283230 sc getByte:128
19:08:53.543 priority="6" "Thread-2" [INFO ] SerialPort 1529725798 sc getByte:128
19:08:53.553 priority="6" "Thread-4" [INFO ] SerialPort 1256283230 sc getByte:128
19:08:53.553 priority="6" "Thread-2" [INFO ] SerialPort 1529725798 sc getByte:128
19:08:53.562 priority="6" "Thread-4" [INFO ] SerialPort 1256283230 sc getByte:128
19:08:53.563 priority="6" "Thread-2" [INFO ] SerialPort 1529725798 sc getByte:128
19:08:53.571 priority="6" "Thread-4" [INFO ] SerialPort 1256283230 sc getByte:128
19:08:53.573 priority="6" "Thread-2" [INFO ] SerialPort 1529725798 sc getByte:128
19:08:53.580 priority="6" "Thread-4" [INFO ] SerialPort 1256283230 sc getByte:128
19:08:53.583 priority="6" "Thread-2" [INFO ] SerialPort 1529725798 sc getByte:128
19:08:53.590 priority="6" "Thread-4" [INFO ] SerialPort 1256283230 sc getByte:128
19:08:53.592 priority="6" "Thread-2" [INFO ] SerialPort 1529725798 sc getByte:128
19:08:53.599 priority="6" "Thread-4" [INFO ] SerialPort 1256283230 sc getByte:128
19:08:53.601 priority="6" "Thread-2" [INFO ] SerialPort 1529725798 sc getByte:128
19:08:53.608 priority="6" "Thread-4" [INFO ] SerialPort 1256283230 sc getByte:128
19:08:53.611 priority="6" "Thread-2" [INFO ] SerialPort 1529725798 sc getByte:128
19:08:53.618 priority="6" "Thread-4" [INFO ] SerialPort 1256283230 sc getByte:128
19:08:53.622 priority="6" "Thread-2" [INFO ] SerialPort 1529725798 sc getByte:128
19:08:53.627 priority="6" "Thread-4" [INFO ] SerialPort 1256283230 sc getByte:128
19:08:53.632 priority="6" "Thread-2" [INFO ] SerialPort 1529725798 sc getByte:128
19:08:53.636 priority="6" "Thread-4" [INFO ] SerialPort 1256283230 sc getByte:128
19:08:53.641 priority="6" "Thread-2" [INFO ] SerialPort 1529725798 sc getByte:128
19:08:53.647 priority="6" "Thread-4" [INFO ] SerialPort 1256283230 sc getByte:128
19:08:53.651 priority="6" "Thread-2" [INFO ] SerialPort 1529725798 sc getByte:128
19:08:53.655 priority="6" "Thread-4" [INFO ] SerialPort 1256283230 sc getByte:128
19:08:53.661 priority="6" "Thread-2" [INFO ] SerialPort 1529725798 sc getByte:128
19:08:53.665 priority="6" "Thread-4" [INFO ] SerialPort 1256283230 sc getByte:128
19:08:53.672 priority="6" "Thread-2" [INFO ] SerialPort 1529725798 sc getByte:128
19:08:53.673 priority="6" "Thread-4" [INFO ] SerialPort 1256283230 sc getByte:128
19:08:53.682 priority="6" "Thread-2" [INFO ] SerialPort 1529725798 sc getByte:128
19:08:53.683 priority="6" "Thread-4" [INFO ] SerialPort 1256283230 sc getByte:128
19:08:53.691 priority="6" "Thread-2" [INFO ] SerialPort 1529725798 sc getByte:128
19:08:53.691 priority="6" "Thread-4" [INFO ] SerialPort 1256283230 sc getByte:128
19:08:53.701 priority="6" "Thread-2" [INFO ] SerialPort 1529725798 sc getByte:128
19:08:53.702 priority="6" "Thread-4" [INFO ] SerialPort 1256283230 sc getByte:128
19:08:53.717 priority="6" "Thread-2" [INFO ] SerialPort 1529725798 sc getByte:128
19:08:53.718 priority="6" "Thread-4" [INFO ] SerialPort 1256283230 sc getByte:128
19:08:53.725 priority="6" "Thread-2" [INFO ] SerialPort 1529725798 sc getByte:128
19:08:53.728 priority="6" "Thread-4" [INFO ] SerialPort 1256283230 sc getByte:128
19:08:53.735 priority="6" "Thread-2" [INFO ] SerialPort 1529725798 sc getByte:128
19:08:53.739 priority="6" "Thread-4" [INFO ] SerialPort 1256283230 sc getByte:128
19:08:53.743 priority="6" "Thread-2" [INFO ] SerialPort 1529725798 sc getByte:128
19:08:53.749 priority="6" "Thread-4" [INFO ] SerialPort 1256283230 sc getByte:128
19:08:53.752 priority="6" "Thread-2" [INFO ] SerialPort 1529725798 sc getByte:128
19:08:53.758 priority="6" "Thread-4" [INFO ] SerialPort 1256283230 sc getByte:128
19:08:53.760 priority="6" "Thread-2" [INFO ] SerialPort 1529725798 sc getByte:128
19:08:53.767 priority="6" "Thread-4" [INFO ] SerialPort 1256283230 sc getByte:128
19:08:53.769 priority="6" "Thread-2" [INFO ] SerialPort 1529725798 sc getByte:128
19:08:53.779 priority="6" "Thread-2" [INFO ] SerialPort 1529725798 sc getByte:128
19:08:53.781 priority="6" "Thread-4" [INFO ] SerialPort 1256283230 sc getByte:128
19:08:53.787 priority="6" "Thread-2" [INFO ] SerialPort 1529725798 sc getByte:128
19:08:53.792 priority="6" "Thread-4" [INFO ] SerialPort 1256283230 sc getByte:128
19:08:53.796 priority="6" "Thread-2" [INFO ] SerialPort 1529725798 sc getByte:128
19:08:53.802 priority="6" "Thread-4" [INFO ] SerialPort 1256283230 sc getByte:128
19:08:53.805 priority="6" "Thread-2" [INFO ] SerialPort 1529725798 sc getByte:128
19:08:53.814 priority="6" "Thread-2" [INFO ] SerialPort 1529725798 sc getByte:128
19:08:53.814 priority="6" "Thread-4" [INFO ] SerialPort 1256283230 sc getByte:128
19:08:53.822 priority="6" "Thread-2" [INFO ] SerialPort 1529725798 sc getByte:128
19:08:53.825 priority="6" "Thread-4" [INFO ] SerialPort 1256283230 sc getByte:128
19:08:53.831 priority="6" "Thread-2" [INFO ] SerialPort 1529725798 sc getByte:128
19:08:53.834 priority="6" "Thread-4" [INFO ] SerialPort 1256283230 sc getByte:128
19:08:53.840 priority="6" "Thread-2" [INFO ] SerialPort 1529725798 sc getByte:128
19:08:53.843 priority="6" "Thread-4" [INFO ] SerialPort 1256283230 sc getByte:128
19:08:53.850 priority="6" "Thread-2" [INFO ] SerialPort 1529725798 sc getByte:128
19:08:53.852 priority="6" "Thread-4" [INFO ] SerialPort 1256283230 sc getByte:128
19:08:53.859 priority="6" "Thread-2" [INFO ] SerialPort 1529725798 sc getByte:128
19:08:53.860 priority="6" "Thread-4" [INFO ] SerialPort 1256283230 sc getByte:128
19:08:53.868 priority="6" "Thread-2" [INFO ] SerialPort 1529725798 sc getByte:128
19:08:53.869 priority="6" "Thread-4" [INFO ] SerialPort 1256283230 sc getByte:128
19:08:53.877 priority="6" "Thread-2" [INFO ] SerialPort 1529725798 sc getByte:128
19:08:53.877 priority="6" "Thread-4" [INFO ] SerialPort 1256283230 sc getByte:128
19:08:53.885 priority="6" "Thread-2" [INFO ] SerialPort 1529725798 sc getByte:128
19:08:53.886 priority="6" "Thread-4" [INFO ] SerialPort 1256283230 sc getByte:128
19:08:53.894 priority="6" "Thread-2" [INFO ] SerialPort 1529725798 sc getByte:128
19:08:53.894 priority="6" "Thread-4" [INFO ] SerialPort 1256283230 sc getByte:128
19:08:53.903 priority="6" "Thread-2" [INFO ] SerialPort 1529725798 sc getByte:128
19:08:53.903 priority="6" "Thread-4" [INFO ] SerialPort 1256283230 sc getByte:128
19:08:53.912 priority="6" "Thread-4" [INFO ] SerialPort 1256283230 sc getByte:128
19:08:53.912 priority="6" "Thread-2" [INFO ] SerialPort 1529725798 sc getByte:128
19:08:53.920 priority="6" "Thread-4" [INFO ] SerialPort 1256283230 sc getByte:128
19:08:53.921 priority="6" "Thread-2" [INFO ] SerialPort 1529725798 sc getByte:128
19:08:53.928 priority="6" "Thread-4" [INFO ] SerialPort 1256283230 sc getByte:128
19:08:53.929 priority="6" "Thread-2" [INFO ] SerialPort 1529725798 sc getByte:128
19:08:53.936 priority="6" "Thread-4" [INFO ] SerialPort 1256283230 sc getByte:128
19:08:53.937 priority="6" "Thread-2" [INFO ] SerialPort 1529725798 sc getByte:128
19:08:53.945 priority="6" "Thread-4" [INFO ] SerialPort 1256283230 sc getByte:128
19:08:53.947 priority="6" "Thread-2" [INFO ] SerialPort 1529725798 sc getByte:128
19:08:53.954 priority="6" "Thread-4" [INFO ] SerialPort 1256283230 sc getByte:128
19:08:53.955 priority="6" "Thread-2" [INFO ] SerialPort 1529725798 sc getByte:128
19:08:53.962 priority="6" "Thread-4" [INFO ] SerialPort 1256283230 sc getByte:128
19:08:53.964 priority="6" "Thread-2" [INFO ] SerialPort 1529725798 sc getByte:128
19:08:53.971 priority="6" "Thread-4" [INFO ] SerialPort 1256283230 sc getByte:128
19:08:53.973 priority="6" "Thread-2" [INFO ] SerialPort 1529725798 sc getByte:128
19:08:53.979 priority="6" "Thread-4" [INFO ] SerialPort 1256283230 sc getByte:128
19:08:53.981 priority="6" "Thread-2" [INFO ] SerialPort 1529725798 sc getByte:128
19:08:53.988 priority="6" "Thread-4" [INFO ] SerialPort 1256283230 sc getByte:128
19:08:53.990 priority="6" "Thread-2" [INFO ] SerialPort 1529725798 sc getByte:128
19:08:53.997 priority="6" "Thread-4" [INFO ] SerialPort 1256283230 sc getByte:128
19:08:53.999 priority="6" "Thread-2" [INFO ] SerialPort 1529725798 sc getByte:128
19:08:54.005 priority="6" "Thread-4" [INFO ] SerialPort 1256283230 sc getByte:128
19:08:54.008 priority="6" "Thread-2" [INFO ] SerialPort 1529725798 sc getByte:128
19:08:54.014 priority="6" "Thread-4" [INFO ] SerialPort 1256283230 sc getByte:128
19:08:54.017 priority="6" "Thread-2" [INFO ] SerialPort 1529725798 sc getByte:128
19:08:54.023 priority="6" "Thread-4" [INFO ] SerialPort 1256283230 sc getByte:128
19:08:54.026 priority="6" "Thread-2" [INFO ] SerialPort 1529725798 sc getByte:128
19:08:54.031 priority="6" "Thread-4" [INFO ] SerialPort 1256283230 sc getByte:128
19:08:54.035 priority="6" "Thread-2" [INFO ] SerialPort 1529725798 sc getByte:128
19:08:54.039 priority="6" "Thread-4" [INFO ] SerialPort 1256283230 sc getByte:128
19:08:54.043 priority="6" "Thread-2" [INFO ] SerialPort 1529725798 sc getByte:128
19:08:54.048 priority="6" "Thread-4" [INFO ] SerialPort 1256283230 sc getByte:128
19:08:54.052 priority="6" "Thread-2" [INFO ] SerialPort 1529725798 sc getByte:128
19:08:54.057 priority="6" "Thread-4" [INFO ] SerialPort 1256283230 sc getByte:128
19:08:54.063 priority="6" "Thread-2" [INFO ] SerialPort 1529725798 sc getByte:128
19:08:54.065 priority="6" "Thread-4" [INFO ] SerialPort 1256283230 sc getByte:128
19:08:54.072 priority="6" "Thread-2" [INFO ] SerialPort 1529725798 sc getByte:128
19:08:54.074 priority="6" "Thread-4" [INFO ] SerialPort 1256283230 sc getByte:128
19:08:54.080 priority="6" "Thread-2" [INFO ] SerialPort 1529725798 sc getByte:128
19:08:54.084 priority="6" "Thread-4" [INFO ] SerialPort 1256283230 sc getByte:128
19:08:54.094 priority="6" "Thread-2" [INFO ] SerialPort 1529725798 sc getByte:128
19:08:54.098 priority="6" "Thread-4" [INFO ] SerialPort 1256283230 sc getByte:128
19:08:54.102 priority="6" "Thread-2" [INFO ] SerialPort 1529725798 sc getByte:128
19:08:54.107 priority="6" "Thread-4" [INFO ] SerialPort 1256283230 sc getByte:128
19:08:54.111 priority="6" "Thread-2" [INFO ] SerialPort 1529725798 sc getByte:128
19:08:54.116 priority="6" "Thread-4" [INFO ] SerialPort 1256283230 sc getByte:128
19:08:54.119 priority="6" "Thread-2" [INFO ] SerialPort 1529725798 sc getByte:128
19:08:54.126 priority="6" "Thread-4" [INFO ] SerialPort 1256283230 sc getByte:128
19:08:54.127 priority="6" "Thread-2" [INFO ] SerialPort 1529725798 sc getByte:128
19:08:54.134 priority="6" "Thread-4" [INFO ] SerialPort 1256283230 sc getByte:128
19:08:54.136 priority="6" "Thread-2" [INFO ] SerialPort 1529725798 sc getByte:128
19:08:54.143 priority="6" "Thread-4" [INFO ] SerialPort 1256283230 sc getByte:128
19:08:54.144 priority="6" "Thread-2" [INFO ] SerialPort 1529725798 sc getByte:128
19:08:54.152 priority="6" "Thread-4" [INFO ] SerialPort 1256283230 sc getByte:128
19:08:54.153 priority="6" "Thread-2" [INFO ] SerialPort 1529725798 sc getByte:128
19:08:54.161 priority="6" "Thread-2" [INFO ] SerialPort 1529725798 sc getByte:128
19:08:54.162 priority="6" "Thread-4" [INFO ] SerialPort 1256283230 sc getByte:128
19:08:54.170 priority="6" "Thread-2" [INFO ] SerialPort 1529725798 sc getByte:128
19:08:54.172 priority="6" "Thread-4" [INFO ] SerialPort 1256283230 sc getByte:128
19:08:54.178 priority="6" "Thread-2" [INFO ] SerialPort 1529725798 sc getByte:128
19:08:54.180 priority="6" "Thread-4" [INFO ] SerialPort 1256283230 sc getByte:128
19:08:54.187 priority="6" "Thread-2" [INFO ] SerialPort 1529725798 sc getByte:128
19:08:54.190 priority="6" "Thread-4" [INFO ] SerialPort 1256283230 sc getByte:128
19:08:54.196 priority="6" "Thread-2" [INFO ] SerialPort 1529725798 sc getByte:128
19:08:54.198 priority="6" "Thread-4" [INFO ] SerialPort 1256283230 sc getByte:128
19:08:54.205 priority="6" "Thread-2" [INFO ] SerialPort 1529725798 sc getByte:128
19:08:54.207 priority="6" "Thread-4" [INFO ] SerialPort 1256283230 sc getByte:128
19:08:54.213 priority="6" "Thread-2" [INFO ] SerialPort 1529725798 sc getByte:128
19:08:54.216 priority="6" "Thread-4" [INFO ] SerialPort 1256283230 sc getByte:128
19:08:54.221 priority="6" "Thread-2" [INFO ] SerialPort 1529725798 sc getByte:128
19:08:54.224 priority="6" "Thread-4" [INFO ] SerialPort 1256283230 sc getByte:128
19:08:54.230 priority="6" "Thread-2" [INFO ] SerialPort 1529725798 sc getByte:128
19:08:54.233 priority="6" "Thread-4" [INFO ] SerialPort 1256283230 sc getByte:128
19:08:54.238 priority="6" "Thread-2" [INFO ] SerialPort 1529725798 sc getByte:128
19:08:54.241 priority="6" "Thread-4" [INFO ] SerialPort 1256283230 sc getByte:128
19:08:54.247 priority="6" "Thread-2" [INFO ] SerialPort 1529725798 sc getByte:128
19:08:54.250 priority="6" "Thread-4" [INFO ] SerialPort 1256283230 sc getByte:128
19:08:54.255 priority="6" "Thread-2" [INFO ] SerialPort 1529725798 sc getByte:128
19:08:54.264 priority="6" "Thread-2" [INFO ] SerialPort 1529725798 sc getByte:128
19:08:54.266 priority="6" "Thread-4" [INFO ] SerialPort 1256283230 sc getByte:128
19:08:54.273 priority="6" "Thread-2" [INFO ] SerialPort 1529725798 sc getByte:128
19:08:54.281 priority="6" "Thread-2" [INFO ] SerialPort 1529725798 sc getByte:128
19:08:54.281 priority="6" "Thread-4" [INFO ] SerialPort 1256283230 sc getByte:128
19:08:54.289 priority="6" "AWT-EventQueue-0" [INFO ] pressed DOWN
19:08:54.291 priority="6" "Thread-2" [INFO ] SerialPort 1529725798 sc getByte:128
19:08:54.293 priority="6" "Thread-4" [INFO ] SerialPort 1256283230 sc getByte:128
19:08:54.294 priority="6" "Thread-2" [INFO ] Joypad DOWN
19:08:54.294 priority="6" "Thread-2" [INFO ] Joypad DOWN
19:08:54.299 priority="6" "Thread-2" [INFO ] SerialPort 1529725798 sc getByte:128
19:08:54.301 priority="6" "Thread-4" [INFO ] SerialPort 1256283230 sc getByte:128
19:08:54.302 priority="6" "Thread-2" [INFO ] Joypad DOWN
19:08:54.302 priority="6" "Thread-2" [INFO ] Joypad DOWN
19:08:54.308 priority="6" "Thread-2" [INFO ] SerialPort 1529725798 sc getByte:128
19:08:54.309 priority="6" "Thread-4" [INFO ] SerialPort 1256283230 sc getByte:128
19:08:54.311 priority="6" "Thread-2" [INFO ] Joypad DOWN
19:08:54.311 priority="6" "Thread-2" [INFO ] Joypad DOWN
19:08:54.317 priority="6" "Thread-2" [INFO ] SerialPort 1529725798 sc getByte:128
19:08:54.318 priority="6" "Thread-4" [INFO ] SerialPort 1256283230 sc getByte:128
19:08:54.320 priority="6" "Thread-2" [INFO ] Joypad DOWN
19:08:54.320 priority="6" "Thread-2" [INFO ] Joypad DOWN
19:08:54.325 priority="6" "Thread-2" [INFO ] SerialPort 1529725798 sc getByte:128
19:08:54.327 priority="6" "Thread-4" [INFO ] SerialPort 1256283230 sc getByte:128
19:08:54.328 priority="6" "Thread-2" [INFO ] Joypad DOWN
19:08:54.328 priority="6" "Thread-2" [INFO ] Joypad DOWN
19:08:54.335 priority="6" "Thread-2" [INFO ] SerialPort 1529725798 sc getByte:128
19:08:54.336 priority="6" "Thread-4" [INFO ] SerialPort 1256283230 sc getByte:128
19:08:54.344 priority="6" "Thread-2" [INFO ] SerialPort 1529725798 sc getByte:128
19:08:54.344 priority="6" "Thread-4" [INFO ] SerialPort 1256283230 sc getByte:128
19:08:54.352 priority="6" "Thread-2" [INFO ] SerialPort 1529725798 sc getByte:128
19:08:54.353 priority="6" "Thread-4" [INFO ] SerialPort 1256283230 sc getByte:128
19:08:54.361 priority="6" "Thread-2" [INFO ] SerialPort 1529725798 sc getByte:128
19:08:54.363 priority="6" "Thread-4" [INFO ] SerialPort 1256283230 sc getByte:128
19:08:54.369 priority="6" "Thread-2" [INFO ] SerialPort 1529725798 sc getByte:128
19:08:54.372 priority="6" "Thread-4" [INFO ] SerialPort 1256283230 sc getByte:128
19:08:54.378 priority="6" "Thread-2" [INFO ] SerialPort 1529725798 sc getByte:128
19:08:54.381 priority="6" "Thread-4" [INFO ] SerialPort 1256283230 sc getByte:128
19:08:54.386 priority="6" "Thread-2" [INFO ] SerialPort 1529725798 sc getByte:128
19:08:54.390 priority="6" "Thread-4" [INFO ] SerialPort 1256283230 sc getByte:128
19:08:54.395 priority="6" "Thread-2" [INFO ] SerialPort 1529725798 sc getByte:128
19:08:54.400 priority="6" "Thread-4" [INFO ] SerialPort 1256283230 sc getByte:128
19:08:54.403 priority="6" "Thread-2" [INFO ] SerialPort 1529725798 sc getByte:128
19:08:54.409 priority="6" "Thread-4" [INFO ] SerialPort 1256283230 sc getByte:128
19:08:54.412 priority="6" "Thread-2" [INFO ] SerialPort 1529725798 sc getByte:128
19:08:54.418 priority="6" "Thread-4" [INFO ] SerialPort 1256283230 sc getByte:128
19:08:54.420 priority="6" "Thread-2" [INFO ] SerialPort 1529725798 sc getByte:128
19:08:54.427 priority="6" "Thread-4" [INFO ] SerialPort 1256283230 sc getByte:128
19:08:54.429 priority="6" "Thread-2" [INFO ] SerialPort 1529725798 sc getByte:128
19:08:54.436 priority="6" "Thread-4" [INFO ] SerialPort 1256283230 sc getByte:128
19:08:54.438 priority="6" "Thread-2" [INFO ] SerialPort 1529725798 sc getByte:128
19:08:54.445 priority="6" "Thread-4" [INFO ] SerialPort 1256283230 sc getByte:128
19:08:54.447 priority="6" "Thread-2" [INFO ] SerialPort 1529725798 sc getByte:128
19:08:54.453 priority="6" "Thread-4" [INFO ] SerialPort 1256283230 sc getByte:128
19:08:54.455 priority="6" "Thread-2" [INFO ] SerialPort 1529725798 sc getByte:128
19:08:54.461 priority="6" "Thread-4" [INFO ] SerialPort 1256283230 sc getByte:128
19:08:54.470 priority="6" "Thread-2" [INFO ] SerialPort 1529725798 sc getByte:128
19:08:54.482 priority="6" "Thread-4" [INFO ] SerialPort 1256283230 sc getByte:128
19:08:54.486 priority="6" "Thread-2" [INFO ] SerialPort 1529725798 sc getByte:128
19:08:54.494 priority="6" "Thread-4" [INFO ] SerialPort 1256283230 sc getByte:128
19:08:54.497 priority="6" "Thread-2" [INFO ] SerialPort 1529725798 sc getByte:128
19:08:54.504 priority="6" "Thread-4" [INFO ] SerialPort 1256283230 sc getByte:128
19:08:54.506 priority="6" "Thread-2" [INFO ] SerialPort 1529725798 sc getByte:128
19:08:54.514 priority="6" "Thread-4" [INFO ] SerialPort 1256283230 sc getByte:128
19:08:54.516 priority="6" "Thread-2" [INFO ] SerialPort 1529725798 sc getByte:128
19:08:54.523 priority="6" "Thread-4" [INFO ] SerialPort 1256283230 sc getByte:128
19:08:54.525 priority="6" "Thread-2" [INFO ] SerialPort 1529725798 sc getByte:128
19:08:54.533 priority="6" "Thread-4" [INFO ] SerialPort 1256283230 sc getByte:128
19:08:54.534 priority="6" "Thread-2" [INFO ] SerialPort 1529725798 sc getByte:128
19:08:54.542 priority="6" "Thread-2" [INFO ] SerialPort 1529725798 sc getByte:128
19:08:54.543 priority="6" "Thread-4" [INFO ] SerialPort 1256283230 sc getByte:128
19:08:54.551 priority="6" "Thread-2" [INFO ] SerialPort 1529725798 sc getByte:128
19:08:54.552 priority="6" "Thread-4" [INFO ] SerialPort 1256283230 sc getByte:128
19:08:54.560 priority="6" "Thread-2" [INFO ] SerialPort 1529725798 sc getByte:128
19:08:54.562 priority="6" "Thread-4" [INFO ] SerialPort 1256283230 sc getByte:128
19:08:54.570 priority="6" "Thread-2" [INFO ] SerialPort 1529725798 sc getByte:128
19:08:54.572 priority="6" "Thread-4" [INFO ] SerialPort 1256283230 sc getByte:128
19:08:54.579 priority="6" "Thread-2" [INFO ] SerialPort 1529725798 sc getByte:128
19:08:54.582 priority="6" "Thread-4" [INFO ] SerialPort 1256283230 sc getByte:128
19:08:54.588 priority="6" "Thread-2" [INFO ] SerialPort 1529725798 sc getByte:128
19:08:54.591 priority="6" "Thread-4" [INFO ] SerialPort 1256283230 sc getByte:128
19:08:54.598 priority="6" "Thread-2" [INFO ] SerialPort 1529725798 sc getByte:128
19:08:54.601 priority="6" "Thread-4" [INFO ] SerialPort 1256283230 sc getByte:128
19:08:54.607 priority="6" "Thread-2" [INFO ] SerialPort 1529725798 sc getByte:128
19:08:54.611 priority="6" "Thread-4" [INFO ] SerialPort 1256283230 sc getByte:128
19:08:54.616 priority="6" "Thread-2" [INFO ] SerialPort 1529725798 sc getByte:128
19:08:54.621 priority="6" "Thread-4" [INFO ] SerialPort 1256283230 sc getByte:128
19:08:54.625 priority="6" "Thread-2" [INFO ] SerialPort 1529725798 sc getByte:128
19:08:54.630 priority="6" "Thread-4" [INFO ] SerialPort 1256283230 sc getByte:128
19:08:54.635 priority="6" "Thread-2" [INFO ] SerialPort 1529725798 sc getByte:128
19:08:54.640 priority="6" "Thread-4" [INFO ] SerialPort 1256283230 sc getByte:128
19:08:54.643 priority="6" "Thread-2" [INFO ] SerialPort 1529725798 sc getByte:128
19:08:54.650 priority="6" "Thread-4" [INFO ] SerialPort 1256283230 sc getByte:128
19:08:54.653 priority="6" "Thread-2" [INFO ] SerialPort 1529725798 sc getByte:128
19:08:54.660 priority="6" "Thread-4" [INFO ] SerialPort 1256283230 sc getByte:128
19:08:54.662 priority="6" "Thread-2" [INFO ] SerialPort 1529725798 sc getByte:128
19:08:54.669 priority="6" "Thread-4" [INFO ] SerialPort 1256283230 sc getByte:128
19:08:54.671 priority="6" "Thread-2" [INFO ] SerialPort 1529725798 sc getByte:128
19:08:54.678 priority="6" "Thread-4" [INFO ] SerialPort 1256283230 sc getByte:128
19:08:54.680 priority="6" "Thread-2" [INFO ] SerialPort 1529725798 sc getByte:128
19:08:54.682 priority="6" "AWT-EventQueue-0" [INFO ] pressed START
19:08:54.683 priority="6" "Thread-2" [INFO ] Joypad START
19:08:54.683 priority="6" "Thread-2" [INFO ] Joypad START
19:08:54.683 priority="6" "Thread-2" [INFO ] Joypad START
19:08:54.683 priority="6" "Thread-2" [INFO ] Joypad START
19:08:54.683 priority="6" "Thread-2" [INFO ] Joypad START
19:08:54.683 priority="6" "Thread-2" [INFO ] Joypad START
19:08:54.688 priority="6" "Thread-4" [INFO ] SerialPort 1256283230 sc getByte:128
19:08:54.690 priority="6" "Thread-2" [INFO ] SerialPort 1529725798 sc getByte:128
19:08:54.690 priority="6" "Thread-2" [INFO ] SerialPort 1529725798 sc setByte:1
19:08:54.690 priority="6" "Thread-2" [INFO ] SerialPort 1529725798 sb setByte:0
19:08:54.690 priority="6" "Thread-2" [INFO ] SerialPort 1529725798 sc setByte:129
19:08:54.691 priority="6" "Thread-2" [INFO ] master transfer start
19:08:54.692 priority="6" "Thread-2" [INFO ] SerialPort 1256283230 sb getByte:128
19:08:54.692 priority="6" "Thread-2" [INFO ] SerialPort 1529725798 sb setByte:128
19:08:54.692 priority="6" "Thread-2" [INFO ] SerialPort 1529725798 sc setByte:1
19:08:54.692 priority="6" "Thread-2" [INFO ] master transfer end
19:08:54.692 priority="6" "Thread-2" [INFO ] slave transfer start
19:08:54.692 priority="6" "Thread-2" [INFO ] SerialPort 1256283230 sb setByte:0
19:08:54.692 priority="6" "Thread-2" [INFO ] SerialPort 1256283230 sc setByte:0
19:08:54.692 priority="6" "Thread-2" [INFO ] slave transfer end
19:08:54.696 priority="6" "Thread-2" [INFO ] Joypad START
19:08:54.697 priority="6" "Thread-2" [INFO ] Joypad START
19:08:54.697 priority="6" "Thread-2" [INFO ] Joypad START
19:08:54.697 priority="6" "Thread-2" [INFO ] Joypad START
19:08:54.697 priority="6" "Thread-2" [INFO ] Joypad START
19:08:54.697 priority="6" "Thread-2" [INFO ] Joypad START
19:08:54.708 priority="6" "Thread-4" [INFO ] SerialPort 1256283230 sc setByte:0
19:08:54.708 priority="6" "Thread-4" [INFO ] SerialPort 1256283230 sb setByte:18
19:08:54.708 priority="6" "Thread-4" [INFO ] SerialPort 1256283230 sc setByte:128
19:08:54.709 priority="6" "Thread-2" [INFO ] Joypad START
19:08:54.709 priority="6" "Thread-2" [INFO ] Joypad START
19:08:54.709 priority="6" "Thread-2" [INFO ] Joypad START
19:08:54.709 priority="6" "Thread-2" [INFO ] Joypad START
19:08:54.709 priority="6" "Thread-2" [INFO ] Joypad START
19:08:54.709 priority="6" "Thread-2" [INFO ] Joypad START
19:08:54.722 priority="6" "Thread-2" [INFO ] Joypad START
19:08:54.722 priority="6" "Thread-2" [INFO ] Joypad START
19:08:54.722 priority="6" "Thread-2" [INFO ] Joypad START
19:08:54.722 priority="6" "Thread-2" [INFO ] Joypad START
19:08:54.722 priority="6" "Thread-2" [INFO ] Joypad START
19:08:54.722 priority="6" "Thread-2" [INFO ] Joypad START
19:08:54.734 priority="6" "Thread-2" [INFO ] Joypad START
19:08:54.734 priority="6" "Thread-2" [INFO ] Joypad START
19:08:54.734 priority="6" "Thread-2" [INFO ] Joypad START
19:08:54.734 priority="6" "Thread-2" [INFO ] Joypad START
19:08:54.734 priority="6" "Thread-2" [INFO ] Joypad START
19:08:54.734 priority="6" "Thread-2" [INFO ] Joypad START
19:08:54.740 priority="6" "Thread-2" [INFO ] SerialPort 1529725798 sc setByte:1
19:08:54.740 priority="6" "Thread-2" [INFO ] SerialPort 1529725798 sb setByte:5
19:08:54.740 priority="6" "Thread-2" [INFO ] SerialPort 1529725798 sc setByte:129
19:08:54.741 priority="6" "Thread-2" [INFO ] master transfer start
19:08:54.741 priority="6" "Thread-2" [INFO ] SerialPort 1256283230 sb getByte:18
19:08:54.741 priority="6" "Thread-2" [INFO ] SerialPort 1529725798 sb setByte:18
19:08:54.741 priority="6" "Thread-2" [INFO ] SerialPort 1529725798 sc setByte:1
19:08:54.741 priority="6" "Thread-2" [INFO ] master transfer end
19:08:54.741 priority="6" "Thread-2" [INFO ] slave transfer start
19:08:54.741 priority="6" "Thread-2" [INFO ] SerialPort 1256283230 sb setByte:5
19:08:54.741 priority="6" "Thread-2" [INFO ] SerialPort 1256283230 sc setByte:0
19:08:54.741 priority="6" "Thread-2" [INFO ] slave transfer end
19:08:54.741 priority="6" "Thread-2" [INFO ] SerialPort 1529725798 sb getByte:18
19:08:54.741 priority="6" "Thread-4" [INFO ] SerialPort 1256283230 sb getByte:5
19:08:54.744 priority="6" "Thread-2" [INFO ] Joypad START
19:08:54.744 priority="6" "Thread-2" [INFO ] Joypad START
19:08:54.744 priority="6" "Thread-2" [INFO ] Joypad START
19:08:54.744 priority="6" "Thread-2" [INFO ] Joypad START
19:08:54.744 priority="6" "Thread-2" [INFO ] Joypad START
19:08:54.744 priority="6" "Thread-2" [INFO ] Joypad START
19:08:54.754 priority="6" "Thread-2" [INFO ] Joypad START
19:08:54.754 priority="6" "Thread-2" [INFO ] Joypad START
19:08:54.754 priority="6" "Thread-2" [INFO ] Joypad START
19:08:54.754 priority="6" "Thread-2" [INFO ] Joypad START
19:08:54.754 priority="6" "Thread-2" [INFO ] Joypad START
19:08:54.754 priority="6" "Thread-2" [INFO ] Joypad START
19:08:54.764 priority="6" "Thread-2" [INFO ] Joypad START
19:08:54.764 priority="6" "Thread-2" [INFO ] Joypad START
19:08:54.764 priority="6" "Thread-2" [INFO ] Joypad START
19:08:54.764 priority="6" "Thread-2" [INFO ] Joypad START
19:08:54.764 priority="6" "Thread-2" [INFO ] Joypad START
19:08:54.764 priority="6" "Thread-2" [INFO ] Joypad START
19:08:54.773 priority="6" "Thread-2" [INFO ] Joypad START
19:08:54.773 priority="6" "Thread-2" [INFO ] Joypad START
19:08:54.773 priority="6" "Thread-2" [INFO ] Joypad START
19:08:54.773 priority="6" "Thread-2" [INFO ] Joypad START
19:08:54.773 priority="6" "Thread-2" [INFO ] Joypad START
19:08:54.773 priority="6" "Thread-2" [INFO ] Joypad START
19:08:54.954 priority="6" "Thread-4" [INFO ] SerialPort 1256283230 sc setByte:0
19:08:54.954 priority="6" "Thread-4" [INFO ] SerialPort 1256283230 sb setByte:240
19:08:54.954 priority="6" "Thread-4" [INFO ] SerialPort 1256283230 sc setByte:128
19:08:54.954 priority="6" "Thread-4" [INFO ] SerialPort 1256283230 sc getByte:128
19:08:54.954 priority="6" "Thread-4" [INFO ] SerialPort 1256283230 sc getByte:128
19:08:54.954 priority="6" "Thread-4" [INFO ] SerialPort 1256283230 sc getByte:128
19:08:54.954 priority="6" "Thread-4" [INFO ] SerialPort 1256283230 sc getByte:128
19:08:54.954 priority="6" "Thread-4" [INFO ] SerialPort 1256283230 sc getByte:128
19:08:54.954 priority="6" "Thread-4" [INFO ] SerialPort 1256283230 sc getByte:128
19:08:54.954 priority="6" "Thread-4" [INFO ] SerialPort 1256283230 sc getByte:128
19:08:54.954 priority="6" "Thread-4" [INFO ] SerialPort 1256283230 sc getByte:128
19:08:54.954 priority="6" "Thread-4" [INFO ] SerialPort 1256283230 sc getByte:128
19:08:54.954 priority="6" "Thread-4" [INFO ] SerialPort 1256283230 sc getByte:128
19:08:54.954 priority="6" "Thread-4" [INFO ] SerialPort 1256283230 sc getByte:128
19:08:54.954 priority="6" "Thread-4" [INFO ] SerialPort 1256283230 sc getByte:128
19:08:54.955 priority="6" "Thread-4" [INFO ] SerialPort 1256283230 sc getByte:128
19:08:54.955 priority="6" "Thread-4" [INFO ] SerialPort 1256283230 sc getByte:128
19:08:54.955 priority="6" "Thread-4" [INFO ] SerialPort 1256283230 sc getByte:128
19:08:54.955 priority="6" "Thread-4" [INFO ] SerialPort 1256283230 sc getByte:128
19:08:54.955 priority="6" "Thread-4" [INFO ] SerialPort 1256283230 sc getByte:128
19:08:54.955 priority="6" "Thread-4" [INFO ] SerialPort 1256283230 sc getByte:128
19:08:54.955 priority="6" "Thread-4" [INFO ] SerialPort 1256283230 sc getByte:128
19:08:54.955 priority="6" "Thread-4" [INFO ] SerialPort 1256283230 sc getByte:128
19:08:54.955 priority="6" "Thread-4" [INFO ] SerialPort 1256283230 sc getByte:128
19:08:54.955 priority="6" "Thread-4" [INFO ] SerialPort 1256283230 sc getByte:128
19:08:54.955 priority="6" "Thread-4" [INFO ] SerialPort 1256283230 sc getByte:128
19:08:54.955 priority="6" "Thread-4" [INFO ] SerialPort 1256283230 sc getByte:128
19:08:54.955 priority="6" "Thread-4" [INFO ] SerialPort 1256283230 sc getByte:128
19:08:54.955 priority="6" "Thread-4" [INFO ] SerialPort 1256283230 sc getByte:128
19:08:54.955 priority="6" "Thread-4" [INFO ] SerialPort 1256283230 sc getByte:128
19:08:54.955 priority="6" "Thread-4" [INFO ] SerialPort 1256283230 sc getByte:128
19:08:54.955 priority="6" "Thread-4" [INFO ] SerialPort 1256283230 sc getByte:128
19:08:54.955 priority="6" "Thread-4" [INFO ] SerialPort 1256283230 sc getByte:128
19:08:54.955 priority="6" "Thread-4" [INFO ] SerialPort 1256283230 sc getByte:128
19:08:54.955 priority="6" "Thread-4" [INFO ] SerialPort 1256283230 sc getByte:128
19:08:54.955 priority="6" "Thread-4" [INFO ] SerialPort 1256283230 sc getByte:128
19:08:54.955 priority="6" "Thread-4" [INFO ] SerialPort 1256283230 sc getByte:128
19:08:54.955 priority="6" "Thread-4" [INFO ] SerialPort 1256283230 sc getByte:128
19:08:54.955 priority="6" "Thread-4" [INFO ] SerialPort 1256283230 sc getByte:128
19:08:54.956 priority="6" "Thread-4" [INFO ] SerialPort 1256283230 sc getByte:128
19:08:54.956 priority="6" "Thread-4" [INFO ] SerialPort 1256283230 sc getByte:128
19:08:54.956 priority="6" "Thread-4" [INFO ] SerialPort 1256283230 sc getByte:128
19:08:54.956 priority="6" "Thread-4" [INFO ] SerialPort 1256283230 sc getByte:128
19:08:54.956 priority="6" "Thread-4" [INFO ] SerialPort 1256283230 sc getByte:128
19:08:54.956 priority="6" "Thread-4" [INFO ] SerialPort 1256283230 sc getByte:128
19:08:54.956 priority="6" "Thread-4" [INFO ] SerialPort 1256283230 sc getByte:128
19:08:54.956 priority="6" "Thread-4" [INFO ] SerialPort 1256283230 sc getByte:128
19:08:54.956 priority="6" "Thread-4" [INFO ] SerialPort 1256283230 sc getByte:128
19:08:54.956 priority="6" "Thread-4" [INFO ] SerialPort 1256283230 sc getByte:128
19:08:54.956 priority="6" "Thread-4" [INFO ] SerialPort 1256283230 sc getByte:128
19:08:54.956 priority="6" "Thread-4" [INFO ] SerialPort 1256283230 sc getByte:128
19:08:54.956 priority="6" "Thread-4" [INFO ] SerialPort 1256283230 sc getByte:128
19:08:54.956 priority="6" "Thread-4" [INFO ] SerialPort 1256283230 sc getByte:128
19:08:54.956 priority="6" "Thread-4" [INFO ] SerialPort 1256283230 sc getByte:128
19:08:54.956 priority="6" "Thread-4" [INFO ] SerialPort 1256283230 sc getByte:128
19:08:54.956 priority="6" "Thread-4" [INFO ] SerialPort 1256283230 sc getByte:128
19:08:54.956 priority="6" "Thread-4" [INFO ] SerialPort 1256283230 sc getByte:128
19:08:54.956 priority="6" "Thread-4" [INFO ] SerialPort 1256283230 sc getByte:128
19:08:54.956 priority="6" "Thread-4" [INFO ] SerialPort 1256283230 sc getByte:128
19:08:54.956 priority="6" "Thread-4" [INFO ] SerialPort 1256283230 sc getByte:128
19:08:54.956 priority="6" "Thread-4" [INFO ] SerialPort 1256283230 sc getByte:128
19:08:54.957 priority="6" "Thread-4" [INFO ] SerialPort 1256283230 sc getByte:128
19:08:54.957 priority="6" "Thread-4" [INFO ] SerialPort 1256283230 sc getByte:128
19:08:54.957 priority="6" "Thread-4" [INFO ] SerialPort 1256283230 sc getByte:128
19:08:54.957 priority="6" "Thread-4" [INFO ] SerialPort 1256283230 sc getByte:128
19:08:54.957 priority="6" "Thread-4" [INFO ] SerialPort 1256283230 sc getByte:128
19:08:54.957 priority="6" "Thread-4" [INFO ] SerialPort 1256283230 sc getByte:128
19:08:54.957 priority="6" "Thread-4" [INFO ] SerialPort 1256283230 sc getByte:128
19:08:54.957 priority="6" "Thread-4" [INFO ] SerialPort 1256283230 sc getByte:128
19:08:54.957 priority="6" "Thread-4" [INFO ] SerialPort 1256283230 sc getByte:128
19:08:54.957 priority="6" "Thread-4" [INFO ] SerialPort 1256283230 sc getByte:128
19:08:54.957 priority="6" "Thread-4" [INFO ] SerialPort 1256283230 sc getByte:128
19:08:54.957 priority="6" "Thread-4" [INFO ] SerialPort 1256283230 sc getByte:128
19:08:54.957 priority="6" "Thread-4" [INFO ] SerialPort 1256283230 sc getByte:128
19:08:54.957 priority="6" "Thread-4" [INFO ] SerialPort 1256283230 sc getByte:128
19:08:54.957 priority="6" "Thread-4" [INFO ] SerialPort 1256283230 sc getByte:128
19:08:54.957 priority="6" "Thread-4" [INFO ] SerialPort 1256283230 sc getByte:128
19:08:54.957 priority="6" "Thread-4" [INFO ] SerialPort 1256283230 sc getByte:128
19:08:54.957 priority="6" "Thread-4" [INFO ] SerialPort 1256283230 sc getByte:128
19:08:54.957 priority="6" "Thread-4" [INFO ] SerialPort 1256283230 sc getByte:128
19:08:54.957 priority="6" "Thread-4" [INFO ] SerialPort 1256283230 sc getByte:128
19:08:54.957 priority="6" "Thread-4" [INFO ] SerialPort 1256283230 sc getByte:128
19:08:54.957 priority="6" "Thread-4" [INFO ] SerialPort 1256283230 sc getByte:128
19:08:54.958 priority="6" "Thread-4" [INFO ] SerialPort 1256283230 sc getByte:128
19:08:54.958 priority="6" "Thread-4" [INFO ] SerialPort 1256283230 sc getByte:128
19:08:54.958 priority="6" "Thread-4" [INFO ] SerialPort 1256283230 sc getByte:128
19:08:54.958 priority="6" "Thread-4" [INFO ] SerialPort 1256283230 sc getByte:128
19:08:54.958 priority="6" "Thread-4" [INFO ] SerialPort 1256283230 sc getByte:128
19:08:54.958 priority="6" "Thread-4" [INFO ] SerialPort 1256283230 sc getByte:128
19:08:54.958 priority="6" "Thread-4" [INFO ] SerialPort 1256283230 sc getByte:128
19:08:54.958 priority="6" "Thread-4" [INFO ] SerialPort 1256283230 sc getByte:128
19:08:54.958 priority="6" "Thread-4" [INFO ] SerialPort 1256283230 sc getByte:128
19:08:54.958 priority="6" "Thread-4" [INFO ] SerialPort 1256283230 sc getByte:128
19:08:54.958 priority="6" "Thread-4" [INFO ] SerialPort 1256283230 sc getByte:128
19:08:54.958 priority="6" "Thread-4" [INFO ] SerialPort 1256283230 sc getByte:128
19:08:54.958 priority="6" "Thread-4" [INFO ] SerialPort 1256283230 sc getByte:128
19:08:54.958 priority="6" "Thread-4" [INFO ] SerialPort 1256283230 sc getByte:128
19:08:54.958 priority="6" "Thread-4" [INFO ] SerialPort 1256283230 sc getByte:128
19:08:54.958 priority="6" "Thread-4" [INFO ] SerialPort 1256283230 sc getByte:128
19:08:54.958 priority="6" "Thread-4" [INFO ] SerialPort 1256283230 sc getByte:128
19:08:54.958 priority="6" "Thread-4" [INFO ] SerialPort 1256283230 sc getByte:128
19:08:54.958 priority="6" "Thread-4" [INFO ] SerialPort 1256283230 sc getByte:128
19:08:54.958 priority="6" "Thread-4" [INFO ] SerialPort 1256283230 sc getByte:128
19:08:54.958 priority="6" "Thread-4" [INFO ] SerialPort 1256283230 sc getByte:128
19:08:54.958 priority="6" "Thread-4" [INFO ] SerialPort 1256283230 sc getByte:128
19:08:54.959 priority="6" "Thread-4" [INFO ] SerialPort 1256283230 sc getByte:128
19:08:54.959 priority="6" "Thread-4" [INFO ] SerialPort 1256283230 sc getByte:128
19:08:54.959 priority="6" "Thread-4" [INFO ] SerialPort 1256283230 sc getByte:128
19:08:54.959 priority="6" "Thread-4" [INFO ] SerialPort 1256283230 sc getByte:128
19:08:54.959 priority="6" "Thread-2" [INFO ] SerialPort 1529725798 sc setByte:1
19:08:54.959 priority="6" "Thread-4" [INFO ] SerialPort 1256283230 sc getByte:128
19:08:54.959 priority="6" "Thread-2" [INFO ] SerialPort 1529725798 sb setByte:240
19:08:54.959 priority="6" "Thread-2" [INFO ] SerialPort 1529725798 sc setByte:129
19:08:54.959 priority="6" "Thread-4" [INFO ] SerialPort 1256283230 sc getByte:128
19:08:54.959 priority="6" "Thread-2" [INFO ] SerialPort 1529725798 sc getByte:129
19:08:54.959 priority="6" "Thread-4" [INFO ] SerialPort 1256283230 sc getByte:128
19:08:54.959 priority="6" "Thread-2" [INFO ] SerialPort 1529725798 sc getByte:129
19:08:54.959 priority="6" "Thread-2" [INFO ] SerialPort 1529725798 sc getByte:129
19:08:54.959 priority="6" "Thread-2" [INFO ] SerialPort 1529725798 sc getByte:129
19:08:54.959 priority="6" "Thread-4" [INFO ] SerialPort 1256283230 sc getByte:128
19:08:54.959 priority="6" "Thread-2" [INFO ] SerialPort 1529725798 sc getByte:129
19:08:54.959 priority="6" "Thread-4" [INFO ] SerialPort 1256283230 sc getByte:128
19:08:54.959 priority="6" "Thread-2" [INFO ] SerialPort 1529725798 sc getByte:129
19:08:54.959 priority="6" "Thread-4" [INFO ] SerialPort 1256283230 sc getByte:128
19:08:54.959 priority="6" "Thread-2" [INFO ] SerialPort 1529725798 sc getByte:129
19:08:54.959 priority="6" "Thread-4" [INFO ] SerialPort 1256283230 sc getByte:128
19:08:54.959 priority="6" "Thread-2" [INFO ] SerialPort 1529725798 sc getByte:129
19:08:54.959 priority="6" "Thread-4" [INFO ] SerialPort 1256283230 sc getByte:128
19:08:54.959 priority="6" "Thread-2" [INFO ] SerialPort 1529725798 sc getByte:129
19:08:54.959 priority="6" "Thread-4" [INFO ] SerialPort 1256283230 sc getByte:128
19:08:54.959 priority="6" "Thread-2" [INFO ] SerialPort 1529725798 sc getByte:129
19:08:54.959 priority="6" "Thread-2" [INFO ] SerialPort 1529725798 sc getByte:129
19:08:54.959 priority="6" "Thread-4" [INFO ] SerialPort 1256283230 sc getByte:128
19:08:54.959 priority="6" "Thread-2" [INFO ] SerialPort 1529725798 sc getByte:129
19:08:54.959 priority="6" "Thread-4" [INFO ] SerialPort 1256283230 sc getByte:128
19:08:54.959 priority="6" "Thread-2" [INFO ] SerialPort 1529725798 sc getByte:129
19:08:54.959 priority="6" "Thread-2" [INFO ] SerialPort 1529725798 sc getByte:129
19:08:54.959 priority="6" "Thread-4" [INFO ] SerialPort 1256283230 sc getByte:128
19:08:54.959 priority="6" "Thread-2" [INFO ] SerialPort 1529725798 sc getByte:129
19:08:54.959 priority="6" "Thread-2" [INFO ] SerialPort 1529725798 sc getByte:129
19:08:54.959 priority="6" "Thread-4" [INFO ] SerialPort 1256283230 sc getByte:128
19:08:54.960 priority="6" "Thread-2" [INFO ] master transfer start			// mixed
19:08:54.960 priority="6" "Thread-4" [INFO ] SerialPort 1256283230 sc getByte:128
19:08:54.960 priority="6" "Thread-2" [INFO ] SerialPort 1256283230 sb getByte:240
19:08:54.960 priority="6" "Thread-4" [INFO ] SerialPort 1256283230 sc getByte:128
19:08:54.960 priority="6" "Thread-2" [INFO ] SerialPort 1529725798 sb setByte:240
19:08:54.960 priority="6" "Thread-2" [INFO ] SerialPort 1529725798 sc setByte:1
19:08:54.960 priority="6" "Thread-4" [INFO ] SerialPort 1256283230 sc getByte:128
19:08:54.960 priority="6" "Thread-2" [INFO ] master transfer end
19:08:54.960 priority="6" "Thread-2" [INFO ] slave transfer start
19:08:54.960 priority="6" "Thread-4" [INFO ] SerialPort 1256283230 sc getByte:128
19:08:54.960 priority="6" "Thread-2" [INFO ] SerialPort 1256283230 sb setByte:240
19:08:54.960 priority="6" "Thread-2" [INFO ] SerialPort 1256283230 sc setByte:0
19:08:54.960 priority="6" "Thread-4" [INFO ] SerialPort 1256283230 sc getByte:128
19:08:54.960 priority="6" "Thread-2" [INFO ] slave transfer end
19:08:54.960 priority="6" "Thread-2" [INFO ] SerialPort 1529725798 sc getByte:1
19:08:54.960 priority="6" "Thread-2" [INFO ] SerialPort 1529725798 sb getByte:240
19:08:54.960 priority="6" "Thread-4" [INFO ] SerialPort 1256283230 sb getByte:240
19:08:54.960 priority="6" "Thread-4" [INFO ] SerialPort 1256283230 sc setByte:0
19:08:54.960 priority="6" "Thread-4" [INFO ] SerialPort 1256283230 sb setByte:240
19:08:54.960 priority="6" "Thread-4" [INFO ] SerialPort 1256283230 sc setByte:128
19:08:54.967 priority="6" "Thread-2" [INFO ] SerialPort 1529725798 sc setByte:1
19:08:54.968 priority="6" "Thread-2" [INFO ] SerialPort 1529725798 sb setByte:0
19:08:54.968 priority="6" "Thread-2" [INFO ] SerialPort 1529725798 sc setByte:129
19:08:54.968 priority="6" "Thread-2" [INFO ] master transfer start
19:08:54.968 priority="6" "Thread-2" [INFO ] SerialPort 1256283230 sb getByte:240
19:08:54.968 priority="6" "Thread-2" [INFO ] SerialPort 1529725798 sb setByte:240
19:08:54.968 priority="6" "Thread-2" [INFO ] SerialPort 1529725798 sc setByte:1
19:08:54.968 priority="6" "Thread-2" [INFO ] master transfer end
19:08:54.968 priority="6" "Thread-2" [INFO ] slave transfer start
19:08:54.968 priority="6" "Thread-2" [INFO ] SerialPort 1256283230 sb setByte:0
19:08:54.968 priority="6" "Thread-2" [INFO ] SerialPort 1256283230 sc setByte:0
19:08:54.968 priority="6" "Thread-2" [INFO ] slave transfer end
19:08:54.968 priority="6" "Thread-2" [INFO ] SerialPort 1529725798 sc setByte:0
19:08:54.968 priority="6" "Thread-4" [INFO ] SerialPort 1256283230 sb getByte:0
19:08:54.968 priority="6" "Thread-2" [INFO ] SerialPort 1529725798 sb setByte:132
19:08:54.968 priority="6" "Thread-2" [INFO ] SerialPort 1529725798 sc setByte:128
19:08:54.968 priority="6" "Thread-4" [INFO ] SerialPort 1256283230 sb getByte:0
19:08:54.968 priority="6" "Thread-4" [INFO ] SerialPort 1256283230 sb getByte:0
19:08:54.968 priority="6" "Thread-4" [INFO ] SerialPort 1256283230 sb getByte:0
19:08:54.969 priority="6" "Thread-4" [INFO ] SerialPort 1256283230 sc setByte:1
19:08:54.969 priority="6" "Thread-4" [INFO ] SerialPort 1256283230 sb setByte:0
19:08:54.969 priority="6" "Thread-4" [INFO ] SerialPort 1256283230 sc setByte:129
19:08:54.969 priority="6" "Thread-4" [INFO ] master transfer start
19:08:54.969 priority="6" "Thread-4" [INFO ] SerialPort 1529725798 sb getByte:132
19:08:54.969 priority="6" "Thread-4" [INFO ] SerialPort 1256283230 sb setByte:132
19:08:54.969 priority="6" "Thread-4" [INFO ] SerialPort 1256283230 sc setByte:1
19:08:54.969 priority="6" "Thread-4" [INFO ] master transfer end
19:08:54.969 priority="6" "Thread-4" [INFO ] slave transfer start
19:08:54.969 priority="6" "Thread-4" [INFO ] SerialPort 1529725798 sb setByte:0
19:08:54.969 priority="6" "Thread-4" [INFO ] SerialPort 1529725798 sc setByte:0
19:08:54.969 priority="6" "Thread-4" [INFO ] slave transfer end
19:08:54.969 priority="6" "Thread-2" [INFO ] SerialPort 1529725798 sb getByte:0
19:08:54.969 priority="6" "Thread-2" [INFO ] SerialPort 1529725798 sb getByte:0
19:08:54.969 priority="6" "Thread-2" [INFO ] SerialPort 1529725798 sb getByte:0
19:08:54.969 priority="6" "Thread-2" [INFO ] SerialPort 1529725798 sb getByte:0
19:08:54.970 priority="6" "Thread-4" [INFO ] SerialPort 1256283230 sc setByte:0
19:08:54.970 priority="6" "Thread-4" [INFO ] SerialPort 1256283230 sb setByte:130
19:08:54.970 priority="6" "Thread-4" [INFO ] SerialPort 1256283230 sc setByte:128
19:08:54.977 priority="6" "Thread-2" [INFO ] SerialPort 1529725798 sc setByte:1
19:08:54.977 priority="6" "Thread-2" [INFO ] SerialPort 1529725798 sb setByte:0
19:08:54.977 priority="6" "Thread-2" [INFO ] SerialPort 1529725798 sc setByte:129
19:08:54.977 priority="6" "Thread-2" [INFO ] master transfer start
19:08:54.977 priority="6" "Thread-2" [INFO ] SerialPort 1256283230 sb getByte:130
19:08:54.977 priority="6" "Thread-2" [INFO ] SerialPort 1529725798 sb setByte:130
19:08:54.977 priority="6" "Thread-2" [INFO ] SerialPort 1529725798 sc setByte:1
19:08:54.977 priority="6" "Thread-2" [INFO ] master transfer end
19:08:54.977 priority="6" "Thread-2" [INFO ] slave transfer start
19:08:54.977 priority="6" "Thread-2" [INFO ] SerialPort 1256283230 sb setByte:0
19:08:54.977 priority="6" "Thread-2" [INFO ] SerialPort 1256283230 sc setByte:0
19:08:54.977 priority="6" "Thread-2" [INFO ] slave transfer end
19:08:54.977 priority="6" "Thread-2" [INFO ] SerialPort 1529725798 sc setByte:0
19:08:54.977 priority="6" "Thread-2" [INFO ] SerialPort 1529725798 sb setByte:132
19:08:54.977 priority="6" "Thread-4" [INFO ] SerialPort 1256283230 sb getByte:0
19:08:54.977 priority="6" "Thread-2" [INFO ] SerialPort 1529725798 sc setByte:128
19:08:54.977 priority="6" "Thread-4" [INFO ] SerialPort 1256283230 sb getByte:0
19:08:54.978 priority="6" "Thread-4" [INFO ] SerialPort 1256283230 sb getByte:0
19:08:54.978 priority="6" "Thread-4" [INFO ] SerialPort 1256283230 sb getByte:0
19:08:54.978 priority="6" "Thread-4" [INFO ] SerialPort 1256283230 sc setByte:1
19:08:54.978 priority="6" "Thread-4" [INFO ] SerialPort 1256283230 sb setByte:0
19:08:54.978 priority="6" "Thread-4" [INFO ] SerialPort 1256283230 sc setByte:129
19:08:54.978 priority="6" "Thread-4" [INFO ] master transfer start
19:08:54.978 priority="6" "Thread-4" [INFO ] SerialPort 1529725798 sb getByte:132
19:08:54.978 priority="6" "Thread-4" [INFO ] SerialPort 1256283230 sb setByte:132
19:08:54.978 priority="6" "Thread-4" [INFO ] SerialPort 1256283230 sc setByte:1
19:08:54.978 priority="6" "Thread-4" [INFO ] master transfer end
19:08:54.978 priority="6" "Thread-4" [INFO ] slave transfer start
19:08:54.978 priority="6" "Thread-4" [INFO ] SerialPort 1529725798 sb setByte:0
19:08:54.978 priority="6" "Thread-4" [INFO ] SerialPort 1529725798 sc setByte:0
19:08:54.978 priority="6" "Thread-4" [INFO ] slave transfer end
19:08:54.978 priority="6" "Thread-2" [INFO ] SerialPort 1529725798 sb getByte:0
19:08:54.978 priority="6" "Thread-4" [INFO ] SerialPort 1256283230 sc setByte:0
19:08:54.978 priority="6" "Thread-2" [INFO ] SerialPort 1529725798 sb getByte:0
19:08:54.978 priority="6" "Thread-4" [INFO ] SerialPort 1256283230 sb setByte:130
19:08:54.978 priority="6" "Thread-2" [INFO ] SerialPort 1529725798 sb getByte:0
19:08:54.978 priority="6" "Thread-4" [INFO ] SerialPort 1256283230 sc setByte:128
19:08:54.978 priority="6" "Thread-2" [INFO ] SerialPort 1529725798 sb getByte:0
19:08:54.986 priority="6" "Thread-2" [INFO ] SerialPort 1529725798 sc setByte:1
19:08:54.986 priority="6" "Thread-2" [INFO ] SerialPort 1529725798 sb setByte:0
19:08:54.986 priority="6" "Thread-2" [INFO ] SerialPort 1529725798 sc setByte:129
19:08:54.987 priority="6" "Thread-2" [INFO ] master transfer start
19:08:54.987 priority="6" "Thread-2" [INFO ] SerialPort 1256283230 sb getByte:130
19:08:54.987 priority="6" "Thread-2" [INFO ] SerialPort 1529725798 sb setByte:130
19:08:54.987 priority="6" "Thread-2" [INFO ] SerialPort 1529725798 sc setByte:1
19:08:54.987 priority="6" "Thread-2" [INFO ] master transfer end
19:08:54.987 priority="6" "Thread-2" [INFO ] slave transfer start
19:08:54.987 priority="6" "Thread-2" [INFO ] SerialPort 1256283230 sb setByte:0
19:08:54.987 priority="6" "Thread-2" [INFO ] SerialPort 1256283230 sc setByte:0
19:08:54.987 priority="6" "Thread-2" [INFO ] slave transfer end
19:08:54.987 priority="6" "Thread-2" [INFO ] SerialPort 1529725798 sc setByte:0
19:08:54.987 priority="6" "Thread-2" [INFO ] SerialPort 1529725798 sb setByte:132
19:08:54.987 priority="6" "Thread-4" [INFO ] SerialPort 1256283230 sb getByte:0
19:08:54.987 priority="6" "Thread-2" [INFO ] SerialPort 1529725798 sc setByte:128
19:08:54.987 priority="6" "Thread-4" [INFO ] SerialPort 1256283230 sb getByte:0
19:08:54.987 priority="6" "Thread-4" [INFO ] SerialPort 1256283230 sb getByte:0
19:08:54.987 priority="6" "Thread-4" [INFO ] SerialPort 1256283230 sb getByte:0
19:08:54.987 priority="6" "Thread-4" [INFO ] SerialPort 1256283230 sc setByte:1
19:08:54.987 priority="6" "Thread-4" [INFO ] SerialPort 1256283230 sb setByte:0
19:08:54.987 priority="6" "Thread-4" [INFO ] SerialPort 1256283230 sc setByte:129
19:08:54.987 priority="6" "Thread-4" [INFO ] master transfer start
19:08:54.987 priority="6" "Thread-4" [INFO ] SerialPort 1529725798 sb getByte:132
19:08:54.987 priority="6" "Thread-4" [INFO ] SerialPort 1256283230 sb setByte:132
19:08:54.987 priority="6" "Thread-4" [INFO ] SerialPort 1256283230 sc setByte:1
19:08:54.987 priority="6" "Thread-4" [INFO ] master transfer end
19:08:54.987 priority="6" "Thread-4" [INFO ] slave transfer start
19:08:54.987 priority="6" "Thread-4" [INFO ] SerialPort 1529725798 sb setByte:0
19:08:54.987 priority="6" "Thread-4" [INFO ] SerialPort 1529725798 sc setByte:0
19:08:54.987 priority="6" "Thread-4" [INFO ] slave transfer end
19:08:54.987 priority="6" "Thread-2" [INFO ] SerialPort 1529725798 sb getByte:0
19:08:54.988 priority="6" "Thread-4" [INFO ] SerialPort 1256283230 sc setByte:0
19:08:54.988 priority="6" "Thread-2" [INFO ] SerialPort 1529725798 sb getByte:0
19:08:54.988 priority="6" "Thread-4" [INFO ] SerialPort 1256283230 sb setByte:130
19:08:54.988 priority="6" "Thread-2" [INFO ] SerialPort 1529725798 sb getByte:0
19:08:54.988 priority="6" "Thread-4" [INFO ] SerialPort 1256283230 sc setByte:128
19:08:54.988 priority="6" "Thread-2" [INFO ] SerialPort 1529725798 sb getByte:0
19:08:54.995 priority="6" "Thread-2" [INFO ] SerialPort 1529725798 sc setByte:1
19:08:54.995 priority="6" "Thread-2" [INFO ] SerialPort 1529725798 sb setByte:0
19:08:54.995 priority="6" "Thread-2" [INFO ] SerialPort 1529725798 sc setByte:129
19:08:54.995 priority="6" "Thread-2" [INFO ] master transfer start
19:08:54.995 priority="6" "Thread-2" [INFO ] SerialPort 1256283230 sb getByte:130
19:08:54.995 priority="6" "Thread-2" [INFO ] SerialPort 1529725798 sb setByte:130
19:08:54.995 priority="6" "Thread-2" [INFO ] SerialPort 1529725798 sc setByte:1
19:08:54.995 priority="6" "Thread-2" [INFO ] master transfer end
19:08:54.995 priority="6" "Thread-2" [INFO ] slave transfer start
19:08:54.995 priority="6" "Thread-2" [INFO ] SerialPort 1256283230 sb setByte:0
19:08:54.995 priority="6" "Thread-2" [INFO ] SerialPort 1256283230 sc setByte:0
19:08:54.995 priority="6" "Thread-2" [INFO ] slave transfer end
19:08:54.996 priority="6" "Thread-2" [INFO ] SerialPort 1529725798 sc setByte:0
19:08:54.996 priority="6" "Thread-2" [INFO ] SerialPort 1529725798 sb setByte:132
19:08:54.996 priority="6" "Thread-4" [INFO ] SerialPort 1256283230 sb getByte:0
19:08:54.996 priority="6" "Thread-2" [INFO ] SerialPort 1529725798 sc setByte:128
19:08:54.996 priority="6" "Thread-4" [INFO ] SerialPort 1256283230 sb getByte:0
19:08:54.996 priority="6" "Thread-4" [INFO ] SerialPort 1256283230 sb getByte:0
19:08:54.996 priority="6" "Thread-4" [INFO ] SerialPort 1256283230 sb getByte:0
19:08:54.996 priority="6" "Thread-4" [INFO ] SerialPort 1256283230 sc setByte:1
19:08:54.996 priority="6" "Thread-4" [INFO ] SerialPort 1256283230 sb setByte:0
19:08:54.996 priority="6" "Thread-4" [INFO ] SerialPort 1256283230 sc setByte:129
19:08:54.996 priority="6" "Thread-4" [INFO ] master transfer start
19:08:54.996 priority="6" "Thread-4" [INFO ] SerialPort 1529725798 sb getByte:132
19:08:54.996 priority="6" "Thread-4" [INFO ] SerialPort 1256283230 sb setByte:132
19:08:54.996 priority="6" "Thread-4" [INFO ] SerialPort 1256283230 sc setByte:1
19:08:54.996 priority="6" "Thread-4" [INFO ] master transfer end
19:08:54.996 priority="6" "Thread-4" [INFO ] slave transfer start
19:08:54.996 priority="6" "Thread-4" [INFO ] SerialPort 1529725798 sb setByte:0
19:08:54.996 priority="6" "Thread-4" [INFO ] SerialPort 1529725798 sc setByte:0
19:08:54.996 priority="6" "Thread-4" [INFO ] slave transfer end
19:08:54.996 priority="6" "Thread-2" [INFO ] SerialPort 1529725798 sb getByte:0
19:08:54.996 priority="6" "Thread-4" [INFO ] SerialPort 1256283230 sc setByte:0
19:08:54.996 priority="6" "Thread-4" [INFO ] SerialPort 1256283230 sb setByte:130
19:08:54.997 priority="6" "Thread-2" [INFO ] SerialPort 1529725798 sb getByte:0
19:08:54.997 priority="6" "Thread-4" [INFO ] SerialPort 1256283230 sc setByte:128
19:08:54.997 priority="6" "Thread-2" [INFO ] SerialPort 1529725798 sb getByte:0
19:08:54.997 priority="6" "Thread-2" [INFO ] SerialPort 1529725798 sb getByte:0
19:08:55.021 priority="6" "Thread-2" [INFO ] SerialPort 1529725798 sc setByte:1
19:08:55.021 priority="6" "Thread-2" [INFO ] SerialPort 1529725798 sb setByte:0
19:08:55.021 priority="6" "Thread-2" [INFO ] SerialPort 1529725798 sc setByte:129
19:08:55.021 priority="6" "Thread-2" [INFO ] master transfer start
19:08:55.021 priority="6" "Thread-2" [INFO ] SerialPort 1256283230 sb getByte:130
19:08:55.021 priority="6" "Thread-2" [INFO ] SerialPort 1529725798 sb setByte:130
19:08:55.021 priority="6" "Thread-2" [INFO ] SerialPort 1529725798 sc setByte:1
19:08:55.021 priority="6" "Thread-2" [INFO ] master transfer end
19:08:55.021 priority="6" "Thread-2" [INFO ] slave transfer start
19:08:55.021 priority="6" "Thread-2" [INFO ] SerialPort 1256283230 sb setByte:0
19:08:55.021 priority="6" "Thread-2" [INFO ] SerialPort 1256283230 sc setByte:0
19:08:55.021 priority="6" "Thread-2" [INFO ] slave transfer end
19:08:55.021 priority="6" "Thread-2" [INFO ] SerialPort 1529725798 sc setByte:0
19:08:55.021 priority="6" "Thread-4" [INFO ] SerialPort 1256283230 sb getByte:0
19:08:55.021 priority="6" "Thread-4" [INFO ] SerialPort 1256283230 sb getByte:0
19:08:55.021 priority="6" "Thread-2" [INFO ] SerialPort 1529725798 sb setByte:132
19:08:55.021 priority="6" "Thread-4" [INFO ] SerialPort 1256283230 sb getByte:0
19:08:55.021 priority="6" "Thread-2" [INFO ] SerialPort 1529725798 sc setByte:128
19:08:55.021 priority="6" "Thread-4" [INFO ] SerialPort 1256283230 sb getByte:0
19:08:55.021 priority="6" "Thread-4" [INFO ] SerialPort 1256283230 sc setByte:1
19:08:55.021 priority="6" "Thread-4" [INFO ] SerialPort 1256283230 sb setByte:0
19:08:55.021 priority="6" "Thread-4" [INFO ] SerialPort 1256283230 sc setByte:129
19:08:55.022 priority="6" "Thread-4" [INFO ] master transfer start
19:08:55.022 priority="6" "Thread-4" [INFO ] SerialPort 1529725798 sb getByte:132
19:08:55.022 priority="6" "Thread-4" [INFO ] SerialPort 1256283230 sb setByte:132
19:08:55.022 priority="6" "Thread-4" [INFO ] SerialPort 1256283230 sc setByte:1
19:08:55.022 priority="6" "Thread-4" [INFO ] master transfer end
19:08:55.022 priority="6" "Thread-4" [INFO ] slave transfer start
19:08:55.022 priority="6" "Thread-4" [INFO ] SerialPort 1529725798 sb setByte:0
19:08:55.022 priority="6" "Thread-4" [INFO ] SerialPort 1529725798 sc setByte:0
19:08:55.022 priority="6" "Thread-4" [INFO ] slave transfer end
19:08:55.022 priority="6" "Thread-2" [INFO ] SerialPort 1529725798 sb getByte:0
19:08:55.022 priority="6" "Thread-4" [INFO ] SerialPort 1256283230 sc setByte:0
19:08:55.022 priority="6" "Thread-4" [INFO ] SerialPort 1256283230 sb setByte:130
19:08:55.022 priority="6" "Thread-2" [INFO ] SerialPort 1529725798 sb getByte:0
19:08:55.022 priority="6" "Thread-4" [INFO ] SerialPort 1256283230 sc setByte:128
19:08:55.022 priority="6" "Thread-2" [INFO ] SerialPort 1529725798 sb getByte:0
19:08:55.022 priority="6" "Thread-2" [INFO ] SerialPort 1529725798 sb getByte:0
19:08:55.030 priority="6" "Thread-2" [INFO ] SerialPort 1529725798 sc setByte:1
19:08:55.030 priority="6" "Thread-2" [INFO ] SerialPort 1529725798 sb setByte:0
19:08:55.030 priority="6" "Thread-2" [INFO ] SerialPort 1529725798 sc setByte:129
19:08:55.030 priority="6" "Thread-2" [INFO ] master transfer start
19:08:55.030 priority="6" "Thread-2" [INFO ] SerialPort 1256283230 sb getByte:130
19:08:55.030 priority="6" "Thread-2" [INFO ] SerialPort 1529725798 sb setByte:130
19:08:55.030 priority="6" "Thread-2" [INFO ] SerialPort 1529725798 sc setByte:1
19:08:55.030 priority="6" "Thread-2" [INFO ] master transfer end
19:08:55.030 priority="6" "Thread-2" [INFO ] slave transfer start
19:08:55.030 priority="6" "Thread-2" [INFO ] SerialPort 1256283230 sb setByte:0
19:08:55.030 priority="6" "Thread-2" [INFO ] SerialPort 1256283230 sc setByte:0
19:08:55.030 priority="6" "Thread-2" [INFO ] slave transfer end
19:08:55.030 priority="6" "Thread-2" [INFO ] SerialPort 1529725798 sc setByte:0
19:08:55.030 priority="6" "Thread-4" [INFO ] SerialPort 1256283230 sb getByte:0
19:08:55.030 priority="6" "Thread-2" [INFO ] SerialPort 1529725798 sb setByte:132
19:08:55.030 priority="6" "Thread-2" [INFO ] SerialPort 1529725798 sc setByte:128
19:08:55.030 priority="6" "Thread-4" [INFO ] SerialPort 1256283230 sb getByte:0
19:08:55.030 priority="6" "Thread-4" [INFO ] SerialPort 1256283230 sb getByte:0
19:08:55.030 priority="6" "Thread-4" [INFO ] SerialPort 1256283230 sb getByte:0
19:08:55.031 priority="6" "Thread-4" [INFO ] SerialPort 1256283230 sc setByte:1
19:08:55.031 priority="6" "Thread-4" [INFO ] SerialPort 1256283230 sb setByte:0
19:08:55.031 priority="6" "Thread-4" [INFO ] SerialPort 1256283230 sc setByte:129
19:08:55.031 priority="6" "Thread-4" [INFO ] master transfer start
19:08:55.031 priority="6" "Thread-4" [INFO ] SerialPort 1529725798 sb getByte:132
19:08:55.031 priority="6" "Thread-4" [INFO ] SerialPort 1256283230 sb setByte:132
19:08:55.031 priority="6" "Thread-4" [INFO ] SerialPort 1256283230 sc setByte:1
19:08:55.031 priority="6" "Thread-4" [INFO ] master transfer end
19:08:55.031 priority="6" "Thread-4" [INFO ] slave transfer start
19:08:55.031 priority="6" "Thread-4" [INFO ] SerialPort 1529725798 sb setByte:0
19:08:55.031 priority="6" "Thread-4" [INFO ] SerialPort 1529725798 sc setByte:0
19:08:55.031 priority="6" "Thread-4" [INFO ] slave transfer end
19:08:55.031 priority="6" "Thread-2" [INFO ] SerialPort 1529725798 sb getByte:0
19:08:55.031 priority="6" "Thread-4" [INFO ] SerialPort 1256283230 sc setByte:0
19:08:55.031 priority="6" "Thread-4" [INFO ] SerialPort 1256283230 sb setByte:130
19:08:55.031 priority="6" "Thread-2" [INFO ] SerialPort 1529725798 sb getByte:0
19:08:55.031 priority="6" "Thread-4" [INFO ] SerialPort 1256283230 sc setByte:128
19:08:55.031 priority="6" "Thread-2" [INFO ] SerialPort 1529725798 sb getByte:0
19:08:55.031 priority="6" "Thread-2" [INFO ] SerialPort 1529725798 sb getByte:0
19:08:55.040 priority="6" "Thread-2" [INFO ] SerialPort 1529725798 sc setByte:1
19:08:55.040 priority="6" "Thread-2" [INFO ] SerialPort 1529725798 sb setByte:0
19:08:55.040 priority="6" "Thread-2" [INFO ] SerialPort 1529725798 sc setByte:129
19:08:55.040 priority="6" "Thread-2" [INFO ] master transfer start
19:08:55.040 priority="6" "Thread-2" [INFO ] SerialPort 1256283230 sb getByte:130
19:08:55.040 priority="6" "Thread-2" [INFO ] SerialPort 1529725798 sb setByte:130
19:08:55.040 priority="6" "Thread-2" [INFO ] SerialPort 1529725798 sc setByte:1
19:08:55.040 priority="6" "Thread-2" [INFO ] master transfer end
19:08:55.040 priority="6" "Thread-2" [INFO ] slave transfer start
19:08:55.040 priority="6" "Thread-2" [INFO ] SerialPort 1256283230 sb setByte:0
19:08:55.040 priority="6" "Thread-2" [INFO ] SerialPort 1256283230 sc setByte:0
19:08:55.040 priority="6" "Thread-2" [INFO ] slave transfer end
19:08:55.040 priority="6" "Thread-4" [INFO ] SerialPort 1256283230 sb getByte:0
19:08:55.040 priority="6" "Thread-2" [INFO ] SerialPort 1529725798 sc setByte:0
19:08:55.040 priority="6" "Thread-2" [INFO ] SerialPort 1529725798 sb setByte:132
19:08:55.040 priority="6" "Thread-4" [INFO ] SerialPort 1256283230 sb getByte:0
19:08:55.040 priority="6" "Thread-2" [INFO ] SerialPort 1529725798 sc setByte:128
19:08:55.040 priority="6" "Thread-4" [INFO ] SerialPort 1256283230 sb getByte:0
19:08:55.040 priority="6" "Thread-4" [INFO ] SerialPort 1256283230 sb getByte:0
19:08:55.040 priority="6" "Thread-4" [INFO ] SerialPort 1256283230 sc setByte:1
19:08:55.040 priority="6" "Thread-4" [INFO ] SerialPort 1256283230 sb setByte:0
19:08:55.040 priority="6" "Thread-4" [INFO ] SerialPort 1256283230 sc setByte:129
19:08:55.040 priority="6" "Thread-4" [INFO ] master transfer start
19:08:55.040 priority="6" "Thread-4" [INFO ] SerialPort 1529725798 sb getByte:132
19:08:55.040 priority="6" "Thread-4" [INFO ] SerialPort 1256283230 sb setByte:132
19:08:55.040 priority="6" "Thread-4" [INFO ] SerialPort 1256283230 sc setByte:1
19:08:55.040 priority="6" "Thread-4" [INFO ] master transfer end
19:08:55.040 priority="6" "Thread-4" [INFO ] slave transfer start
19:08:55.040 priority="6" "Thread-4" [INFO ] SerialPort 1529725798 sb setByte:0
19:08:55.040 priority="6" "Thread-4" [INFO ] SerialPort 1529725798 sc setByte:0
19:08:55.040 priority="6" "Thread-4" [INFO ] slave transfer end
19:08:55.041 priority="6" "Thread-2" [INFO ] SerialPort 1529725798 sb getByte:0
19:08:55.041 priority="6" "Thread-4" [INFO ] SerialPort 1256283230 sc setByte:0
19:08:55.041 priority="6" "Thread-4" [INFO ] SerialPort 1256283230 sb setByte:130
19:08:55.041 priority="6" "Thread-2" [INFO ] SerialPort 1529725798 sb getByte:0
19:08:55.041 priority="6" "Thread-4" [INFO ] SerialPort 1256283230 sc setByte:128
19:08:55.041 priority="6" "Thread-2" [INFO ] SerialPort 1529725798 sb getByte:0
19:08:55.041 priority="6" "Thread-2" [INFO ] SerialPort 1529725798 sb getByte:0
19:08:55.048 priority="6" "Thread-2" [INFO ] SerialPort 1529725798 sc setByte:1
19:08:55.048 priority="6" "Thread-2" [INFO ] SerialPort 1529725798 sb setByte:0
19:08:55.048 priority="6" "Thread-2" [INFO ] SerialPort 1529725798 sc setByte:129
19:08:55.048 priority="6" "Thread-2" [INFO ] master transfer start
19:08:55.048 priority="6" "Thread-2" [INFO ] SerialPort 1256283230 sb getByte:130
19:08:55.048 priority="6" "Thread-2" [INFO ] SerialPort 1529725798 sb setByte:130
19:08:55.048 priority="6" "Thread-2" [INFO ] SerialPort 1529725798 sc setByte:1
19:08:55.049 priority="6" "Thread-2" [INFO ] master transfer end
19:08:55.049 priority="6" "Thread-2" [INFO ] slave transfer start
19:08:55.049 priority="6" "Thread-2" [INFO ] SerialPort 1256283230 sb setByte:0
19:08:55.049 priority="6" "Thread-2" [INFO ] SerialPort 1256283230 sc setByte:0
19:08:55.049 priority="6" "Thread-2" [INFO ] slave transfer end
19:08:55.049 priority="6" "Thread-2" [INFO ] SerialPort 1529725798 sc setByte:0
19:08:55.049 priority="6" "Thread-4" [INFO ] SerialPort 1256283230 sb getByte:0
19:08:55.049 priority="6" "Thread-2" [INFO ] SerialPort 1529725798 sb setByte:132
19:08:55.049 priority="6" "Thread-2" [INFO ] SerialPort 1529725798 sc setByte:128
19:08:55.049 priority="6" "Thread-4" [INFO ] SerialPort 1256283230 sb getByte:0
19:08:55.049 priority="6" "Thread-4" [INFO ] SerialPort 1256283230 sb getByte:0
19:08:55.049 priority="6" "Thread-4" [INFO ] SerialPort 1256283230 sb getByte:0
19:08:55.049 priority="6" "Thread-4" [INFO ] SerialPort 1256283230 sc setByte:1
19:08:55.049 priority="6" "Thread-4" [INFO ] SerialPort 1256283230 sb setByte:0
19:08:55.049 priority="6" "Thread-4" [INFO ] SerialPort 1256283230 sc setByte:129
19:08:55.049 priority="6" "Thread-4" [INFO ] master transfer start
19:08:55.049 priority="6" "Thread-4" [INFO ] SerialPort 1529725798 sb getByte:132
19:08:55.049 priority="6" "Thread-4" [INFO ] SerialPort 1256283230 sb setByte:132
19:08:55.049 priority="6" "Thread-4" [INFO ] SerialPort 1256283230 sc setByte:1
19:08:55.049 priority="6" "Thread-4" [INFO ] master transfer end
19:08:55.049 priority="6" "Thread-4" [INFO ] slave transfer start
19:08:55.049 priority="6" "Thread-4" [INFO ] SerialPort 1529725798 sb setByte:0
19:08:55.049 priority="6" "Thread-4" [INFO ] SerialPort 1529725798 sc setByte:0
19:08:55.049 priority="6" "Thread-4" [INFO ] slave transfer end
19:08:55.049 priority="6" "Thread-4" [INFO ] SerialPort 1256283230 sc setByte:0
19:08:55.049 priority="6" "Thread-2" [INFO ] SerialPort 1529725798 sb getByte:0
19:08:55.049 priority="6" "Thread-4" [INFO ] SerialPort 1256283230 sb setByte:130
19:08:55.049 priority="6" "Thread-4" [INFO ] SerialPort 1256283230 sc setByte:128
19:08:55.049 priority="6" "Thread-2" [INFO ] SerialPort 1529725798 sb getByte:0
19:08:55.049 priority="6" "Thread-2" [INFO ] SerialPort 1529725798 sb getByte:0
19:08:55.049 priority="6" "Thread-2" [INFO ] SerialPort 1529725798 sb getByte:0
19:08:55.060 priority="6" "Thread-2" [INFO ] SerialPort 1529725798 sc setByte:1
19:08:55.060 priority="6" "Thread-2" [INFO ] SerialPort 1529725798 sb setByte:0
19:08:55.060 priority="6" "Thread-2" [INFO ] SerialPort 1529725798 sc setByte:129
19:08:55.060 priority="6" "Thread-2" [INFO ] master transfer start
19:08:55.060 priority="6" "Thread-2" [INFO ] SerialPort 1256283230 sb getByte:130
19:08:55.060 priority="6" "Thread-2" [INFO ] SerialPort 1529725798 sb setByte:130
19:08:55.060 priority="6" "Thread-2" [INFO ] SerialPort 1529725798 sc setByte:1
19:08:55.060 priority="6" "Thread-2" [INFO ] master transfer end
19:08:55.060 priority="6" "Thread-2" [INFO ] slave transfer start
19:08:55.060 priority="6" "Thread-2" [INFO ] SerialPort 1256283230 sb setByte:0
19:08:55.060 priority="6" "Thread-2" [INFO ] SerialPort 1256283230 sc setByte:0
19:08:55.060 priority="6" "Thread-2" [INFO ] slave transfer end
19:08:55.060 priority="6" "Thread-4" [INFO ] SerialPort 1256283230 sb getByte:0
19:08:55.060 priority="6" "Thread-2" [INFO ] SerialPort 1529725798 sc setByte:0
19:08:55.061 priority="6" "Thread-2" [INFO ] SerialPort 1529725798 sb setByte:132
19:08:55.061 priority="6" "Thread-4" [INFO ] SerialPort 1256283230 sb getByte:0
19:08:55.061 priority="6" "Thread-2" [INFO ] SerialPort 1529725798 sc setByte:128
19:08:55.061 priority="6" "Thread-4" [INFO ] SerialPort 1256283230 sb getByte:0
19:08:55.061 priority="6" "Thread-4" [INFO ] SerialPort 1256283230 sb getByte:0
19:08:55.061 priority="6" "Thread-4" [INFO ] SerialPort 1256283230 sc setByte:1
19:08:55.061 priority="6" "Thread-4" [INFO ] SerialPort 1256283230 sb setByte:0
19:08:55.061 priority="6" "Thread-4" [INFO ] SerialPort 1256283230 sc setByte:129
19:08:55.061 priority="6" "Thread-4" [INFO ] master transfer start
19:08:55.061 priority="6" "Thread-4" [INFO ] SerialPort 1529725798 sb getByte:132
19:08:55.061 priority="6" "Thread-4" [INFO ] SerialPort 1256283230 sb setByte:132
19:08:55.061 priority="6" "Thread-4" [INFO ] SerialPort 1256283230 sc setByte:1
19:08:55.061 priority="6" "Thread-4" [INFO ] master transfer end
19:08:55.061 priority="6" "Thread-4" [INFO ] slave transfer start
19:08:55.061 priority="6" "Thread-4" [INFO ] SerialPort 1529725798 sb setByte:0
19:08:55.061 priority="6" "Thread-4" [INFO ] SerialPort 1529725798 sc setByte:0
19:08:55.061 priority="6" "Thread-4" [INFO ] slave transfer end
19:08:55.061 priority="6" "Thread-2" [INFO ] SerialPort 1529725798 sb getByte:0
19:08:55.061 priority="6" "Thread-4" [INFO ] SerialPort 1256283230 sc setByte:0
19:08:55.061 priority="6" "Thread-2" [INFO ] SerialPort 1529725798 sb getByte:0
19:08:55.061 priority="6" "Thread-4" [INFO ] SerialPort 1256283230 sb setByte:130
19:08:55.061 priority="6" "Thread-2" [INFO ] SerialPort 1529725798 sb getByte:0
19:08:55.061 priority="6" "Thread-4" [INFO ] SerialPort 1256283230 sc setByte:128
19:08:55.061 priority="6" "Thread-2" [INFO ] SerialPort 1529725798 sb getByte:0
19:08:55.069 priority="6" "Thread-2" [INFO ] SerialPort 1529725798 sc setByte:1
19:08:55.069 priority="6" "Thread-2" [INFO ] SerialPort 1529725798 sb setByte:0
19:08:55.069 priority="6" "Thread-2" [INFO ] SerialPort 1529725798 sc setByte:129
19:08:55.069 priority="6" "Thread-2" [INFO ] master transfer start
19:08:55.069 priority="6" "Thread-2" [INFO ] SerialPort 1256283230 sb getByte:130
19:08:55.069 priority="6" "Thread-2" [INFO ] SerialPort 1529725798 sb setByte:130
19:08:55.069 priority="6" "Thread-2" [INFO ] SerialPort 1529725798 sc setByte:1
19:08:55.069 priority="6" "Thread-2" [INFO ] master transfer end
19:08:55.069 priority="6" "Thread-2" [INFO ] slave transfer start
19:08:55.069 priority="6" "Thread-2" [INFO ] SerialPort 1256283230 sb setByte:0
19:08:55.069 priority="6" "Thread-2" [INFO ] SerialPort 1256283230 sc setByte:0
19:08:55.069 priority="6" "Thread-2" [INFO ] slave transfer end
19:08:55.069 priority="6" "Thread-4" [INFO ] SerialPort 1256283230 sb getByte:0
19:08:55.069 priority="6" "Thread-2" [INFO ] SerialPort 1529725798 sc setByte:0
19:08:55.069 priority="6" "Thread-4" [INFO ] SerialPort 1256283230 sb getByte:0
19:08:55.069 priority="6" "Thread-2" [INFO ] SerialPort 1529725798 sb setByte:132
19:08:55.069 priority="6" "Thread-4" [INFO ] SerialPort 1256283230 sb getByte:0
19:08:55.069 priority="6" "Thread-2" [INFO ] SerialPort 1529725798 sc setByte:128
19:08:55.069 priority="6" "Thread-4" [INFO ] SerialPort 1256283230 sb getByte:0
19:08:55.070 priority="6" "Thread-4" [INFO ] SerialPort 1256283230 sc setByte:1
19:08:55.070 priority="6" "Thread-4" [INFO ] SerialPort 1256283230 sb setByte:0
19:08:55.070 priority="6" "Thread-4" [INFO ] SerialPort 1256283230 sc setByte:129
19:08:55.070 priority="6" "Thread-4" [INFO ] master transfer start
19:08:55.070 priority="6" "Thread-4" [INFO ] SerialPort 1529725798 sb getByte:132
19:08:55.070 priority="6" "Thread-4" [INFO ] SerialPort 1256283230 sb setByte:132
19:08:55.070 priority="6" "Thread-4" [INFO ] SerialPort 1256283230 sc setByte:1
19:08:55.070 priority="6" "Thread-4" [INFO ] master transfer end
19:08:55.070 priority="6" "Thread-4" [INFO ] slave transfer start
19:08:55.070 priority="6" "Thread-4" [INFO ] SerialPort 1529725798 sb setByte:0
19:08:55.070 priority="6" "Thread-4" [INFO ] SerialPort 1529725798 sc setByte:0
19:08:55.070 priority="6" "Thread-4" [INFO ] slave transfer end
19:08:55.070 priority="6" "Thread-2" [INFO ] SerialPort 1529725798 sb getByte:0
19:08:55.070 priority="6" "Thread-4" [INFO ] SerialPort 1256283230 sc setByte:0
19:08:55.070 priority="6" "Thread-4" [INFO ] SerialPort 1256283230 sb setByte:130
19:08:55.070 priority="6" "Thread-2" [INFO ] SerialPort 1529725798 sb getByte:0
19:08:55.070 priority="6" "Thread-4" [INFO ] SerialPort 1256283230 sc setByte:128
19:08:55.070 priority="6" "Thread-2" [INFO ] SerialPort 1529725798 sb getByte:0
19:08:55.070 priority="6" "Thread-2" [INFO ] SerialPort 1529725798 sb getByte:0
19:08:55.079 priority="6" "Thread-2" [INFO ] SerialPort 1529725798 sc setByte:1
19:08:55.079 priority="6" "Thread-2" [INFO ] SerialPort 1529725798 sb setByte:0
19:08:55.079 priority="6" "Thread-2" [INFO ] SerialPort 1529725798 sc setByte:129
19:08:55.079 priority="6" "Thread-2" [INFO ] master transfer start
19:08:55.079 priority="6" "Thread-2" [INFO ] SerialPort 1256283230 sb getByte:130
19:08:55.079 priority="6" "Thread-2" [INFO ] SerialPort 1529725798 sb setByte:130
19:08:55.079 priority="6" "Thread-2" [INFO ] SerialPort 1529725798 sc setByte:1
19:08:55.079 priority="6" "Thread-2" [INFO ] master transfer end
19:08:55.079 priority="6" "Thread-2" [INFO ] slave transfer start
19:08:55.079 priority="6" "Thread-2" [INFO ] SerialPort 1256283230 sb setByte:0
19:08:55.079 priority="6" "Thread-2" [INFO ] SerialPort 1256283230 sc setByte:0
19:08:55.079 priority="6" "Thread-2" [INFO ] slave transfer end
19:08:55.079 priority="6" "Thread-2" [INFO ] SerialPort 1529725798 sc setByte:0
19:08:55.079 priority="6" "Thread-2" [INFO ] SerialPort 1529725798 sb setByte:132
19:08:55.079 priority="6" "Thread-2" [INFO ] SerialPort 1529725798 sc setByte:128
19:08:55.632 priority="6" "AWT-EventQueue-0" [INFO ] pressed DOWN
19:08:56.308 priority="6" "AWT-EventQueue-0" [INFO ] pressed DOWN
19:08:56.520 priority="6" "AWT-EventQueue-0" [INFO ] pressed DOWN
19:08:56.721 priority="6" "AWT-EventQueue-0" [INFO ] pressed DOWN
