18:22:49.778 priority="6" "Thread-2" [INFO ] SerialPort 594692746 sc setByte:0
18:22:49.782 priority="6" "Thread-2" [INFO ] SerialPort 594692746 sb setByte:128
18:22:49.782 priority="6" "Thread-4" [INFO ] SerialPort 1714982635 sc setByte:0
18:22:49.782 priority="6" "Thread-2" [INFO ] SerialPort 594692746 sc setByte:128
18:22:49.783 priority="6" "Thread-4" [INFO ] SerialPort 1714982635 sb setByte:128
18:22:49.783 priority="6" "Thread-4" [INFO ] SerialPort 1714982635 sc setByte:128
18:22:49.839 priority="6" "Thread-2" [INFO ] SerialPort 594692746 sc getByte:128
18:22:49.845 priority="6" "Thread-4" [INFO ] SerialPort 1714982635 sc getByte:128
18:22:49.912 priority="6" "Thread-2" [INFO ] SerialPort 594692746 sc getByte:128
18:22:49.915 priority="6" "Thread-4" [INFO ] SerialPort 1714982635 sc getByte:128
18:22:49.975 priority="6" "Thread-4" [INFO ] SerialPort 1714982635 sc getByte:128
18:22:49.985 priority="6" "Thread-2" [INFO ] SerialPort 594692746 sc getByte:128
18:22:50.036 priority="6" "Thread-4" [INFO ] SerialPort 1714982635 sc getByte:128
18:22:50.051 priority="6" "Thread-2" [INFO ] SerialPort 594692746 sc getByte:128
18:22:50.078 priority="6" "Thread-4" [INFO ] SerialPort 1714982635 sc getByte:128
18:22:50.092 priority="6" "Thread-2" [INFO ] SerialPort 594692746 sc getByte:128
18:22:50.127 priority="6" "Thread-4" [INFO ] SerialPort 1714982635 sc getByte:128
18:22:50.133 priority="6" "Thread-2" [INFO ] SerialPort 594692746 sc getByte:128
18:22:50.172 priority="6" "Thread-4" [INFO ] SerialPort 1714982635 sc getByte:128
18:22:50.175 priority="6" "Thread-2" [INFO ] SerialPort 594692746 sc getByte:128
18:22:50.196 priority="6" "Thread-4" [INFO ] SerialPort 1714982635 sc getByte:128
18:22:50.200 priority="6" "Thread-2" [INFO ] SerialPort 594692746 sc getByte:128
18:22:50.214 priority="6" "Thread-4" [INFO ] SerialPort 1714982635 sc getByte:128
18:22:50.226 priority="6" "Thread-2" [INFO ] SerialPort 594692746 sc getByte:128
18:22:50.235 priority="6" "Thread-4" [INFO ] SerialPort 1714982635 sc getByte:128
18:22:50.250 priority="6" "Thread-2" [INFO ] SerialPort 594692746 sc getByte:128
18:22:50.265 priority="6" "Thread-4" [INFO ] SerialPort 1714982635 sc getByte:128
18:22:50.289 priority="6" "Thread-4" [INFO ] SerialPort 1714982635 sc getByte:128
18:22:50.292 priority="6" "Thread-2" [INFO ] SerialPort 594692746 sc getByte:128
18:22:50.315 priority="6" "Thread-4" [INFO ] SerialPort 1714982635 sc getByte:128
18:22:50.316 priority="6" "Thread-2" [INFO ] SerialPort 594692746 sc getByte:128
18:22:50.337 priority="6" "Thread-4" [INFO ] SerialPort 1714982635 sc getByte:128
18:22:50.343 priority="6" "Thread-2" [INFO ] SerialPort 594692746 sc getByte:128
18:22:50.357 priority="6" "Thread-4" [INFO ] SerialPort 1714982635 sc getByte:128
18:22:50.362 priority="6" "Thread-2" [INFO ] SerialPort 594692746 sc getByte:128
18:22:50.376 priority="6" "Thread-4" [INFO ] SerialPort 1714982635 sc getByte:128
18:22:50.383 priority="6" "Thread-2" [INFO ] SerialPort 594692746 sc getByte:128
18:22:50.396 priority="6" "Thread-4" [INFO ] SerialPort 1714982635 sc getByte:128
18:22:50.409 priority="6" "Thread-2" [INFO ] SerialPort 594692746 sc getByte:128
18:22:50.451 priority="6" "Thread-2" [INFO ] SerialPort 594692746 sc getByte:128
18:22:50.457 priority="6" "Thread-4" [INFO ] SerialPort 1714982635 sc getByte:128
18:22:50.500 priority="6" "Thread-4" [INFO ] SerialPort 1714982635 sc getByte:128
18:22:50.535 priority="6" "Thread-2" [INFO ] SerialPort 594692746 sc getByte:128
18:22:50.539 priority="6" "Thread-4" [INFO ] SerialPort 1714982635 sc getByte:128
18:22:50.565 priority="6" "Thread-4" [INFO ] SerialPort 1714982635 sc getByte:128
18:22:50.575 priority="6" "Thread-2" [INFO ] SerialPort 594692746 sc getByte:128
18:22:50.581 priority="6" "Thread-4" [INFO ] SerialPort 1714982635 sc getByte:128
18:22:50.600 priority="6" "Thread-2" [INFO ] SerialPort 594692746 sc getByte:128
18:22:50.604 priority="6" "Thread-4" [INFO ] SerialPort 1714982635 sc getByte:128
18:22:50.618 priority="6" "Thread-2" [INFO ] SerialPort 594692746 sc getByte:128
18:22:50.632 priority="6" "Thread-4" [INFO ] SerialPort 1714982635 sc getByte:128
18:22:50.638 priority="6" "Thread-2" [INFO ] SerialPort 594692746 sc getByte:128
18:22:50.662 priority="6" "Thread-2" [INFO ] SerialPort 594692746 sc getByte:128
18:22:50.664 priority="6" "Thread-4" [INFO ] SerialPort 1714982635 sc getByte:128
18:22:50.683 priority="6" "Thread-4" [INFO ] SerialPort 1714982635 sc getByte:128
18:22:50.689 priority="6" "Thread-2" [INFO ] SerialPort 594692746 sc getByte:128
18:22:50.699 priority="6" "Thread-4" [INFO ] SerialPort 1714982635 sc getByte:128
18:22:50.709 priority="6" "Thread-2" [INFO ] SerialPort 594692746 sc getByte:128
18:22:50.719 priority="6" "Thread-4" [INFO ] SerialPort 1714982635 sc getByte:128
18:22:50.728 priority="6" "Thread-2" [INFO ] SerialPort 594692746 sc getByte:128
18:22:50.731 priority="6" "Thread-4" [INFO ] SerialPort 1714982635 sc getByte:128
18:22:50.745 priority="6" "Thread-2" [INFO ] SerialPort 594692746 sc getByte:128
18:22:50.745 priority="6" "Thread-4" [INFO ] SerialPort 1714982635 sc getByte:128
18:22:50.757 priority="6" "Thread-4" [INFO ] SerialPort 1714982635 sc getByte:128
18:22:50.757 priority="6" "Thread-2" [INFO ] SerialPort 594692746 sc getByte:128
18:22:50.769 priority="6" "Thread-2" [INFO ] SerialPort 594692746 sc getByte:128
18:22:50.770 priority="6" "Thread-4" [INFO ] SerialPort 1714982635 sc getByte:128
18:22:50.784 priority="6" "Thread-4" [INFO ] SerialPort 1714982635 sc getByte:128
18:22:50.784 priority="6" "Thread-2" [INFO ] SerialPort 594692746 sc getByte:128
18:22:50.798 priority="6" "Thread-4" [INFO ] SerialPort 1714982635 sc getByte:128
18:22:50.803 priority="6" "Thread-2" [INFO ] SerialPort 594692746 sc getByte:128
18:22:50.812 priority="6" "Thread-4" [INFO ] SerialPort 1714982635 sc getByte:128
18:22:50.822 priority="6" "Thread-2" [INFO ] SerialPort 594692746 sc getByte:128
18:22:50.825 priority="6" "Thread-4" [INFO ] SerialPort 1714982635 sc getByte:128
18:22:50.852 priority="6" "Thread-2" [INFO ] SerialPort 594692746 sc getByte:128
18:22:50.852 priority="6" "Thread-4" [INFO ] SerialPort 1714982635 sc getByte:128
18:22:50.866 priority="6" "Thread-2" [INFO ] SerialPort 594692746 sc getByte:128
18:22:50.867 priority="6" "Thread-4" [INFO ] SerialPort 1714982635 sc getByte:128
18:22:50.877 priority="6" "Thread-4" [INFO ] SerialPort 1714982635 sc getByte:128
18:22:50.878 priority="6" "Thread-2" [INFO ] SerialPort 594692746 sc getByte:128
18:22:50.889 priority="6" "Thread-4" [INFO ] SerialPort 1714982635 sc getByte:128
18:22:50.889 priority="6" "Thread-2" [INFO ] SerialPort 594692746 sc getByte:128
18:22:50.901 priority="6" "Thread-4" [INFO ] SerialPort 1714982635 sc getByte:128
18:22:50.901 priority="6" "Thread-2" [INFO ] SerialPort 594692746 sc getByte:128
18:22:50.913 priority="6" "Thread-2" [INFO ] SerialPort 594692746 sc getByte:128
18:22:50.914 priority="6" "Thread-4" [INFO ] SerialPort 1714982635 sc getByte:128
18:22:50.924 priority="6" "Thread-2" [INFO ] SerialPort 594692746 sc getByte:128
18:22:50.925 priority="6" "Thread-4" [INFO ] SerialPort 1714982635 sc getByte:128
18:22:50.935 priority="6" "Thread-2" [INFO ] SerialPort 594692746 sc getByte:128
18:22:50.940 priority="6" "Thread-4" [INFO ] SerialPort 1714982635 sc getByte:128
18:22:50.947 priority="6" "Thread-2" [INFO ] SerialPort 594692746 sc getByte:128
18:22:50.951 priority="6" "Thread-4" [INFO ] SerialPort 1714982635 sc getByte:128
18:22:50.959 priority="6" "Thread-2" [INFO ] SerialPort 594692746 sc getByte:128
18:22:50.962 priority="6" "Thread-4" [INFO ] SerialPort 1714982635 sc getByte:128
18:22:50.973 priority="6" "Thread-2" [INFO ] SerialPort 594692746 sc getByte:128
18:22:50.974 priority="6" "Thread-4" [INFO ] SerialPort 1714982635 sc getByte:128
18:22:50.984 priority="6" "Thread-2" [INFO ] SerialPort 594692746 sc getByte:128
18:22:50.986 priority="6" "Thread-4" [INFO ] SerialPort 1714982635 sc getByte:128
18:22:50.995 priority="6" "Thread-2" [INFO ] SerialPort 594692746 sc getByte:128
18:22:50.999 priority="6" "Thread-4" [INFO ] SerialPort 1714982635 sc getByte:128
18:22:51.006 priority="6" "Thread-2" [INFO ] SerialPort 594692746 sc getByte:128
18:22:51.010 priority="6" "Thread-4" [INFO ] SerialPort 1714982635 sc getByte:128
18:22:51.019 priority="6" "Thread-2" [INFO ] SerialPort 594692746 sc getByte:128
18:22:51.022 priority="6" "Thread-4" [INFO ] SerialPort 1714982635 sc getByte:128
18:22:51.029 priority="6" "Thread-2" [INFO ] SerialPort 594692746 sc getByte:128
18:22:51.037 priority="6" "Thread-4" [INFO ] SerialPort 1714982635 sc getByte:128
18:22:51.041 priority="6" "Thread-2" [INFO ] SerialPort 594692746 sc getByte:128
18:22:51.047 priority="6" "Thread-4" [INFO ] SerialPort 1714982635 sc getByte:128
18:22:51.051 priority="6" "Thread-2" [INFO ] SerialPort 594692746 sc getByte:128
18:22:51.058 priority="6" "Thread-4" [INFO ] SerialPort 1714982635 sc getByte:128
18:22:51.061 priority="6" "Thread-2" [INFO ] SerialPort 594692746 sc getByte:128
18:22:51.073 priority="6" "Thread-2" [INFO ] SerialPort 594692746 sc getByte:128
18:22:51.074 priority="6" "Thread-4" [INFO ] SerialPort 1714982635 sc getByte:128
18:22:51.083 priority="6" "Thread-2" [INFO ] SerialPort 594692746 sc getByte:128
18:22:51.086 priority="6" "Thread-4" [INFO ] SerialPort 1714982635 sc getByte:128
18:22:51.095 priority="6" "Thread-2" [INFO ] SerialPort 594692746 sc getByte:128
18:22:51.097 priority="6" "Thread-4" [INFO ] SerialPort 1714982635 sc getByte:128
18:22:51.104 priority="6" "Thread-2" [INFO ] SerialPort 594692746 sc getByte:128
18:22:51.107 priority="6" "Thread-4" [INFO ] SerialPort 1714982635 sc getByte:128
18:22:51.114 priority="6" "Thread-2" [INFO ] SerialPort 594692746 sc getByte:128
18:22:51.118 priority="6" "Thread-4" [INFO ] SerialPort 1714982635 sc getByte:128
18:22:51.125 priority="6" "Thread-2" [INFO ] SerialPort 594692746 sc getByte:128
18:22:51.127 priority="6" "Thread-4" [INFO ] SerialPort 1714982635 sc getByte:128
18:22:51.135 priority="6" "Thread-2" [INFO ] SerialPort 594692746 sc getByte:128
18:22:51.139 priority="6" "Thread-4" [INFO ] SerialPort 1714982635 sc getByte:128
18:22:51.146 priority="6" "Thread-2" [INFO ] SerialPort 594692746 sc getByte:128
18:22:51.150 priority="6" "Thread-4" [INFO ] SerialPort 1714982635 sc getByte:128
18:22:51.157 priority="6" "Thread-2" [INFO ] SerialPort 594692746 sc getByte:128
18:22:51.163 priority="6" "Thread-4" [INFO ] SerialPort 1714982635 sc getByte:128
18:22:51.169 priority="6" "Thread-2" [INFO ] SerialPort 594692746 sc getByte:128
18:22:51.173 priority="6" "Thread-4" [INFO ] SerialPort 1714982635 sc getByte:128
18:22:51.180 priority="6" "Thread-2" [INFO ] SerialPort 594692746 sc getByte:128
18:22:51.183 priority="6" "Thread-4" [INFO ] SerialPort 1714982635 sc getByte:128
18:22:51.193 priority="6" "Thread-2" [INFO ] SerialPort 594692746 sc getByte:128
18:22:51.194 priority="6" "Thread-4" [INFO ] SerialPort 1714982635 sc getByte:128
18:22:51.205 priority="6" "Thread-2" [INFO ] SerialPort 594692746 sc getByte:128
18:22:51.205 priority="6" "Thread-4" [INFO ] SerialPort 1714982635 sc getByte:128
18:22:51.214 priority="6" "Thread-2" [INFO ] SerialPort 594692746 sc getByte:128
18:22:51.216 priority="6" "Thread-4" [INFO ] SerialPort 1714982635 sc getByte:128
18:22:51.226 priority="6" "Thread-4" [INFO ] SerialPort 1714982635 sc getByte:128
18:22:51.231 priority="6" "Thread-2" [INFO ] SerialPort 594692746 sc getByte:128
18:22:51.235 priority="6" "Thread-4" [INFO ] SerialPort 1714982635 sc getByte:128
18:22:51.245 priority="6" "Thread-4" [INFO ] SerialPort 1714982635 sc getByte:128
18:22:51.247 priority="6" "Thread-2" [INFO ] SerialPort 594692746 sc getByte:128
18:22:51.255 priority="6" "Thread-4" [INFO ] SerialPort 1714982635 sc getByte:128
18:22:51.263 priority="6" "Thread-2" [INFO ] SerialPort 594692746 sc getByte:128
18:22:51.266 priority="6" "Thread-4" [INFO ] SerialPort 1714982635 sc getByte:128
18:22:51.276 priority="6" "Thread-4" [INFO ] SerialPort 1714982635 sc getByte:128
18:22:51.278 priority="6" "Thread-2" [INFO ] SerialPort 594692746 sc getByte:128
18:22:51.286 priority="6" "Thread-4" [INFO ] SerialPort 1714982635 sc getByte:128
18:22:51.295 priority="6" "Thread-2" [INFO ] SerialPort 594692746 sc getByte:128
18:22:51.296 priority="6" "Thread-4" [INFO ] SerialPort 1714982635 sc getByte:128
18:22:51.305 priority="6" "Thread-4" [INFO ] SerialPort 1714982635 sc getByte:128
18:22:51.311 priority="6" "Thread-2" [INFO ] SerialPort 594692746 sc getByte:128
18:22:51.315 priority="6" "Thread-4" [INFO ] SerialPort 1714982635 sc getByte:128
18:22:51.324 priority="6" "Thread-4" [INFO ] SerialPort 1714982635 sc getByte:128
18:22:51.326 priority="6" "Thread-2" [INFO ] SerialPort 594692746 sc getByte:128
18:22:51.340 priority="6" "Thread-4" [INFO ] SerialPort 1714982635 sc getByte:128
18:22:51.349 priority="6" "Thread-4" [INFO ] SerialPort 1714982635 sc getByte:128
18:22:51.350 priority="6" "Thread-2" [INFO ] SerialPort 594692746 sc getByte:128
18:22:51.358 priority="6" "Thread-4" [INFO ] SerialPort 1714982635 sc getByte:128
18:22:51.362 priority="6" "Thread-2" [INFO ] SerialPort 594692746 sc getByte:128
18:22:51.368 priority="6" "Thread-4" [INFO ] SerialPort 1714982635 sc getByte:128
18:22:51.373 priority="6" "Thread-2" [INFO ] SerialPort 594692746 sc getByte:128
18:22:51.377 priority="6" "Thread-4" [INFO ] SerialPort 1714982635 sc getByte:128
18:22:51.382 priority="6" "Thread-2" [INFO ] SerialPort 594692746 sc getByte:128
18:22:51.386 priority="6" "Thread-4" [INFO ] SerialPort 1714982635 sc getByte:128
18:22:51.393 priority="6" "Thread-2" [INFO ] SerialPort 594692746 sc getByte:128
18:22:51.396 priority="6" "Thread-4" [INFO ] SerialPort 1714982635 sc getByte:128
18:22:51.403 priority="6" "Thread-2" [INFO ] SerialPort 594692746 sc getByte:128
18:22:51.405 priority="6" "Thread-4" [INFO ] SerialPort 1714982635 sc getByte:128
18:22:51.413 priority="6" "Thread-2" [INFO ] SerialPort 594692746 sc getByte:128
18:22:51.416 priority="6" "Thread-4" [INFO ] SerialPort 1714982635 sc getByte:128
18:22:51.424 priority="6" "Thread-2" [INFO ] SerialPort 594692746 sc getByte:128
18:22:51.426 priority="6" "Thread-4" [INFO ] SerialPort 1714982635 sc getByte:128
18:22:51.434 priority="6" "Thread-2" [INFO ] SerialPort 594692746 sc getByte:128
18:22:51.437 priority="6" "Thread-4" [INFO ] SerialPort 1714982635 sc getByte:128
18:22:51.447 priority="6" "Thread-2" [INFO ] SerialPort 594692746 sc getByte:128
18:22:51.447 priority="6" "Thread-4" [INFO ] SerialPort 1714982635 sc getByte:128
18:22:51.457 priority="6" "Thread-2" [INFO ] SerialPort 594692746 sc getByte:128
18:22:51.459 priority="6" "Thread-4" [INFO ] SerialPort 1714982635 sc getByte:128
18:22:51.468 priority="6" "Thread-4" [INFO ] SerialPort 1714982635 sc getByte:128
18:22:51.468 priority="6" "Thread-2" [INFO ] SerialPort 594692746 sc getByte:128
18:22:51.479 priority="6" "Thread-2" [INFO ] SerialPort 594692746 sc getByte:128
18:22:51.481 priority="6" "Thread-4" [INFO ] SerialPort 1714982635 sc getByte:128
18:22:51.490 priority="6" "Thread-2" [INFO ] SerialPort 594692746 sc getByte:128
18:22:51.492 priority="6" "Thread-4" [INFO ] SerialPort 1714982635 sc getByte:128
18:22:51.500 priority="6" "Thread-2" [INFO ] SerialPort 594692746 sc getByte:128
18:22:51.502 priority="6" "Thread-4" [INFO ] SerialPort 1714982635 sc getByte:128
18:22:51.511 priority="6" "Thread-2" [INFO ] SerialPort 594692746 sc getByte:128
18:22:51.513 priority="6" "Thread-4" [INFO ] SerialPort 1714982635 sc getByte:128
18:22:51.521 priority="6" "Thread-2" [INFO ] SerialPort 594692746 sc getByte:128
18:22:51.526 priority="6" "Thread-4" [INFO ] SerialPort 1714982635 sc getByte:128
18:22:51.532 priority="6" "Thread-2" [INFO ] SerialPort 594692746 sc getByte:128
18:22:51.536 priority="6" "Thread-4" [INFO ] SerialPort 1714982635 sc getByte:128
18:22:51.543 priority="6" "Thread-2" [INFO ] SerialPort 594692746 sc getByte:128
18:22:51.546 priority="6" "Thread-4" [INFO ] SerialPort 1714982635 sc getByte:128
18:22:51.552 priority="6" "Thread-2" [INFO ] SerialPort 594692746 sc getByte:128
18:22:51.556 priority="6" "Thread-4" [INFO ] SerialPort 1714982635 sc getByte:128
18:22:51.562 priority="6" "Thread-2" [INFO ] SerialPort 594692746 sc getByte:128
18:22:51.565 priority="6" "Thread-4" [INFO ] SerialPort 1714982635 sc getByte:128
18:22:51.573 priority="6" "Thread-2" [INFO ] SerialPort 594692746 sc getByte:128
18:22:51.576 priority="6" "Thread-4" [INFO ] SerialPort 1714982635 sc getByte:128
18:22:51.584 priority="6" "Thread-2" [INFO ] SerialPort 594692746 sc getByte:128
18:22:51.586 priority="6" "Thread-4" [INFO ] SerialPort 1714982635 sc getByte:128
18:22:51.595 priority="6" "Thread-2" [INFO ] SerialPort 594692746 sc getByte:128
18:22:51.598 priority="6" "Thread-4" [INFO ] SerialPort 1714982635 sc getByte:128
18:22:51.604 priority="6" "AWT-EventQueue-0" [INFO ] pressed DOWN
18:22:51.605 priority="6" "Thread-2" [INFO ] SerialPort 594692746 sc getByte:128
18:22:51.609 priority="6" "Thread-4" [INFO ] SerialPort 1714982635 sc getByte:128
18:22:51.609 priority="6" "Thread-2" [INFO ] Joypad DOWN
18:22:51.609 priority="6" "Thread-2" [INFO ] Joypad DOWN
18:22:51.615 priority="6" "Thread-2" [INFO ] SerialPort 594692746 sc getByte:128
18:22:51.618 priority="6" "Thread-4" [INFO ] SerialPort 1714982635 sc getByte:128
18:22:51.619 priority="6" "Thread-2" [INFO ] Joypad DOWN
18:22:51.619 priority="6" "Thread-2" [INFO ] Joypad DOWN
18:22:51.627 priority="6" "Thread-2" [INFO ] SerialPort 594692746 sc getByte:128
18:22:51.629 priority="6" "Thread-4" [INFO ] SerialPort 1714982635 sc getByte:128
18:22:51.632 priority="6" "Thread-2" [INFO ] Joypad DOWN
18:22:51.632 priority="6" "Thread-2" [INFO ] Joypad DOWN
18:22:51.639 priority="6" "Thread-4" [INFO ] SerialPort 1714982635 sc getByte:128
18:22:51.642 priority="6" "Thread-2" [INFO ] SerialPort 594692746 sc getByte:128
18:22:51.645 priority="6" "Thread-2" [INFO ] Joypad DOWN
18:22:51.645 priority="6" "Thread-2" [INFO ] Joypad DOWN
18:22:51.649 priority="6" "Thread-4" [INFO ] SerialPort 1714982635 sc getByte:128
18:22:51.657 priority="6" "Thread-2" [INFO ] SerialPort 594692746 sc getByte:128
18:22:51.660 priority="6" "Thread-4" [INFO ] SerialPort 1714982635 sc getByte:128
18:22:51.660 priority="6" "Thread-2" [INFO ] Joypad DOWN
18:22:51.660 priority="6" "Thread-2" [INFO ] Joypad DOWN
18:22:51.667 priority="6" "Thread-2" [INFO ] SerialPort 594692746 sc getByte:128
18:22:51.669 priority="6" "Thread-4" [INFO ] SerialPort 1714982635 sc getByte:128
18:22:51.670 priority="6" "Thread-2" [INFO ] Joypad DOWN
18:22:51.670 priority="6" "Thread-2" [INFO ] Joypad DOWN
18:22:51.677 priority="6" "Thread-2" [INFO ] SerialPort 594692746 sc getByte:128
18:22:51.680 priority="6" "Thread-2" [INFO ] Joypad DOWN
18:22:51.680 priority="6" "Thread-2" [INFO ] Joypad DOWN
18:22:51.683 priority="6" "Thread-4" [INFO ] SerialPort 1714982635 sc getByte:128
18:22:51.687 priority="6" "Thread-2" [INFO ] SerialPort 594692746 sc getByte:128
18:22:51.692 priority="6" "Thread-4" [INFO ] SerialPort 1714982635 sc getByte:128
18:22:51.697 priority="6" "Thread-2" [INFO ] SerialPort 594692746 sc getByte:128
18:22:51.702 priority="6" "Thread-4" [INFO ] SerialPort 1714982635 sc getByte:128
18:22:51.707 priority="6" "Thread-2" [INFO ] SerialPort 594692746 sc getByte:128
18:22:51.714 priority="6" "Thread-4" [INFO ] SerialPort 1714982635 sc getByte:128
18:22:51.716 priority="6" "Thread-2" [INFO ] SerialPort 594692746 sc getByte:128
18:22:51.724 priority="6" "Thread-4" [INFO ] SerialPort 1714982635 sc getByte:128
18:22:51.726 priority="6" "Thread-2" [INFO ] SerialPort 594692746 sc getByte:128
18:22:51.735 priority="6" "Thread-4" [INFO ] SerialPort 1714982635 sc getByte:128
18:22:51.736 priority="6" "Thread-2" [INFO ] SerialPort 594692746 sc getByte:128
18:22:51.745 priority="6" "Thread-4" [INFO ] SerialPort 1714982635 sc getByte:128
18:22:51.746 priority="6" "Thread-2" [INFO ] SerialPort 594692746 sc getByte:128
18:22:51.754 priority="6" "Thread-4" [INFO ] SerialPort 1714982635 sc getByte:128
18:22:51.756 priority="6" "Thread-2" [INFO ] SerialPort 594692746 sc getByte:128
18:22:51.764 priority="6" "Thread-4" [INFO ] SerialPort 1714982635 sc getByte:128
18:22:51.766 priority="6" "Thread-2" [INFO ] SerialPort 594692746 sc getByte:128
18:22:51.774 priority="6" "Thread-4" [INFO ] SerialPort 1714982635 sc getByte:128
18:22:51.784 priority="6" "Thread-2" [INFO ] SerialPort 594692746 sc getByte:128
18:22:51.792 priority="6" "Thread-4" [INFO ] SerialPort 1714982635 sc getByte:128
18:22:51.793 priority="6" "Thread-2" [INFO ] SerialPort 594692746 sc getByte:128
18:22:51.802 priority="6" "Thread-4" [INFO ] SerialPort 1714982635 sc getByte:128
18:22:51.803 priority="6" "Thread-2" [INFO ] SerialPort 594692746 sc getByte:128
18:22:51.812 priority="6" "Thread-2" [INFO ] SerialPort 594692746 sc getByte:128
18:22:51.813 priority="6" "Thread-4" [INFO ] SerialPort 1714982635 sc getByte:128
18:22:51.822 priority="6" "Thread-2" [INFO ] SerialPort 594692746 sc getByte:128
18:22:51.825 priority="6" "Thread-4" [INFO ] SerialPort 1714982635 sc getByte:128
18:22:51.833 priority="6" "Thread-2" [INFO ] SerialPort 594692746 sc getByte:128
18:22:51.834 priority="6" "Thread-4" [INFO ] SerialPort 1714982635 sc getByte:128
18:22:51.842 priority="6" "Thread-2" [INFO ] SerialPort 594692746 sc getByte:128
18:22:51.847 priority="6" "Thread-4" [INFO ] SerialPort 1714982635 sc getByte:128
18:22:51.853 priority="6" "Thread-2" [INFO ] SerialPort 594692746 sc getByte:128
18:22:51.858 priority="6" "Thread-4" [INFO ] SerialPort 1714982635 sc getByte:128
18:22:51.861 priority="6" "Thread-2" [INFO ] SerialPort 594692746 sc getByte:128
18:22:51.869 priority="6" "Thread-4" [INFO ] SerialPort 1714982635 sc getByte:128
18:22:51.871 priority="6" "Thread-2" [INFO ] SerialPort 594692746 sc getByte:128
18:22:51.880 priority="6" "Thread-4" [INFO ] SerialPort 1714982635 sc getByte:128
18:22:51.880 priority="6" "Thread-2" [INFO ] SerialPort 594692746 sc getByte:128
18:22:51.889 priority="6" "Thread-2" [INFO ] SerialPort 594692746 sc getByte:128
18:22:51.889 priority="6" "Thread-4" [INFO ] SerialPort 1714982635 sc getByte:128
18:22:51.898 priority="6" "Thread-2" [INFO ] SerialPort 594692746 sc getByte:128
18:22:51.901 priority="6" "Thread-4" [INFO ] SerialPort 1714982635 sc getByte:128
18:22:51.908 priority="6" "Thread-2" [INFO ] SerialPort 594692746 sc getByte:128
18:22:51.911 priority="6" "Thread-4" [INFO ] SerialPort 1714982635 sc getByte:128
18:22:51.917 priority="6" "Thread-2" [INFO ] SerialPort 594692746 sc getByte:128
18:22:51.921 priority="6" "Thread-4" [INFO ] SerialPort 1714982635 sc getByte:128
18:22:51.928 priority="6" "Thread-2" [INFO ] SerialPort 594692746 sc getByte:128
18:22:51.931 priority="6" "Thread-4" [INFO ] SerialPort 1714982635 sc getByte:128
18:22:51.939 priority="6" "Thread-2" [INFO ] SerialPort 594692746 sc getByte:128
18:22:51.941 priority="6" "Thread-4" [INFO ] SerialPort 1714982635 sc getByte:128
18:22:51.949 priority="6" "Thread-2" [INFO ] SerialPort 594692746 sc getByte:128
18:22:51.952 priority="6" "Thread-4" [INFO ] SerialPort 1714982635 sc getByte:128
18:22:51.959 priority="6" "Thread-2" [INFO ] SerialPort 594692746 sc getByte:128
18:22:51.964 priority="6" "Thread-4" [INFO ] SerialPort 1714982635 sc getByte:128
18:22:51.969 priority="6" "Thread-2" [INFO ] SerialPort 594692746 sc getByte:128
18:22:51.971 priority="6" "AWT-EventQueue-0" [INFO ] pressed START
18:22:51.972 priority="6" "Thread-2" [INFO ] Joypad START
18:22:51.972 priority="6" "Thread-2" [INFO ] Joypad START
18:22:51.972 priority="6" "Thread-2" [INFO ] Joypad START
18:22:51.972 priority="6" "Thread-2" [INFO ] Joypad START
18:22:51.972 priority="6" "Thread-2" [INFO ] Joypad START
18:22:51.972 priority="6" "Thread-2" [INFO ] Joypad START
18:22:51.976 priority="6" "Thread-4" [INFO ] SerialPort 1714982635 sc getByte:128
18:22:51.978 priority="6" "Thread-2" [INFO ] SerialPort 594692746 sc getByte:128
18:22:51.978 priority="6" "Thread-2" [INFO ] SerialPort 594692746 sc setByte:1
18:22:51.978 priority="6" "Thread-2" [INFO ] SerialPort 594692746 sb setByte:0
18:22:51.979 priority="6" "Thread-2" [INFO ] SerialPort 594692746 sc setByte:129
18:22:51.980 priority="6" "Thread-2" [INFO ] master transfer start
18:22:51.980 priority="6" "Thread-2" [INFO ] SerialPort 1714982635 sb getByte:128
18:22:51.987 priority="6" "Thread-4" [INFO ] SerialPort 1714982635 sc getByte:128
18:22:51.998 priority="6" "Thread-4" [INFO ] SerialPort 1714982635 sc getByte:128
18:22:52.008 priority="6" "Thread-4" [INFO ] SerialPort 1714982635 sc getByte:128
18:22:52.016 priority="6" "Thread-4" [INFO ] SerialPort 1714982635 sc getByte:128
18:22:52.026 priority="6" "Thread-4" [INFO ] SerialPort 1714982635 sc getByte:128
18:22:52.036 priority="6" "Thread-4" [INFO ] SerialPort 1714982635 sc getByte:128
18:22:52.045 priority="6" "Thread-4" [INFO ] SerialPort 1714982635 sc getByte:128
18:22:52.053 priority="6" "Thread-4" [INFO ] SerialPort 1714982635 sc getByte:128
18:22:52.061 priority="6" "Thread-4" [INFO ] SerialPort 1714982635 sc getByte:128
18:22:52.069 priority="6" "Thread-4" [INFO ] SerialPort 1714982635 sc getByte:128
18:22:52.077 priority="6" "Thread-4" [INFO ] SerialPort 1714982635 sc getByte:128
18:22:52.085 priority="6" "Thread-4" [INFO ] SerialPort 1714982635 sc getByte:128
18:22:52.094 priority="6" "Thread-4" [INFO ] SerialPort 1714982635 sc getByte:128
18:22:52.102 priority="6" "Thread-4" [INFO ] SerialPort 1714982635 sc getByte:128
18:22:52.111 priority="6" "Thread-4" [INFO ] SerialPort 1714982635 sc getByte:128
18:22:52.119 priority="6" "Thread-4" [INFO ] SerialPort 1714982635 sc getByte:128
18:22:52.128 priority="6" "Thread-4" [INFO ] SerialPort 1714982635 sc getByte:128
18:22:52.136 priority="6" "Thread-4" [INFO ] SerialPort 1714982635 sc getByte:128
18:22:52.145 priority="6" "Thread-4" [INFO ] SerialPort 1714982635 sc getByte:128
18:22:52.152 priority="6" "Thread-4" [INFO ] SerialPort 1714982635 sc getByte:128
18:22:52.161 priority="6" "Thread-4" [INFO ] SerialPort 1714982635 sc getByte:128
18:22:52.169 priority="6" "Thread-4" [INFO ] SerialPort 1714982635 sc getByte:128
18:22:52.178 priority="6" "Thread-4" [INFO ] SerialPort 1714982635 sc getByte:128
18:22:52.186 priority="6" "Thread-4" [INFO ] SerialPort 1714982635 sc getByte:128
18:22:52.194 priority="6" "Thread-4" [INFO ] SerialPort 1714982635 sc getByte:128
18:22:52.202 priority="6" "Thread-4" [INFO ] SerialPort 1714982635 sc getByte:128
18:22:52.210 priority="6" "Thread-4" [INFO ] SerialPort 1714982635 sc getByte:128
18:22:52.218 priority="6" "Thread-4" [INFO ] SerialPort 1714982635 sc getByte:128
18:22:52.226 priority="6" "Thread-4" [INFO ] SerialPort 1714982635 sc getByte:128
18:22:52.234 priority="6" "Thread-4" [INFO ] SerialPort 1714982635 sc getByte:128
18:22:52.243 priority="6" "Thread-4" [INFO ] SerialPort 1714982635 sc getByte:128
18:22:52.251 priority="6" "Thread-4" [INFO ] SerialPort 1714982635 sc getByte:128
18:22:52.260 priority="6" "Thread-4" [INFO ] SerialPort 1714982635 sc getByte:128
18:22:52.268 priority="6" "Thread-4" [INFO ] SerialPort 1714982635 sc getByte:128
18:22:52.276 priority="6" "Thread-4" [INFO ] SerialPort 1714982635 sc getByte:128
18:22:52.284 priority="6" "Thread-4" [INFO ] SerialPort 1714982635 sc getByte:128
18:22:52.292 priority="6" "Thread-4" [INFO ] SerialPort 1714982635 sc getByte:128
18:22:52.300 priority="6" "Thread-4" [INFO ] SerialPort 1714982635 sc getByte:128
18:22:52.308 priority="6" "Thread-4" [INFO ] SerialPort 1714982635 sc getByte:128
18:22:52.318 priority="6" "Thread-4" [INFO ] SerialPort 1714982635 sc getByte:128
18:22:52.326 priority="6" "Thread-4" [INFO ] SerialPort 1714982635 sc getByte:128
18:22:52.336 priority="6" "Thread-4" [INFO ] SerialPort 1714982635 sc getByte:128
18:22:52.344 priority="6" "Thread-4" [INFO ] SerialPort 1714982635 sc getByte:128
18:22:52.354 priority="6" "Thread-4" [INFO ] SerialPort 1714982635 sc getByte:128
18:22:52.367 priority="6" "Thread-4" [INFO ] SerialPort 1714982635 sc getByte:128
18:22:52.376 priority="6" "Thread-4" [INFO ] SerialPort 1714982635 sc getByte:128
18:22:52.387 priority="6" "Thread-4" [INFO ] SerialPort 1714982635 sc getByte:128
18:22:52.395 priority="6" "Thread-4" [INFO ] SerialPort 1714982635 sc getByte:128
18:22:52.404 priority="6" "Thread-4" [INFO ] SerialPort 1714982635 sc getByte:128
18:22:52.413 priority="6" "Thread-4" [INFO ] SerialPort 1714982635 sc getByte:128
18:22:52.423 priority="6" "Thread-4" [INFO ] SerialPort 1714982635 sc getByte:128
18:22:52.430 priority="6" "Thread-4" [INFO ] SerialPort 1714982635 sc getByte:128
18:22:52.438 priority="6" "Thread-4" [INFO ] SerialPort 1714982635 sc getByte:128
18:22:52.448 priority="6" "Thread-4" [INFO ] SerialPort 1714982635 sc getByte:128
18:22:52.456 priority="6" "Thread-4" [INFO ] SerialPort 1714982635 sc getByte:128
18:22:52.464 priority="6" "Thread-4" [INFO ] SerialPort 1714982635 sc getByte:128
18:22:52.472 priority="6" "Thread-4" [INFO ] SerialPort 1714982635 sc getByte:128
18:22:52.481 priority="6" "Thread-4" [INFO ] SerialPort 1714982635 sc getByte:128
18:22:52.489 priority="6" "Thread-4" [INFO ] SerialPort 1714982635 sc getByte:128
18:22:52.497 priority="6" "Thread-4" [INFO ] SerialPort 1714982635 sc getByte:128
18:22:52.505 priority="6" "Thread-4" [INFO ] SerialPort 1714982635 sc getByte:128
18:22:52.513 priority="6" "Thread-4" [INFO ] SerialPort 1714982635 sc getByte:128
18:22:52.521 priority="6" "Thread-4" [INFO ] SerialPort 1714982635 sc getByte:128
18:22:52.529 priority="6" "Thread-4" [INFO ] SerialPort 1714982635 sc getByte:128
18:22:52.538 priority="6" "Thread-4" [INFO ] SerialPort 1714982635 sc getByte:128
18:22:52.546 priority="6" "Thread-4" [INFO ] SerialPort 1714982635 sc getByte:128
18:22:52.554 priority="6" "Thread-4" [INFO ] SerialPort 1714982635 sc getByte:128
18:22:52.561 priority="6" "Thread-4" [INFO ] SerialPort 1714982635 sc getByte:128
18:22:52.570 priority="6" "Thread-4" [INFO ] SerialPort 1714982635 sc getByte:128
18:22:52.578 priority="6" "Thread-4" [INFO ] SerialPort 1714982635 sc getByte:128
18:22:52.587 priority="6" "Thread-4" [INFO ] SerialPort 1714982635 sc getByte:128
18:22:52.595 priority="6" "Thread-4" [INFO ] SerialPort 1714982635 sc getByte:128
18:22:52.603 priority="6" "Thread-4" [INFO ] SerialPort 1714982635 sc getByte:128
18:22:52.610 priority="6" "Thread-4" [INFO ] SerialPort 1714982635 sc getByte:128
18:22:52.619 priority="6" "Thread-4" [INFO ] SerialPort 1714982635 sc getByte:128
18:22:52.627 priority="6" "Thread-4" [INFO ] SerialPort 1714982635 sc getByte:128
18:22:52.635 priority="6" "Thread-4" [INFO ] SerialPort 1714982635 sc getByte:128
18:22:52.644 priority="6" "Thread-4" [INFO ] SerialPort 1714982635 sc getByte:128
18:22:52.652 priority="6" "Thread-4" [INFO ] SerialPort 1714982635 sc getByte:128
18:22:52.664 priority="6" "Thread-4" [INFO ] SerialPort 1714982635 sc getByte:128
18:22:52.672 priority="6" "Thread-4" [INFO ] SerialPort 1714982635 sc getByte:128
18:22:52.683 priority="6" "Thread-4" [INFO ] SerialPort 1714982635 sc getByte:128
18:22:52.691 priority="6" "Thread-4" [INFO ] SerialPort 1714982635 sc getByte:128
18:22:52.696 priority="6" "AWT-EventQueue-0" [INFO ] pressed START
18:22:52.700 priority="6" "Thread-4" [INFO ] SerialPort 1714982635 sc getByte:128
18:22:52.710 priority="6" "Thread-4" [INFO ] SerialPort 1714982635 sc getByte:128
18:22:52.718 priority="6" "Thread-4" [INFO ] SerialPort 1714982635 sc getByte:128
18:22:52.728 priority="6" "Thread-4" [INFO ] SerialPort 1714982635 sc getByte:128
18:22:52.736 priority="6" "Thread-4" [INFO ] SerialPort 1714982635 sc getByte:128
18:22:52.745 priority="6" "Thread-4" [INFO ] SerialPort 1714982635 sc getByte:128
18:22:52.752 priority="6" "Thread-4" [INFO ] SerialPort 1714982635 sc getByte:128
18:22:52.761 priority="6" "Thread-4" [INFO ] SerialPort 1714982635 sc getByte:128
18:22:52.769 priority="6" "Thread-4" [INFO ] SerialPort 1714982635 sc getByte:128
18:22:52.777 priority="6" "Thread-4" [INFO ] SerialPort 1714982635 sc getByte:128
18:22:52.785 priority="6" "Thread-4" [INFO ] SerialPort 1714982635 sc getByte:128
18:22:52.794 priority="6" "Thread-4" [INFO ] SerialPort 1714982635 sc getByte:128
18:22:52.802 priority="6" "Thread-4" [INFO ] SerialPort 1714982635 sc getByte:128
18:22:52.810 priority="6" "Thread-4" [INFO ] SerialPort 1714982635 sc getByte:128
18:22:52.819 priority="6" "Thread-4" [INFO ] SerialPort 1714982635 sc getByte:128
18:22:52.827 priority="6" "Thread-4" [INFO ] SerialPort 1714982635 sc getByte:128
18:22:52.835 priority="6" "Thread-4" [INFO ] SerialPort 1714982635 sc getByte:128
18:22:52.844 priority="6" "Thread-4" [INFO ] SerialPort 1714982635 sc getByte:128
18:22:52.852 priority="6" "Thread-4" [INFO ] SerialPort 1714982635 sc getByte:128
18:22:52.858 priority="6" "AWT-EventQueue-0" [INFO ] pressed START
18:22:52.860 priority="6" "Thread-4" [INFO ] SerialPort 1714982635 sc getByte:128
18:22:52.870 priority="6" "Thread-4" [INFO ] SerialPort 1714982635 sc getByte:128
18:22:52.877 priority="6" "Thread-4" [INFO ] SerialPort 1714982635 sc getByte:128
18:22:52.886 priority="6" "Thread-4" [INFO ] SerialPort 1714982635 sc getByte:128
18:22:52.894 priority="6" "Thread-4" [INFO ] SerialPort 1714982635 sc getByte:128
18:22:52.902 priority="6" "Thread-4" [INFO ] SerialPort 1714982635 sc getByte:128
18:22:52.910 priority="6" "Thread-4" [INFO ] SerialPort 1714982635 sc getByte:128
18:22:52.919 priority="6" "Thread-4" [INFO ] SerialPort 1714982635 sc getByte:128
18:22:52.927 priority="6" "Thread-4" [INFO ] SerialPort 1714982635 sc getByte:128
18:22:52.936 priority="6" "Thread-4" [INFO ] SerialPort 1714982635 sc getByte:128
18:22:52.944 priority="6" "Thread-4" [INFO ] SerialPort 1714982635 sc getByte:128
18:22:52.953 priority="6" "Thread-4" [INFO ] SerialPort 1714982635 sc getByte:128
18:22:52.961 priority="6" "Thread-4" [INFO ] SerialPort 1714982635 sc getByte:128
18:22:52.969 priority="6" "Thread-4" [INFO ] SerialPort 1714982635 sc getByte:128
18:22:52.978 priority="6" "Thread-4" [INFO ] SerialPort 1714982635 sc getByte:128
18:22:52.986 priority="6" "Thread-4" [INFO ] SerialPort 1714982635 sc getByte:128
18:22:52.994 priority="6" "Thread-4" [INFO ] SerialPort 1714982635 sc getByte:128
18:22:53.002 priority="6" "Thread-4" [INFO ] SerialPort 1714982635 sc getByte:128
18:22:53.010 priority="6" "Thread-4" [INFO ] SerialPort 1714982635 sc getByte:128
18:22:53.018 priority="6" "Thread-4" [INFO ] SerialPort 1714982635 sc getByte:128
18:22:53.026 priority="6" "Thread-4" [INFO ] SerialPort 1714982635 sc getByte:128
18:22:53.035 priority="6" "Thread-4" [INFO ] SerialPort 1714982635 sc getByte:128
18:22:53.044 priority="6" "Thread-4" [INFO ] SerialPort 1714982635 sc getByte:128
18:22:53.052 priority="6" "Thread-4" [INFO ] SerialPort 1714982635 sc getByte:128
18:22:53.060 priority="6" "Thread-4" [INFO ] SerialPort 1714982635 sc getByte:128
18:22:53.073 priority="6" "Thread-4" [INFO ] SerialPort 1714982635 sc getByte:128
18:22:53.081 priority="6" "Thread-4" [INFO ] SerialPort 1714982635 sc getByte:128
18:22:53.089 priority="6" "Thread-4" [INFO ] SerialPort 1714982635 sc getByte:128
18:22:53.098 priority="6" "Thread-4" [INFO ] SerialPort 1714982635 sc getByte:128
18:22:53.106 priority="6" "Thread-4" [INFO ] SerialPort 1714982635 sc getByte:128
18:22:53.114 priority="6" "Thread-4" [INFO ] SerialPort 1714982635 sc getByte:128
18:22:53.123 priority="6" "Thread-4" [INFO ] SerialPort 1714982635 sc getByte:128
18:22:53.132 priority="6" "Thread-4" [INFO ] SerialPort 1714982635 sc getByte:128
18:22:53.140 priority="6" "Thread-4" [INFO ] SerialPort 1714982635 sc getByte:128
18:22:53.149 priority="6" "Thread-4" [INFO ] SerialPort 1714982635 sc getByte:128
18:22:53.157 priority="6" "Thread-4" [INFO ] SerialPort 1714982635 sc getByte:128
18:22:53.165 priority="6" "Thread-4" [INFO ] SerialPort 1714982635 sc getByte:128
18:22:53.174 priority="6" "Thread-4" [INFO ] SerialPort 1714982635 sc getByte:128
18:22:53.183 priority="6" "Thread-4" [INFO ] SerialPort 1714982635 sc getByte:128
18:22:53.192 priority="6" "Thread-4" [INFO ] SerialPort 1714982635 sc getByte:128
18:22:53.199 priority="6" "Thread-4" [INFO ] SerialPort 1714982635 sc getByte:128
18:22:53.209 priority="6" "Thread-4" [INFO ] SerialPort 1714982635 sc getByte:128
18:22:53.217 priority="6" "Thread-4" [INFO ] SerialPort 1714982635 sc getByte:128
18:22:53.227 priority="6" "Thread-4" [INFO ] SerialPort 1714982635 sc getByte:128
18:22:53.236 priority="6" "Thread-4" [INFO ] SerialPort 1714982635 sc getByte:128
18:22:53.245 priority="6" "Thread-4" [INFO ] SerialPort 1714982635 sc getByte:128
18:22:53.256 priority="6" "Thread-4" [INFO ] SerialPort 1714982635 sc getByte:128
18:22:53.264 priority="6" "Thread-4" [INFO ] SerialPort 1714982635 sc getByte:128
18:22:53.274 priority="6" "Thread-4" [INFO ] SerialPort 1714982635 sc getByte:128
18:22:53.283 priority="6" "Thread-4" [INFO ] SerialPort 1714982635 sc getByte:128
18:22:53.293 priority="6" "Thread-4" [INFO ] SerialPort 1714982635 sc getByte:128
18:22:53.303 priority="6" "Thread-4" [INFO ] SerialPort 1714982635 sc getByte:128
18:22:53.311 priority="6" "Thread-4" [INFO ] SerialPort 1714982635 sc getByte:128
18:22:53.321 priority="6" "Thread-4" [INFO ] SerialPort 1714982635 sc getByte:128
18:22:53.329 priority="6" "Thread-4" [INFO ] SerialPort 1714982635 sc getByte:128
18:22:53.340 priority="6" "Thread-4" [INFO ] SerialPort 1714982635 sc getByte:128
18:22:53.349 priority="6" "Thread-4" [INFO ] SerialPort 1714982635 sc getByte:128
18:22:53.357 priority="6" "Thread-4" [INFO ] SerialPort 1714982635 sc getByte:128
18:22:53.368 priority="6" "Thread-4" [INFO ] SerialPort 1714982635 sc getByte:128
18:22:53.376 priority="6" "Thread-4" [INFO ] SerialPort 1714982635 sc getByte:128
18:22:53.385 priority="6" "Thread-4" [INFO ] SerialPort 1714982635 sc getByte:128
18:22:53.393 priority="6" "Thread-4" [INFO ] SerialPort 1714982635 sc getByte:128
18:22:53.401 priority="6" "Thread-4" [INFO ] SerialPort 1714982635 sc getByte:128
18:22:53.408 priority="6" "Thread-4" [INFO ] SerialPort 1714982635 sc getByte:128
18:22:53.416 priority="6" "Thread-4" [INFO ] SerialPort 1714982635 sc getByte:128
18:22:53.424 priority="6" "Thread-4" [INFO ] SerialPort 1714982635 sc getByte:128
18:22:53.432 priority="6" "Thread-4" [INFO ] SerialPort 1714982635 sc getByte:128
18:22:53.440 priority="6" "Thread-4" [INFO ] SerialPort 1714982635 sc getByte:128
18:22:53.448 priority="6" "Thread-4" [INFO ] SerialPort 1714982635 sc getByte:128
18:22:53.455 priority="6" "Thread-4" [INFO ] SerialPort 1714982635 sc getByte:128
18:22:53.463 priority="6" "Thread-4" [INFO ] SerialPort 1714982635 sc getByte:128
18:22:53.471 priority="6" "Thread-4" [INFO ] SerialPort 1714982635 sc getByte:128
18:22:53.479 priority="6" "Thread-4" [INFO ] SerialPort 1714982635 sc getByte:128
18:22:53.488 priority="6" "Thread-4" [INFO ] SerialPort 1714982635 sc getByte:128
18:22:53.496 priority="6" "Thread-4" [INFO ] SerialPort 1714982635 sc getByte:128
18:22:53.504 priority="6" "Thread-4" [INFO ] SerialPort 1714982635 sc getByte:128
18:22:53.512 priority="6" "Thread-4" [INFO ] SerialPort 1714982635 sc getByte:128
18:22:53.520 priority="6" "Thread-4" [INFO ] SerialPort 1714982635 sc getByte:128
18:22:53.528 priority="6" "Thread-4" [INFO ] SerialPort 1714982635 sc getByte:128
18:22:53.537 priority="6" "Thread-4" [INFO ] SerialPort 1714982635 sc getByte:128
18:22:53.545 priority="6" "Thread-4" [INFO ] SerialPort 1714982635 sc getByte:128
18:22:53.554 priority="6" "Thread-4" [INFO ] SerialPort 1714982635 sc getByte:128
18:22:53.562 priority="6" "Thread-4" [INFO ] SerialPort 1714982635 sc getByte:128
18:22:53.570 priority="6" "Thread-4" [INFO ] SerialPort 1714982635 sc getByte:128
18:22:53.578 priority="6" "Thread-4" [INFO ] SerialPort 1714982635 sc getByte:128
18:22:53.587 priority="6" "Thread-4" [INFO ] SerialPort 1714982635 sc getByte:128
18:22:53.595 priority="6" "Thread-4" [INFO ] SerialPort 1714982635 sc getByte:128
18:22:53.603 priority="6" "Thread-4" [INFO ] SerialPort 1714982635 sc getByte:128
18:22:53.611 priority="6" "Thread-4" [INFO ] SerialPort 1714982635 sc getByte:128
18:22:53.619 priority="6" "Thread-4" [INFO ] SerialPort 1714982635 sc getByte:128
18:22:53.627 priority="6" "Thread-4" [INFO ] SerialPort 1714982635 sc getByte:128
18:22:53.635 priority="6" "Thread-4" [INFO ] SerialPort 1714982635 sc getByte:128
18:22:53.644 priority="6" "Thread-4" [INFO ] SerialPort 1714982635 sc getByte:128
18:22:53.652 priority="6" "Thread-4" [INFO ] SerialPort 1714982635 sc getByte:128
18:22:53.660 priority="6" "Thread-4" [INFO ] SerialPort 1714982635 sc getByte:128
18:22:53.669 priority="6" "Thread-4" [INFO ] SerialPort 1714982635 sc getByte:128
18:22:53.678 priority="6" "Thread-4" [INFO ] SerialPort 1714982635 sc getByte:128
18:22:53.686 priority="6" "Thread-4" [INFO ] SerialPort 1714982635 sc getByte:128
18:22:53.695 priority="6" "Thread-4" [INFO ] SerialPort 1714982635 sc getByte:128
18:22:53.703 priority="6" "Thread-4" [INFO ] SerialPort 1714982635 sc getByte:128
18:22:53.711 priority="6" "Thread-4" [INFO ] SerialPort 1714982635 sc getByte:128
18:22:53.720 priority="6" "Thread-4" [INFO ] SerialPort 1714982635 sc getByte:128
18:22:53.729 priority="6" "Thread-4" [INFO ] SerialPort 1714982635 sc getByte:128
18:22:53.738 priority="6" "Thread-4" [INFO ] SerialPort 1714982635 sc getByte:128
18:22:53.746 priority="6" "Thread-4" [INFO ] SerialPort 1714982635 sc getByte:128
18:22:53.754 priority="6" "Thread-4" [INFO ] SerialPort 1714982635 sc getByte:128
18:22:53.762 priority="6" "Thread-4" [INFO ] SerialPort 1714982635 sc getByte:128
18:22:53.771 priority="6" "Thread-4" [INFO ] SerialPort 1714982635 sc getByte:128
18:22:53.786 priority="6" "Thread-4" [INFO ] SerialPort 1714982635 sc getByte:128
18:22:53.794 priority="6" "Thread-4" [INFO ] SerialPort 1714982635 sc getByte:128
18:22:53.802 priority="6" "Thread-4" [INFO ] SerialPort 1714982635 sc getByte:128
18:22:53.810 priority="6" "Thread-4" [INFO ] SerialPort 1714982635 sc getByte:128
18:22:53.819 priority="6" "Thread-4" [INFO ] SerialPort 1714982635 sc getByte:128
18:22:53.827 priority="6" "Thread-4" [INFO ] SerialPort 1714982635 sc getByte:128
18:22:53.835 priority="6" "Thread-4" [INFO ] SerialPort 1714982635 sc getByte:128
18:22:53.844 priority="6" "Thread-4" [INFO ] SerialPort 1714982635 sc getByte:128
18:22:53.852 priority="6" "Thread-4" [INFO ] SerialPort 1714982635 sc getByte:128
18:22:53.861 priority="6" "Thread-4" [INFO ] SerialPort 1714982635 sc getByte:128
18:22:53.869 priority="6" "Thread-4" [INFO ] SerialPort 1714982635 sc getByte:128
18:22:53.879 priority="6" "Thread-4" [INFO ] SerialPort 1714982635 sc getByte:128
18:22:53.886 priority="6" "Thread-4" [INFO ] SerialPort 1714982635 sc getByte:128
18:22:53.895 priority="6" "Thread-4" [INFO ] SerialPort 1714982635 sc getByte:128
18:22:53.903 priority="6" "Thread-4" [INFO ] SerialPort 1714982635 sc getByte:128
18:22:53.912 priority="6" "Thread-4" [INFO ] SerialPort 1714982635 sc getByte:128
18:22:53.921 priority="6" "Thread-4" [INFO ] SerialPort 1714982635 sc getByte:128
18:22:53.929 priority="6" "Thread-4" [INFO ] SerialPort 1714982635 sc getByte:128
18:22:53.938 priority="6" "Thread-4" [INFO ] SerialPort 1714982635 sc getByte:128
18:22:53.946 priority="6" "Thread-4" [INFO ] SerialPort 1714982635 sc getByte:128
18:22:53.956 priority="6" "Thread-4" [INFO ] SerialPort 1714982635 sc getByte:128
18:22:53.964 priority="6" "Thread-4" [INFO ] SerialPort 1714982635 sc getByte:128
18:22:53.972 priority="6" "Thread-4" [INFO ] SerialPort 1714982635 sc getByte:128
18:22:53.981 priority="6" "Thread-4" [INFO ] SerialPort 1714982635 sc getByte:128
18:22:53.989 priority="6" "Thread-4" [INFO ] SerialPort 1714982635 sc getByte:128
18:22:53.999 priority="6" "Thread-4" [INFO ] SerialPort 1714982635 sc getByte:128
18:22:54.007 priority="6" "Thread-4" [INFO ] SerialPort 1714982635 sc getByte:128
18:22:54.016 priority="6" "Thread-4" [INFO ] SerialPort 1714982635 sc getByte:128
18:22:54.029 priority="6" "Thread-4" [INFO ] SerialPort 1714982635 sc getByte:128
18:22:54.037 priority="6" "Thread-4" [INFO ] SerialPort 1714982635 sc getByte:128
18:22:54.050 priority="6" "Thread-4" [INFO ] SerialPort 1714982635 sc getByte:128
18:22:54.059 priority="6" "Thread-4" [INFO ] SerialPort 1714982635 sc getByte:128
18:22:54.071 priority="6" "Thread-4" [INFO ] SerialPort 1714982635 sc getByte:128
18:22:54.079 priority="6" "Thread-4" [INFO ] SerialPort 1714982635 sc getByte:128
18:22:54.087 priority="6" "Thread-4" [INFO ] SerialPort 1714982635 sc getByte:128
18:22:54.096 priority="6" "Thread-4" [INFO ] SerialPort 1714982635 sc getByte:128
18:22:54.104 priority="6" "Thread-4" [INFO ] SerialPort 1714982635 sc getByte:128
18:22:54.112 priority="6" "Thread-4" [INFO ] SerialPort 1714982635 sc getByte:128
18:22:54.120 priority="6" "Thread-4" [INFO ] SerialPort 1714982635 sc getByte:128
18:22:54.128 priority="6" "Thread-4" [INFO ] SerialPort 1714982635 sc getByte:128
18:22:54.135 priority="6" "Thread-4" [INFO ] SerialPort 1714982635 sc getByte:128
18:22:54.144 priority="6" "Thread-4" [INFO ] SerialPort 1714982635 sc getByte:128
18:22:54.152 priority="6" "Thread-4" [INFO ] SerialPort 1714982635 sc getByte:128
18:22:54.161 priority="6" "Thread-4" [INFO ] SerialPort 1714982635 sc getByte:128
18:22:54.169 priority="6" "Thread-4" [INFO ] SerialPort 1714982635 sc getByte:128
18:22:54.178 priority="6" "Thread-4" [INFO ] SerialPort 1714982635 sc getByte:128
18:22:54.185 priority="6" "Thread-4" [INFO ] SerialPort 1714982635 sc getByte:128
18:22:54.194 priority="6" "Thread-4" [INFO ] SerialPort 1714982635 sc getByte:128
18:22:54.202 priority="6" "Thread-4" [INFO ] SerialPort 1714982635 sc getByte:128
18:22:54.211 priority="6" "Thread-4" [INFO ] SerialPort 1714982635 sc getByte:128
18:22:54.219 priority="6" "Thread-4" [INFO ] SerialPort 1714982635 sc getByte:128
18:22:54.229 priority="6" "Thread-4" [INFO ] SerialPort 1714982635 sc getByte:128
18:22:54.237 priority="6" "Thread-4" [INFO ] SerialPort 1714982635 sc getByte:128
18:22:54.246 priority="6" "Thread-4" [INFO ] SerialPort 1714982635 sc getByte:128
18:22:54.254 priority="6" "Thread-4" [INFO ] SerialPort 1714982635 sc getByte:128
18:22:54.264 priority="6" "Thread-4" [INFO ] SerialPort 1714982635 sc getByte:128
18:22:54.278 priority="6" "Thread-4" [INFO ] SerialPort 1714982635 sc getByte:128
